#
# A fatal error has been detected by the Java Runtime Environment:
#
#  SIGSEGV (0xb) at pc=0x00007fea2b6a12e1, pid=8738, tid=140643730618128
#
# JRE version: 6.0_21-b06
# Java VM: Java HotSpot(TM) 64-Bit Server VM (17.0-b16 mixed mode linux-amd64 )
# Problematic frame:
# C  [librxtxSerial.so+0x92e1]  Java_gnu_io_RXTXPort_nativeDrain+0xe1
#
# If you would like to submit a bug report, please visit:
#   http://java.sun.com/webapps/bugreport/crash.jsp
# The crash happened outside the Java Virtual Machine in native code.
# See problematic frame for where to report the bug.
#

---------------  T H R E A D  ---------------

Current thread (0x00007fea2c171800):  JavaThread "AWT-EventQueue-0" [_thread_in_native, id=8756, stack(0x00007fea2b8a7000,0x00007fea2b9a8000)]

siginfo:si_signo=SIGSEGV: si_errno=0, si_code=1 (SEGV_MAPERR), si_addr=0x000000002aea46cc

Registers:
RAX=0x000000000000001c, RBX=0x00007fea2b9a5820, RCX=0x00007fea2b6a2fc1, RDX=0x00007fea2b9a583c
RSP=0x00007fea2b9a5650, RBP=0x00007fea2c1719c8, RSI=0x00007fea2b6a2fc0, RDI=0x00007fea2b9a5820
R8 =0x0000000000000001, R9 =0x00007fea2b6a2fc1, R10=0x0000000000000000, R11=0x0000000000000000
R12=0x000000002aea46c0, R13=0x0000000000000010, R14=0x0000000000000000, R15=0x0000000000000000
RIP=0x00007fea2b6a12e1, EFL=0x0000000000010206, CSGSFS=0x0000000000000033, ERR=0x0000000000000004
  TRAPNO=0x000000000000000e

Top of Stack: (sp=0x00007fea2b9a5650)
0x00007fea2b9a5650:   00007fea2b9a5578 00007fea2b9a5930
0x00007fea2b9a5660:   00007fea2b9a5641 0000000800000002
0x00007fea2b9a5670:   00000000407fe100 00007fea2b9a56d0
0x00007fea2b9a5680:   00007fea2b9a5750 00007fea78f7e458
0x00007fea2b9a5690:   00007fea2c171800 00007fea78fa6490
0x00007fea2b9a56a0:   00007fea2b9a5857 00007fea24097188
0x00007fea2b9a56b0:   00007fea24097198 00007fea24097190
0x00007fea2b9a56c0:   00007fea0000000b 00007fea2b6a1200
0x00007fea2b9a56d0:   00007fea792df3b0 0000005000000000
0x00007fea2b9a56e0:   0000000000000020 0000000000000000
0x00007fea2b9a56f0:   0000000000000000 00000000407fe0a0
0x00007fea2b9a5700:   0000000000000020 0000000000000100
0x00007fea2b9a5710:   0000000000000000 00000000407fdf70
0x00007fea2b9a5720:   0000000000000020 00007fea24097188
0x00007fea2b9a5730:   00007fea2c171800 0000000000000003
0x00007fea2b9a5740:   00007fea2b9a5857 00000000407fe070
0x00007fea2b9a5750:   00007fea2b9a57a0 00007fea78f7e5c7
0x00007fea2b9a5760:   00007fea2c171800 0000010000000004
0x00007fea2b9a5770:   00007fea00000000 00007fea2c171800
0x00007fea2b9a5780:   00007fea2b9a5857 00007fea24097188
0x00007fea2b9a5790:   00007fea2b9a5857 00007fea2c171800
0x00007fea2b9a57a0:   00007fea2b9a57f0 00007fea78f7e963
0x00007fea2b9a57b0:   00007fea2c0c7170 00000000407fdf60
0x00007fea2b9a57c0:   00007fea792e35d0 00007fea240971c8
0x00007fea2b9a57d0:   0000000000000003 0000000000000000
0x00007fea2b9a57e0:   0000000000001428 00007fea00000009
0x00007fea2b9a57f0:   00007fea24097188 00007fea78f7ea9a
0x00007fea2b9a5800:   0000000040792450 00007fea78f830d8
0x00007fea2b9a5810:   00007fea2b9a5820 00007fea2c171800
0x00007fea2b9a5820:   74726f5058545852 29286e696172643a
0x00007fea2b9a5830:   736e727574657220 00007f000a30203a
0x00007fea2b9a5840:   00007fea2b9a5890 00007fea78d8f320 

Instructions: (pc=0x00007fea2b6a12e1)
0x00007fea2b6a12d1:   ef e8 b1 b0 ff ff 45 84 f6 75 0f 4d 85 e4 74 0a
0x00007fea2b6a12e1:   45 8b 6c 24 0c 45 85 ed 75 15 48 81 c4 28 02 00 

Stack: [0x00007fea2b8a7000,0x00007fea2b9a8000],  sp=0x00007fea2b9a5650,  free space=3f90000000000000018k
Native frames: (J=compiled Java code, j=interpreted, Vv=VM code, C=native code)
C  [librxtxSerial.so+0x92e1]  Java_gnu_io_RXTXPort_nativeDrain+0xe1

Java frames: (J=compiled Java code, j=interpreted, Vv=VM code)
j  gnu.io.RXTXPort.nativeDrain(Z)Z+0
j  gnu.io.RXTXPort$SerialOutputStream.flush()V+72
j  chronos.Connection.send(I[I)V+63
j  chronos.Connection.getData()V+6
j  chronos.Controller.sync()V+18
j  chronos.gui.MainFrame.syncButtonActionPerformed(Ljava/awt/event/ActionEvent;)V+3
j  chronos.gui.MainFrame.access$100(Lchronos/gui/MainFrame;Ljava/awt/event/ActionEvent;)V+2
j  chronos.gui.MainFrame$2.actionPerformed(Ljava/awt/event/ActionEvent;)V+5
j  javax.swing.AbstractButton.fireActionPerformed(Ljava/awt/event/ActionEvent;)V+84
j  javax.swing.AbstractButton$Handler.actionPerformed(Ljava/awt/event/ActionEvent;)V+5
j  javax.swing.DefaultButtonModel.fireActionPerformed(Ljava/awt/event/ActionEvent;)V+35
j  javax.swing.DefaultButtonModel.setPressed(Z)V+117
j  javax.swing.plaf.basic.BasicButtonListener.mouseReleased(Ljava/awt/event/MouseEvent;)V+35
j  java.awt.Component.processMouseEvent(Ljava/awt/event/MouseEvent;)V+64
j  javax.swing.JComponent.processMouseEvent(Ljava/awt/event/MouseEvent;)V+23
j  java.awt.Component.processEvent(Ljava/awt/AWTEvent;)V+81
j  java.awt.Container.processEvent(Ljava/awt/AWTEvent;)V+18
j  java.awt.Component.dispatchEventImpl(Ljava/awt/AWTEvent;)V+566
j  java.awt.Container.dispatchEventImpl(Ljava/awt/AWTEvent;)V+42
j  java.awt.Component.dispatchEvent(Ljava/awt/AWTEvent;)V+2
j  java.awt.LightweightDispatcher.retargetMouseEvent(Ljava/awt/Component;ILjava/awt/event/MouseEvent;)V+320
j  java.awt.LightweightDispatcher.processMouseEvent(Ljava/awt/event/MouseEvent;)Z+139
j  java.awt.LightweightDispatcher.dispatchEvent(Ljava/awt/AWTEvent;)Z+50
j  java.awt.Container.dispatchEventImpl(Ljava/awt/AWTEvent;)V+12
j  java.awt.Window.dispatchEventImpl(Ljava/awt/AWTEvent;)V+19
j  java.awt.Component.dispatchEvent(Ljava/awt/AWTEvent;)V+2
j  java.awt.EventQueue.dispatchEvent(Ljava/awt/AWTEvent;)V+46
j  java.awt.EventDispatchThread.pumpOneEventForFilters(I)Z+204
j  java.awt.EventDispatchThread.pumpEventsForFilter(ILjava/awt/Conditional;Ljava/awt/EventFilter;)V+30
j  java.awt.EventDispatchThread.pumpEventsForHierarchy(ILjava/awt/Conditional;Ljava/awt/Component;)V+11
j  java.awt.EventDispatchThread.pumpEvents(ILjava/awt/Conditional;)V+4
j  java.awt.EventDispatchThread.pumpEvents(Ljava/awt/Conditional;)V+3
j  java.awt.EventDispatchThread.run()V+9
v  ~StubRoutines::call_stub

---------------  P R O C E S S  ---------------

Java Threads: ( => current thread )
  0x0000000040a9b800 JavaThread "Thread-1" [_thread_in_native, id=8765, stack(0x00007fea2ada5000,0x00007fea2aea6000)]
  0x0000000040b1f000 JavaThread "TimerQueue" daemon [_thread_blocked, id=8758, stack(0x00007fea2aea6000,0x00007fea2afa7000)]
  0x00007fea2c172800 JavaThread "DestroyJavaVM" [_thread_blocked, id=8741, stack(0x00007fea7862a000,0x00007fea7872b000)]
=>0x00007fea2c171800 JavaThread "AWT-EventQueue-0" [_thread_in_native, id=8756, stack(0x00007fea2b8a7000,0x00007fea2b9a8000)]
  0x00007fea2c170000 JavaThread "AWT-Shutdown" [_thread_blocked, id=8755, stack(0x00007fea2bbf8000,0x00007fea2bcf9000)]
  0x00007fea2c16f800 JavaThread "AWT-XAWT" daemon [_thread_in_native, id=8754, stack(0x00007fea2bcf9000,0x00007fea2bdfa000)]
  0x00007fea2c0b0800 JavaThread "Java2D Disposer" daemon [_thread_blocked, id=8753, stack(0x00007fea304af000,0x00007fea305b0000)]
  0x00007fea2c027800 JavaThread "Low Memory Detector" daemon [_thread_blocked, id=8751, stack(0x00007fea31b33000,0x00007fea31c34000)]
  0x00007fea2c025000 JavaThread "CompilerThread1" daemon [_thread_blocked, id=8750, stack(0x00007fea31c34000,0x00007fea31d35000)]
  0x00007fea2c022000 JavaThread "CompilerThread0" daemon [_thread_blocked, id=8749, stack(0x00007fea31d35000,0x00007fea31e36000)]
  0x00007fea2c01f800 JavaThread "Signal Dispatcher" daemon [_thread_blocked, id=8748, stack(0x00007fea31e36000,0x00007fea31f37000)]
  0x00007fea2c001000 JavaThread "Finalizer" daemon [_thread_blocked, id=8747, stack(0x00007fea3220c000,0x00007fea3230d000)]
  0x00000000407f3800 JavaThread "Reference Handler" daemon [_thread_blocked, id=8746, stack(0x00007fea3230d000,0x00007fea3240e000)]

Other Threads:
  0x00000000407ef000 VMThread [stack: 0x00007fea3240e000,0x00007fea3250f000] [id=8745]
  0x00007fea2c032000 WatcherThread [stack: 0x00007fea31a32000,0x00007fea31b33000] [id=8752]

VM state:not at safepoint (normal execution)

VM Mutex/Monitor currently owned by a thread: None

Heap
 PSYoungGen      total 17984K, used 11187K [0x00007fea60630000, 0x00007fea61a40000, 0x00007fea74780000)
  eden space 15424K, 72% used [0x00007fea60630000,0x00007fea6111ce80,0x00007fea61540000)
  from space 2560K, 0% used [0x00007fea617c0000,0x00007fea617c0000,0x00007fea61a40000)
  to   space 2560K, 0% used [0x00007fea61540000,0x00007fea61540000,0x00007fea617c0000)
 PSOldGen        total 41152K, used 0K [0x00007fea38380000, 0x00007fea3abb0000, 0x00007fea60630000)
  object space 41152K, 0% used [0x00007fea38380000,0x00007fea38380000,0x00007fea3abb0000)
 PSPermGen       total 21248K, used 16591K [0x00007fea32f80000, 0x00007fea34440000, 0x00007fea38380000)
  object space 21248K, 78% used [0x00007fea32f80000,0x00007fea33fb3ef8,0x00007fea34440000)

Dynamic libraries:
40000000-40009000 r-xp 00000000 fc:00 2126858                            /opt/sun-jdk-1.6.0.21/bin/java
40108000-4010a000 rwxp 00008000 fc:00 2126858                            /opt/sun-jdk-1.6.0.21/bin/java
4078d000-40b9a000 rwxp 00000000 00:00 0                                  [heap]
7fea24000000-7fea242e6000 rwxp 00000000 00:00 0 
7fea242e6000-7fea28000000 ---p 00000000 00:00 0 
7fea2ada5000-7fea2ada8000 ---p 00000000 00:00 0 
7fea2ada8000-7fea2aea6000 rwxp 00000000 00:00 0 
7fea2aea6000-7fea2aea9000 ---p 00000000 00:00 0 
7fea2aea9000-7fea2afa7000 rwxp 00000000 00:00 0 
7fea2afa7000-7fea2b378000 rwxs 00000000 00:04 1088552974                 /SYSV00000000 (deleted)
7fea2b378000-7fea2b37f000 r-xp 00000000 fc:00 2126917                    /opt/sun-jdk-1.6.0.21/jre/lib/amd64/libnio.so
7fea2b37f000-7fea2b47e000 ---p 00007000 fc:00 2126917                    /opt/sun-jdk-1.6.0.21/jre/lib/amd64/libnio.so
7fea2b47e000-7fea2b480000 rwxp 00006000 fc:00 2126917                    /opt/sun-jdk-1.6.0.21/jre/lib/amd64/libnio.so
7fea2b480000-7fea2b493000 r-xp 00000000 fc:00 2126928                    /opt/sun-jdk-1.6.0.21/jre/lib/amd64/libnet.so
7fea2b493000-7fea2b594000 ---p 00013000 fc:00 2126928                    /opt/sun-jdk-1.6.0.21/jre/lib/amd64/libnet.so
7fea2b594000-7fea2b597000 rwxp 00014000 fc:00 2126928                    /opt/sun-jdk-1.6.0.21/jre/lib/amd64/libnet.so
7fea2b597000-7fea2b59a000 ---p 00000000 00:00 0 
7fea2b59a000-7fea2b698000 rwxp 00000000 00:00 0 
7fea2b698000-7fea2b6a6000 r-xp 00000000 fc:00 1894124                    /usr/lib64/rxtx-2/librxtxSerial-2.1-7.so
7fea2b6a6000-7fea2b8a5000 ---p 0000e000 fc:00 1894124                    /usr/lib64/rxtx-2/librxtxSerial-2.1-7.so
7fea2b8a5000-7fea2b8a6000 r-xp 0000d000 fc:00 1894124                    /usr/lib64/rxtx-2/librxtxSerial-2.1-7.so
7fea2b8a6000-7fea2b8a7000 rwxp 0000e000 fc:00 1894124                    /usr/lib64/rxtx-2/librxtxSerial-2.1-7.so
7fea2b8a7000-7fea2b8aa000 ---p 00000000 00:00 0 
7fea2b8aa000-7fea2b9a8000 rwxp 00000000 00:00 0                          [threadstack:000fcff0]
7fea2b9a8000-7fea2b9b1000 r-xs 00000000 fc:00 1964158                    /var/cache/fontconfig/87f5e051180a7a75f16eb6fe7dbd3749-le64.cache-3
7fea2b9b1000-7fea2b9b4000 r-xs 00000000 fc:00 1968492                    /var/cache/fontconfig/f55bbeb01d684dc5b5f7b2c347cc42d9-le64.cache-3
7fea2b9b4000-7fea2b9b7000 r-xs 00000000 fc:00 1968480                    /var/cache/fontconfig/76fa4b957c916922374347f144bde9da-le64.cache-3
7fea2b9b7000-7fea2b9bf000 r-xs 00000000 fc:00 1968387                    /var/cache/fontconfig/4460665c0f3e88acdd4c85aa2f409b99-le64.cache-3
7fea2b9bf000-7fea2b9d5000 r-xs 00000000 fc:00 1968386                    /var/cache/fontconfig/8d4af663993b81a124ee82e610bb31f9-le64.cache-3
7fea2b9d5000-7fea2bad0000 r-xs 00000000 fc:00 1968337                    /var/cache/fontconfig/dddecb0375fed72f4397ef3beff8ac7b-le64.cache-3
7fea2bad0000-7fea2bae2000 r-xs 00000000 fc:00 1968312                    /var/cache/fontconfig/221fd1126b80b777db535aea535e87ba-le64.cache-3
7fea2bae2000-7fea2bb3f000 r-xs 00000000 fc:00 1967229                    /var/cache/fontconfig/17090aa38d5c6f09fb8c5c354938f1d7-le64.cache-3
7fea2bbf8000-7fea2bbfb000 ---p 00000000 00:00 0 
7fea2bbfb000-7fea2bcf9000 rwxp 00000000 00:00 0 
7fea2bcf9000-7fea2bcfc000 ---p 00000000 00:00 0 
7fea2bcfc000-7fea2bdfa000 rwxp 00000000 00:00 0 
7fea2bdfa000-7fea2bdff000 r-xp 00000000 fc:00 20885                      /usr/lib64/libXfixes.so.3.1.0
7fea2bdff000-7fea2bffe000 ---p 00005000 fc:00 20885                      /usr/lib64/libXfixes.so.3.1.0
7fea2bffe000-7fea2bfff000 r-xp 00004000 fc:00 20885                      /usr/lib64/libXfixes.so.3.1.0
7fea2bfff000-7fea2c000000 rwxp 00005000 fc:00 20885                      /usr/lib64/libXfixes.so.3.1.0
7fea2c000000-7fea2c18c000 rwxp 00000000 00:00 0 
7fea2c18c000-7fea30000000 ---p 00000000 00:00 0 
7fea30003000-7fea30006000 r-xs 00000000 fc:00 1968336                    /var/cache/fontconfig/cfde08ab28ad1d91784abb10973575e3-le64.cache-3
7fea30006000-7fea30063000 r-xs 00000000 fc:00 1967227                    /var/cache/fontconfig/df311e82a1a24c41a75c2c930223552e-le64.cache-3
7fea30075000-7fea3007e000 r-xp 00000000 fc:00 20901                      /usr/lib64/libXrender.so.1.3.0
7fea3007e000-7fea3027e000 ---p 00009000 fc:00 20901                      /usr/lib64/libXrender.so.1.3.0
7fea3027e000-7fea3027f000 r-xp 00009000 fc:00 20901                      /usr/lib64/libXrender.so.1.3.0
7fea3027f000-7fea30280000 rwxp 0000a000 fc:00 20901                      /usr/lib64/libXrender.so.1.3.0
7fea30280000-7fea3028a000 r-xp 00000000 fc:00 2118390                    /usr/lib64/libXcursor.so.1.0.2
7fea3028a000-7fea30489000 ---p 0000a000 fc:00 2118390                    /usr/lib64/libXcursor.so.1.0.2
7fea30489000-7fea3048a000 r-xp 00009000 fc:00 2118390                    /usr/lib64/libXcursor.so.1.0.2
7fea3048a000-7fea3048b000 rwxp 0000a000 fc:00 2118390                    /usr/lib64/libXcursor.so.1.0.2
7fea304a7000-7fea304af000 r-xs 00115000 fc:00 2126998                    /opt/sun-jdk-1.6.0.21/jre/lib/resources.jar
7fea304af000-7fea304b2000 ---p 00000000 00:00 0 
7fea304b2000-7fea305b0000 rwxp 00000000 00:00 0 
7fea305b0000-7fea3062e000 r-xp 00000000 fc:00 2126915                    /opt/sun-jdk-1.6.0.21/jre/lib/amd64/libfontmanager.so
7fea3062e000-7fea3072d000 ---p 0007e000 fc:00 2126915                    /opt/sun-jdk-1.6.0.21/jre/lib/amd64/libfontmanager.so
7fea3072d000-7fea30743000 rwxp 0007d000 fc:00 2126915                    /opt/sun-jdk-1.6.0.21/jre/lib/amd64/libfontmanager.so
7fea30743000-7fea30754000 rwxp 00000000 00:00 0 
7fea30754000-7fea30759000 r-xp 00000000 fc:00 2116044                    /usr/lib64/libXdmcp.so.6.0.0
7fea30759000-7fea30958000 ---p 00005000 fc:00 2116044                    /usr/lib64/libXdmcp.so.6.0.0
7fea30958000-7fea30959000 r-xp 00004000 fc:00 2116044                    /usr/lib64/libXdmcp.so.6.0.0
7fea30959000-7fea3095a000 rwxp 00005000 fc:00 2116044                    /usr/lib64/libXdmcp.so.6.0.0
7fea3095a000-7fea3095c000 r-xp 00000000 fc:00 2115664                    /usr/lib64/libXau.so.6.0.0
7fea3095c000-7fea30b5c000 ---p 00002000 fc:00 2115664                    /usr/lib64/libXau.so.6.0.0
7fea30b5c000-7fea30b5d000 r-xp 00002000 fc:00 2115664                    /usr/lib64/libXau.so.6.0.0
7fea30b5d000-7fea30b5e000 rwxp 00003000 fc:00 2115664                    /usr/lib64/libXau.so.6.0.0
7fea30b5e000-7fea30b7b000 r-xp 00000000 fc:00 1976861                    /usr/lib64/libxcb.so.1.1.0
7fea30b7b000-7fea30d7a000 ---p 0001d000 fc:00 1976861                    /usr/lib64/libxcb.so.1.1.0
7fea30d7a000-7fea30d7b000 r-xp 0001c000 fc:00 1976861                    /usr/lib64/libxcb.so.1.1.0
7fea30d7b000-7fea30d7c000 rwxp 0001d000 fc:00 1976861                    /usr/lib64/libxcb.so.1.1.0
7fea30d7c000-7fea30d8b000 r-xp 00000000 fc:00 2181465                    /usr/lib64/libXi.so.6.1.0
7fea30d8b000-7fea30f8a000 ---p 0000f000 fc:00 2181465                    /usr/lib64/libXi.so.6.1.0
7fea30f8a000-7fea30f8b000 r-xp 0000e000 fc:00 2181465                    /usr/lib64/libXi.so.6.1.0
7fea30f8b000-7fea30f8c000 rwxp 0000f000 fc:00 2181465                    /usr/lib64/libXi.so.6.1.0
7fea30f8c000-7fea30f91000 r-xp 00000000 fc:00 2120114                    /usr/lib64/libXtst.so.6.1.0
7fea30f91000-7fea31191000 ---p 00005000 fc:00 2120114                    /usr/lib64/libXtst.so.6.1.0
7fea31191000-7fea31192000 r-xp 00005000 fc:00 2120114                    /usr/lib64/libXtst.so.6.1.0
7fea31192000-7fea31193000 rwxp 00006000 fc:00 2120114                    /usr/lib64/libXtst.so.6.1.0
7fea31193000-7fea312ca000 r-xp 00000000 fc:00 598486                     /usr/lib64/libX11.so.6.3.0
7fea312ca000-7fea314ca000 ---p 00137000 fc:00 598486                     /usr/lib64/libX11.so.6.3.0
7fea314ca000-7fea314cb000 r-xp 00137000 fc:00 598486                     /usr/lib64/libX11.so.6.3.0
7fea314cb000-7fea314d0000 rwxp 00138000 fc:00 598486                     /usr/lib64/libX11.so.6.3.0
7fea314d0000-7fea314e1000 r-xp 00000000 fc:00 2117703                    /usr/lib64/libXext.so.6.4.0
7fea314e1000-7fea316e1000 ---p 00011000 fc:00 2117703                    /usr/lib64/libXext.so.6.4.0
7fea316e1000-7fea316e2000 r-xp 00011000 fc:00 2117703                    /usr/lib64/libXext.so.6.4.0
7fea316e2000-7fea316e3000 rwxp 00012000 fc:00 2117703                    /usr/lib64/libXext.so.6.4.0
7fea316e5000-7fea316ee000 r-xs 00000000 fc:00 1968055                    /var/cache/fontconfig/12b26b760a24f8b4feb03ad48a333a72-le64.cache-3
7fea316ee000-7fea31707000 r-xs 00000000 fc:00 1968031                    /var/cache/fontconfig/4b5cf4386f1cde02a336ba961b4ac82d-le64.cache-3
7fea31707000-7fea31749000 r-xp 00000000 fc:00 2126954                    /opt/sun-jdk-1.6.0.21/jre/lib/amd64/xawt/libmawt.so
7fea31749000-7fea31848000 ---p 00042000 fc:00 2126954                    /opt/sun-jdk-1.6.0.21/jre/lib/amd64/xawt/libmawt.so
7fea31848000-7fea31853000 rwxp 00041000 fc:00 2126954                    /opt/sun-jdk-1.6.0.21/jre/lib/amd64/xawt/libmawt.so
7fea31853000-7fea31855000 rwxp 00000000 00:00 0 
7fea31855000-7fea318e7000 r-xp 00000000 fc:00 2126966                    /opt/sun-jdk-1.6.0.21/jre/lib/amd64/libawt.so
7fea318e7000-7fea319e6000 ---p 00092000 fc:00 2126966                    /opt/sun-jdk-1.6.0.21/jre/lib/amd64/libawt.so
7fea319e6000-7fea319ff000 rwxp 00091000 fc:00 2126966                    /opt/sun-jdk-1.6.0.21/jre/lib/amd64/libawt.so
7fea319ff000-7fea31a24000 rwxp 00000000 00:00 0 
7fea31a24000-7fea31a25000 r-xs 0000f000 fc:00 809074                     /home/dustin/chronos-clock/gui/libs/UmlGraph-5.3.jar
7fea31a25000-7fea31a29000 r-xs 0001f000 fc:00 815326                     /home/dustin/chronos-clock/gui/libs/jCharts-0.7.5.jar
7fea31a29000-7fea31a30000 r-xs 00094000 fc:00 815325                     /home/dustin/chronos-clock/gui/libs/beansbinding-1.2.1.jar
7fea31a30000-7fea31a32000 r-xs 0000d000 fc:00 1894115                    /usr/share/rxtx-2/lib/RXTXcomm.jar
7fea31a32000-7fea31a33000 ---p 00000000 00:00 0 
7fea31a33000-7fea31b33000 rwxp 00000000 00:00 0 
7fea31b33000-7fea31b36000 ---p 00000000 00:00 0 
7fea31b36000-7fea31c34000 rwxp 00000000 00:00 0 
7fea31c34000-7fea31c37000 ---p 00000000 00:00 0 
7fea31c37000-7fea31d35000 rwxp 00000000 00:00 0 
7fea31d35000-7fea31d38000 ---p 00000000 00:00 0 
7fea31d38000-7fea31e36000 rwxp 00000000 00:00 0 
7fea31e36000-7fea31e39000 ---p 00000000 00:00 0 
7fea31e39000-7fea31f37000 rwxp 00000000 00:00 0 
7fea31f37000-7fea3220c000 r-xp 00000000 fc:00 269829                     /usr/lib64/locale/locale-archive
7fea3220c000-7fea3220f000 ---p 00000000 00:00 0 
7fea3220f000-7fea3230d000 rwxp 00000000 00:00 0 
7fea3230d000-7fea32310000 ---p 00000000 00:00 0 
7fea32310000-7fea3240e000 rwxp 00000000 00:00 0 
7fea3240e000-7fea3240f000 ---p 00000000 00:00 0 
7fea3240f000-7fea32846000 rwxp 00000000 00:00 0 
7fea32846000-7fea329dd000 r-xs 03014000 fc:00 2126975                    /opt/sun-jdk-1.6.0.21/jre/lib/rt.jar
7fea329dd000-7fea32a05000 rwxp 00000000 00:00 0 
7fea32a05000-7fea32a06000 ---p 00000000 00:00 0 
7fea32a06000-7fea32b06000 rwxp 00000000 00:00 0 
7fea32b06000-7fea32b07000 ---p 00000000 00:00 0 
7fea32b07000-7fea32c12000 rwxp 00000000 00:00 0 
7fea32c12000-7fea32c31000 rwxp 00000000 00:00 0 
7fea32c31000-7fea32c46000 rwxp 00000000 00:00 0 
7fea32c46000-7fea32d73000 rwxp 00000000 00:00 0 
7fea32d73000-7fea32d7e000 rwxp 00000000 00:00 0 
7fea32d7e000-7fea32d9d000 rwxp 00000000 00:00 0 
7fea32d9d000-7fea32db2000 rwxp 00000000 00:00 0 
7fea32db2000-7fea32ede000 rwxp 00000000 00:00 0 
7fea32ede000-7fea32ee9000 rwxp 00000000 00:00 0 
7fea32ee9000-7fea32f7f000 rwxp 00000000 00:00 0 
7fea32f7f000-7fea34440000 rwxp 00000000 00:00 0 
7fea34440000-7fea38380000 rwxp 00000000 00:00 0 
7fea38380000-7fea3abb0000 rwxp 00000000 00:00 0 
7fea3abb0000-7fea60630000 rwxp 00000000 00:00 0 
7fea60630000-7fea61a40000 rwxp 00000000 00:00 0 
7fea61a40000-7fea74780000 rwxp 00000000 00:00 0 
7fea74782000-7fea7478c000 r-xs 00000000 fc:00 1962731                    /var/cache/fontconfig/0ab7af1fb3bdf18d804b641fb2a04792-le64.cache-3
7fea7478c000-7fea749fc000 rwxp 00000000 00:00 0 
7fea749fc000-7fea7778c000 rwxp 00000000 00:00 0 
7fea7778c000-7fea7779a000 r-xp 00000000 fc:00 2126936                    /opt/sun-jdk-1.6.0.21/jre/lib/amd64/libzip.so
7fea7779a000-7fea7789c000 ---p 0000e000 fc:00 2126936                    /opt/sun-jdk-1.6.0.21/jre/lib/amd64/libzip.so
7fea7789c000-7fea7789f000 rwxp 00010000 fc:00 2126936                    /opt/sun-jdk-1.6.0.21/jre/lib/amd64/libzip.so
7fea7789f000-7fea778a0000 rwxp 00000000 00:00 0 
7fea778a0000-7fea778ab000 r-xp 00000000 fc:00 608267                     /lib64/libnss_files-2.12.1.so
7fea778ab000-7fea77aab000 ---p 0000b000 fc:00 608267                     /lib64/libnss_files-2.12.1.so
7fea77aab000-7fea77aac000 r-xp 0000b000 fc:00 608267                     /lib64/libnss_files-2.12.1.so
7fea77aac000-7fea77aad000 rwxp 0000c000 fc:00 608267                     /lib64/libnss_files-2.12.1.so
7fea77aad000-7fea77ab7000 r-xp 00000000 fc:00 608377                     /lib64/libnss_nis-2.12.1.so
7fea77ab7000-7fea77cb6000 ---p 0000a000 fc:00 608377                     /lib64/libnss_nis-2.12.1.so
7fea77cb6000-7fea77cb7000 r-xp 00009000 fc:00 608377                     /lib64/libnss_nis-2.12.1.so
7fea77cb7000-7fea77cb8000 rwxp 0000a000 fc:00 608377                     /lib64/libnss_nis-2.12.1.so
7fea77cb8000-7fea77cbf000 r-xp 00000000 fc:00 608421                     /lib64/libnss_compat-2.12.1.so
7fea77cbf000-7fea77ebe000 ---p 00007000 fc:00 608421                     /lib64/libnss_compat-2.12.1.so
7fea77ebe000-7fea77ebf000 r-xp 00006000 fc:00 608421                     /lib64/libnss_compat-2.12.1.so
7fea77ebf000-7fea77ec0000 rwxp 00007000 fc:00 608421                     /lib64/libnss_compat-2.12.1.so
7fea77ec0000-7fea77ec7000 r-xp 00000000 fc:00 2126944                    /opt/sun-jdk-1.6.0.21/jre/lib/amd64/native_threads/libhpi.so
7fea77ec7000-7fea77fc8000 ---p 00007000 fc:00 2126944                    /opt/sun-jdk-1.6.0.21/jre/lib/amd64/native_threads/libhpi.so
7fea77fc8000-7fea77fca000 rwxp 00008000 fc:00 2126944                    /opt/sun-jdk-1.6.0.21/jre/lib/amd64/native_threads/libhpi.so
7fea77fca000-7fea77fcb000 rwxp 00000000 00:00 0 
7fea77fcb000-7fea77fe0000 r-xp 00000000 fc:00 605566                     /lib64/libnsl-2.12.1.so
7fea77fe0000-7fea781df000 ---p 00015000 fc:00 605566                     /lib64/libnsl-2.12.1.so
7fea781df000-7fea781e0000 r-xp 00014000 fc:00 605566                     /lib64/libnsl-2.12.1.so
7fea781e0000-7fea781e1000 rwxp 00015000 fc:00 605566                     /lib64/libnsl-2.12.1.so
7fea781e1000-7fea781e3000 rwxp 00000000 00:00 0 
7fea781e3000-7fea7820b000 r-xp 00000000 fc:00 2126938                    /opt/sun-jdk-1.6.0.21/jre/lib/amd64/libjava.so
7fea7820b000-7fea7830b000 ---p 00028000 fc:00 2126938                    /opt/sun-jdk-1.6.0.21/jre/lib/amd64/libjava.so
7fea7830b000-7fea78312000 rwxp 00028000 fc:00 2126938                    /opt/sun-jdk-1.6.0.21/jre/lib/amd64/libjava.so
7fea78312000-7fea7831f000 r-xp 00000000 fc:00 2126951                    /opt/sun-jdk-1.6.0.21/jre/lib/amd64/libverify.so
7fea7831f000-7fea7841e000 ---p 0000d000 fc:00 2126951                    /opt/sun-jdk-1.6.0.21/jre/lib/amd64/libverify.so
7fea7841e000-7fea78421000 rwxp 0000c000 fc:00 2126951                    /opt/sun-jdk-1.6.0.21/jre/lib/amd64/libverify.so
7fea78421000-7fea78429000 r-xp 00000000 fc:00 608417                     /lib64/librt-2.12.1.so
7fea78429000-7fea78628000 ---p 00008000 fc:00 608417                     /lib64/librt-2.12.1.so
7fea78628000-7fea78629000 r-xp 00007000 fc:00 608417                     /lib64/librt-2.12.1.so
7fea78629000-7fea7862a000 rwxp 00008000 fc:00 608417                     /lib64/librt-2.12.1.so
7fea7862a000-7fea7862d000 ---p 00000000 00:00 0 
7fea7862d000-7fea7872b000 rwxp 00000000 00:00 0 
7fea7872b000-7fea787ab000 r-xp 00000000 fc:00 605498                     /lib64/libm-2.12.1.so
7fea787ab000-7fea789aa000 ---p 00080000 fc:00 605498                     /lib64/libm-2.12.1.so
7fea789aa000-7fea789ab000 r-xp 0007f000 fc:00 605498                     /lib64/libm-2.12.1.so
7fea789ab000-7fea789ac000 rwxp 00080000 fc:00 605498                     /lib64/libm-2.12.1.so
7fea789ac000-7fea79186000 r-xp 00000000 fc:00 2126923                    /opt/sun-jdk-1.6.0.21/jre/lib/amd64/server/libjvm.so
7fea79186000-7fea79288000 ---p 007da000 fc:00 2126923                    /opt/sun-jdk-1.6.0.21/jre/lib/amd64/server/libjvm.so
7fea79288000-7fea79419000 rwxp 007dc000 fc:00 2126923                    /opt/sun-jdk-1.6.0.21/jre/lib/amd64/server/libjvm.so
7fea79419000-7fea79454000 rwxp 00000000 00:00 0 
7fea79454000-7fea795b0000 r-xp 00000000 fc:00 608320                     /lib64/libc-2.12.1.so
7fea795b0000-7fea797b0000 ---p 0015c000 fc:00 608320                     /lib64/libc-2.12.1.so
7fea797b0000-7fea797b4000 r-xp 0015c000 fc:00 608320                     /lib64/libc-2.12.1.so
7fea797b4000-7fea797b5000 rwxp 00160000 fc:00 608320                     /lib64/libc-2.12.1.so
7fea797b5000-7fea797ba000 rwxp 00000000 00:00 0 
7fea797ba000-7fea797bc000 r-xp 00000000 fc:00 608648                     /lib64/libdl-2.12.1.so
7fea797bc000-7fea799bc000 ---p 00002000 fc:00 608648                     /lib64/libdl-2.12.1.so
7fea799bc000-7fea799bd000 r-xp 00002000 fc:00 608648                     /lib64/libdl-2.12.1.so
7fea799bd000-7fea799be000 rwxp 00003000 fc:00 608648                     /lib64/libdl-2.12.1.so
7fea799be000-7fea799d5000 r-xp 00000000 fc:00 608286                     /lib64/libpthread-2.12.1.so
7fea799d5000-7fea79bd5000 ---p 00017000 fc:00 608286                     /lib64/libpthread-2.12.1.so
7fea79bd5000-7fea79bd6000 r-xp 00017000 fc:00 608286                     /lib64/libpthread-2.12.1.so
7fea79bd6000-7fea79bd7000 rwxp 00018000 fc:00 608286                     /lib64/libpthread-2.12.1.so
7fea79bd7000-7fea79bdb000 rwxp 00000000 00:00 0 
7fea79bdb000-7fea79bf9000 r-xp 00000000 fc:00 608530                     /lib64/ld-2.12.1.so
7fea79bfa000-7fea79bfb000 rwxp 00000000 00:00 0 
7fea79bfb000-7fea79c00000 r-xs 00000000 fc:00 1968329                    /var/cache/fontconfig/a336a40326b5f097d6a660e43ed65741-le64.cache-3
7fea79c00000-7fea79c05000 r-xs 00000000 fc:00 1968030                    /var/cache/fontconfig/374b958dfa195bf54eaa9332f068d728-le64.cache-3
7fea79c05000-7fea79c0f000 rwxp 00000000 00:00 0 
7fea79c0f000-7fea79cc5000 rwxp 00000000 00:00 0 
7fea79cc5000-7fea79cc8000 rwxp 00000000 00:00 0 
7fea79cc8000-7fea79ccf000 r-xp 00000000 fc:00 2126933                    /opt/sun-jdk-1.6.0.21/jre/lib/amd64/jli/libjli.so
7fea79ccf000-7fea79dd0000 ---p 00007000 fc:00 2126933                    /opt/sun-jdk-1.6.0.21/jre/lib/amd64/jli/libjli.so
7fea79dd0000-7fea79dd2000 rwxp 00008000 fc:00 2126933                    /opt/sun-jdk-1.6.0.21/jre/lib/amd64/jli/libjli.so
7fea79dd2000-7fea79dd3000 rwxp 00000000 00:00 0 
7fea79dd3000-7fea79dd7000 r-xs 00000000 fc:00 1968334                    /var/cache/fontconfig/a595ca43be94766bbfe429f07fba82d0-le64.cache-3
7fea79dd7000-7fea79ddb000 r-xs 00000000 fc:00 1968029                    /var/cache/fontconfig/32131d65b812eea3c64a5be9e545fb09-le64.cache-3
7fea79ddb000-7fea79de2000 r-xs 00000000 fc:00 1967995                    /var/cache/fontconfig/d62e99ef547d1d24cdb1bd22ec1a2976-le64.cache-3
7fea79de2000-7fea79de6000 r-xs 00000000 fc:00 1964292                    /var/cache/fontconfig/f6b893a7224233d96cb72fd88691c0b4-le64.cache-3
7fea79de6000-7fea79ded000 r-xs 00000000 fc:00 1967966                    /var/cache/fontconfig/f349e9996a5320f6dd491cedd2b1f964-le64.cache-3
7fea79ded000-7fea79df5000 rwxs 00000000 fc:00 686364                     /tmp/hsperfdata_dustin/8738
7fea79df5000-7fea79df6000 rwxp 00000000 00:00 0 
7fea79df6000-7fea79df7000 r-xp 00000000 00:00 0 
7fea79df7000-7fea79df8000 rwxp 00000000 00:00 0 
7fea79df8000-7fea79df9000 r-xp 0001d000 fc:00 608530                     /lib64/ld-2.12.1.so
7fea79df9000-7fea79dfa000 rwxp 0001e000 fc:00 608530                     /lib64/ld-2.12.1.so
7fea79dfa000-7fea79dfb000 rwxp 00000000 00:00 0 
7fff9031f000-7fff90334000 rwxp 00000000 00:00 0                          [stack]
7fff9037e000-7fff9037f000 r-xp 00000000 00:00 0                          [vdso]
ffffffffff600000-ffffffffff601000 r-xp 00000000 00:00 0                  [vsyscall]

VM Arguments:
jvm_args: -Dfile.encoding=UTF-8 
java_command: chronos.Main
Launcher Type: SUN_STANDARD

Environment Variables:
JAVA_HOME=/etc/java-config-2/current-system-vm
PATH=/usr/local/bin:/usr/bin:/bin:/opt/bin:/usr/x86_64-pc-linux-gnu/avr/gcc-bin/4.4.4:/usr/x86_64-pc-linux-gnu/mingw32/gcc-bin/4.4.4:/usr/x86_64-pc-linux-gnu/gcc-bin/4.4.4:/usr/games/bin
LD_LIBRARY_PATH=/opt/sun-jdk-1.6.0.21/jre/lib/amd64/server:/opt/sun-jdk-1.6.0.21/jre/lib/amd64:/opt/sun-jdk-1.6.0.21/jre/../lib/amd64
SHELL=/bin/zsh
DISPLAY=:0.0

Signal Handlers:
SIGSEGV: [libjvm.so+0x7311c0], sa_mask[0]=0x7ffbfeff, sa_flags=0x10000004
SIGBUS: [libjvm.so+0x7311c0], sa_mask[0]=0x7ffbfeff, sa_flags=0x10000004
SIGFPE: [libjvm.so+0x5f5da0], sa_mask[0]=0x7ffbfeff, sa_flags=0x10000004
SIGPIPE: [libjvm.so+0x5f5da0], sa_mask[0]=0x7ffbfeff, sa_flags=0x10000004
SIGXFSZ: [libjvm.so+0x5f5da0], sa_mask[0]=0x7ffbfeff, sa_flags=0x10000004
SIGILL: [libjvm.so+0x5f5da0], sa_mask[0]=0x7ffbfeff, sa_flags=0x10000004
SIGUSR1: SIG_DFL, sa_mask[0]=0x00000000, sa_flags=0x00000000
SIGUSR2: [libjvm.so+0x5f85c0], sa_mask[0]=0x00000004, sa_flags=0x10000004
SIGHUP: [libjvm.so+0x5f8310], sa_mask[0]=0x7ffbfeff, sa_flags=0x10000004
SIGINT: SIG_IGN, sa_mask[0]=0x00000000, sa_flags=0x00000000
SIGTERM: [libjvm.so+0x5f8310], sa_mask[0]=0x7ffbfeff, sa_flags=0x10000004
SIGQUIT: [libjvm.so+0x5f8310], sa_mask[0]=0x7ffbfeff, sa_flags=0x10000004


---------------  S Y S T E M  ---------------

OS:Gentoo Base System release 2.0.1

uname:Linux 2.6.33-gentoo-r2 #1 SMP Tue May 18 16:29:47 CEST 2010 x86_64
libc:glibc 2.12.1 NPTL 2.12.1 
rlimit: STACK 8192k, CORE 0k, NPROC 30556, NOFILE 1024, AS infinity
load average:0.05 0.10 0.13

CPU:total 2 (2 cores per cpu, 1 threads per core) family 6 model 15 stepping 13, cmov, cx8, fxsr, mmx, sse, sse2, sse3, ssse3

Memory: 4k page, physical 3948288k(1750700k free), swap 0k(0k free)

vm_info: Java HotSpot(TM) 64-Bit Server VM (17.0-b16) for linux-amd64 JRE (1.6.0_21-b06), built on Jun 22 2010 01:10:00 by "java_re" with gcc 3.2.2 (SuSE Linux)

time: Mon Jan 17 12:00:16 2011
elapsed time: 13 seconds

