#
# A fatal error has been detected by the Java Runtime Environment:
#
#  SIGSEGV (0xb) at pc=0x00007f0ef34b72e1, pid=10473, tid=139702191249168
#
# JRE version: 6.0_21-b06
# Java VM: Java HotSpot(TM) 64-Bit Server VM (17.0-b16 mixed mode linux-amd64 )
# Problematic frame:
# C  [librxtxSerial.so+0x92e1]  Java_gnu_io_RXTXPort_nativeDrain+0xe1
#
# If you would like to submit a bug report, please visit:
#   http://java.sun.com/webapps/bugreport/crash.jsp
# The crash happened outside the Java Virtual Machine in native code.
# See problematic frame for where to report the bug.
#

---------------  T H R E A D  ---------------

Current thread (0x0000000040d00000):  JavaThread "AWT-EventQueue-0" [_thread_in_native, id=10504, stack(0x00007f0ef36bd000,0x00007f0ef37be000)]

siginfo:si_signo=SIGSEGV: si_errno=0, si_code=1 (SEGV_MAPERR), si_addr=0xfffffffff2bb954c

Registers:
RAX=0x000000000000001c, RBX=0x00007f0ef37bbb20, RCX=0x00007f0ef34b8fc1, RDX=0x00007f0ef37bbb3c
RSP=0x00007f0ef37bb950, RBP=0x0000000040d001c8, RSI=0x00007f0ef34b8fc0, RDI=0x00007f0ef37bbb20
R8 =0x0000000000000001, R9 =0x00007f0ef34b8fc1, R10=0x0000000000000000, R11=0x0000000000000000
R12=0xfffffffff2bb9540, R13=0x0000000000000011, R14=0x0000000000000000, R15=0x0000000000000000
RIP=0x00007f0ef34b72e1, EFL=0x0000000000010282, CSGSFS=0x0000000000000033, ERR=0x0000000000000005
  TRAPNO=0x000000000000000e

Top of Stack: (sp=0x00007f0ef37bb950)
0x00007f0ef37bb950:   00007f0ef37bb878 00007f0ef37bbc30
0x00007f0ef37bb960:   00007f0ef37bb941 0000000800000002
0x00007f0ef37bb970:   0000000040ad7c00 00007f0ef37bb9d0
0x00007f0ef37bb980:   00007f0ef37bba50 00007f0f41216458
0x00007f0ef37bb990:   0000000040d00000 00007f0f4123e490
0x00007f0ef37bb9a0:   00007f0ef37bbb57 0000000040ad7e78
0x00007f0ef37bb9b0:   0000000040ad7e88 0000000040ad7e80
0x00007f0ef37bb9c0:   00007f0e0000000b 00007f0ef34b7200
0x00007f0ef37bb9d0:   00007f0f415773b0 0000005000000000
0x00007f0ef37bb9e0:   0000000000000020 0000000000000000
0x00007f0ef37bb9f0:   0000000000000000 0000000040ad7b90
0x00007f0ef37bba00:   0000000000000020 0000000000000100
0x00007f0ef37bba10:   0000000000000000 0000000040ad7a60
0x00007f0ef37bba20:   0000000000000020 0000000040ad7e78
0x00007f0ef37bba30:   0000000040d00000 0000000000000003
0x00007f0ef37bba40:   00007f0ef37bbb57 0000000040ad7b60
0x00007f0ef37bba50:   00007f0ef37bbaa0 00007f0f412165c7
0x00007f0ef37bba60:   0000000040d00000 0000010000000004
0x00007f0ef37bba70:   0000000040d00000 0000000040d00000
0x00007f0ef37bba80:   00007f0ef37bbb57 0000000040ad7e78
0x00007f0ef37bba90:   00007f0ef37bbb57 0000000040d00000
0x00007f0ef37bbaa0:   00007f0ef37bbaf0 00007f0f41216963
0x00007f0ef37bbab0:   0000000040dfeb50 0000000040ad7a50
0x00007f0ef37bbac0:   00007f0f4157b5d0 0000000040ad7eb8
0x00007f0ef37bbad0:   0000000000000003 0000000000000000
0x00007f0ef37bbae0:   0000000000001428 00007f0e00000009
0x00007f0ef37bbaf0:   0000000040ad7e78 00007f0f41216a9a
0x00007f0ef37bbb00:   00000000409c3a10 00007f0ef37bbbc8
0x00007f0ef37bbb10:   00007f0ef37bbbc8 0000000040d00000
0x00007f0ef37bbb20:   74726f5058545852 29286e696172643a
0x00007f0ef37bbb30:   736e727574657220 000000000a30203a
0x00007f0ef37bbb40:   00007f0ef37bbb90 00007f0f41027320 

Instructions: (pc=0x00007f0ef34b72e1)
0x00007f0ef34b72d1:   ef e8 b1 b0 ff ff 45 84 f6 75 0f 4d 85 e4 74 0a
0x00007f0ef34b72e1:   45 8b 6c 24 0c 45 85 ed 75 15 48 81 c4 28 02 00 

Stack: [0x00007f0ef36bd000,0x00007f0ef37be000],  sp=0x00007f0ef37bb950,  free space=3fa0000000000000018k
Native frames: (J=compiled Java code, j=interpreted, Vv=VM code, C=native code)
C  [librxtxSerial.so+0x92e1]  Java_gnu_io_RXTXPort_nativeDrain+0xe1

Java frames: (J=compiled Java code, j=interpreted, Vv=VM code)
j  gnu.io.RXTXPort.nativeDrain(Z)Z+0
j  gnu.io.RXTXPort$SerialOutputStream.flush()V+72
j  chronos.Connection.send(I[I)V+63
j  chronos.Connection.startAP()V+6
j  chronos.Controller.sync()V+18
j  chronos.gui.MainFrame.syncButtonActionPerformed(Ljava/awt/event/ActionEvent;)V+3
j  chronos.gui.MainFrame.access$100(Lchronos/gui/MainFrame;Ljava/awt/event/ActionEvent;)V+2
j  chronos.gui.MainFrame$2.actionPerformed(Ljava/awt/event/ActionEvent;)V+5
j  javax.swing.AbstractButton.fireActionPerformed(Ljava/awt/event/ActionEvent;)V+84
j  javax.swing.AbstractButton$Handler.actionPerformed(Ljava/awt/event/ActionEvent;)V+5
j  javax.swing.DefaultButtonModel.fireActionPerformed(Ljava/awt/event/ActionEvent;)V+35
j  javax.swing.DefaultButtonModel.setPressed(Z)V+117
j  javax.swing.plaf.basic.BasicButtonListener.mouseReleased(Ljava/awt/event/MouseEvent;)V+35
j  java.awt.Component.processMouseEvent(Ljava/awt/event/MouseEvent;)V+64
j  javax.swing.JComponent.processMouseEvent(Ljava/awt/event/MouseEvent;)V+23
j  java.awt.Component.processEvent(Ljava/awt/AWTEvent;)V+81
j  java.awt.Container.processEvent(Ljava/awt/AWTEvent;)V+18
j  java.awt.Component.dispatchEventImpl(Ljava/awt/AWTEvent;)V+566
j  java.awt.Container.dispatchEventImpl(Ljava/awt/AWTEvent;)V+42
j  java.awt.Component.dispatchEvent(Ljava/awt/AWTEvent;)V+2
j  java.awt.LightweightDispatcher.retargetMouseEvent(Ljava/awt/Component;ILjava/awt/event/MouseEvent;)V+320
j  java.awt.LightweightDispatcher.processMouseEvent(Ljava/awt/event/MouseEvent;)Z+139
j  java.awt.LightweightDispatcher.dispatchEvent(Ljava/awt/AWTEvent;)Z+50
j  java.awt.Container.dispatchEventImpl(Ljava/awt/AWTEvent;)V+12
j  java.awt.Window.dispatchEventImpl(Ljava/awt/AWTEvent;)V+19
j  java.awt.Component.dispatchEvent(Ljava/awt/AWTEvent;)V+2
j  java.awt.EventQueue.dispatchEvent(Ljava/awt/AWTEvent;)V+46
j  java.awt.EventDispatchThread.pumpOneEventForFilters(I)Z+204
j  java.awt.EventDispatchThread.pumpEventsForFilter(ILjava/awt/Conditional;Ljava/awt/EventFilter;)V+30
j  java.awt.EventDispatchThread.pumpEventsForHierarchy(ILjava/awt/Conditional;Ljava/awt/Component;)V+11
j  java.awt.EventDispatchThread.pumpEvents(ILjava/awt/Conditional;)V+4
j  java.awt.EventDispatchThread.pumpEvents(Ljava/awt/Conditional;)V+3
j  java.awt.EventDispatchThread.run()V+9
v  ~StubRoutines::call_stub

---------------  P R O C E S S  ---------------

Java Threads: ( => current thread )
  0x0000000040f9c800 JavaThread "Thread-1" [_thread_in_native, id=10516, stack(0x00007f0ef2aba000,0x00007f0ef2bbb000)]
  0x00007f0ef412c000 JavaThread "TimerQueue" daemon [_thread_blocked, id=10509, stack(0x00007f0ef2bbb000,0x00007f0ef2cbc000)]
  0x00000000409c7000 JavaThread "DestroyJavaVM" [_thread_blocked, id=10477, stack(0x00007f0f408c2000,0x00007f0f409c3000)]
=>0x0000000040d00000 JavaThread "AWT-EventQueue-0" [_thread_in_native, id=10504, stack(0x00007f0ef36bd000,0x00007f0ef37be000)]
  0x0000000040cfe000 JavaThread "AWT-Shutdown" [_thread_blocked, id=10503, stack(0x00007f0ef37be000,0x00007f0ef38bf000)]
  0x0000000040cfd000 JavaThread "AWT-XAWT" daemon [_thread_in_native, id=10502, stack(0x00007f0ef38bf000,0x00007f0ef39c0000)]
  0x0000000040b86000 JavaThread "Java2D Disposer" daemon [_thread_blocked, id=10500, stack(0x00007f0ef820c000,0x00007f0ef830d000)]
  0x0000000040a69000 JavaThread "Low Memory Detector" daemon [_thread_blocked, id=10498, stack(0x00007f0ef9882000,0x00007f0ef9983000)]
  0x0000000040a64000 JavaThread "CompilerThread1" daemon [_thread_blocked, id=10497, stack(0x00007f0ef9983000,0x00007f0ef9a84000)]
  0x0000000040a61800 JavaThread "CompilerThread0" daemon [_thread_blocked, id=10496, stack(0x00007f0ef9a84000,0x00007f0ef9b85000)]
  0x0000000040a5c800 JavaThread "JDWP Command Reader" daemon [_thread_in_native, id=10488, stack(0x00007f0ef1a84000,0x00007f0ef1b85000)]
  0x0000000040a59800 JavaThread "JDWP Event Helper Thread" daemon [_thread_blocked, id=10487, stack(0x00007f0ef9b85000,0x00007f0ef9c86000)]
  0x0000000040a56000 JavaThread "JDWP Transport Listener: dt_socket" daemon [_thread_blocked, id=10486, stack(0x00007f0ef9c86000,0x00007f0ef9d87000)]
  0x0000000040a4a000 JavaThread "Signal Dispatcher" daemon [_thread_blocked, id=10483, stack(0x00007f0ef9e8b000,0x00007f0ef9f8c000)]
  0x0000000040a2c000 JavaThread "Finalizer" daemon [_thread_blocked, id=10482, stack(0x00007f0ef9f8c000,0x00007f0efa08d000)]
  0x0000000040a24800 JavaThread "Reference Handler" daemon [_thread_blocked, id=10481, stack(0x00007f0efa08d000,0x00007f0efa18e000)]

Other Threads:
  0x0000000040a20800 VMThread [stack: 0x00007f0efa18e000,0x00007f0efa28f000] [id=10480]
  0x0000000040a73800 WatcherThread [stack: 0x00007f0ef9781000,0x00007f0ef9882000] [id=10499]

VM state:not at safepoint (normal execution)

VM Mutex/Monitor currently owned by a thread: None

Heap
 PSYoungGen      total 17984K, used 11803K [0x00007f0f283b0000, 0x00007f0f297c0000, 0x00007f0f3c500000)
  eden space 15424K, 76% used [0x00007f0f283b0000,0x00007f0f28f36cf8,0x00007f0f292c0000)
  from space 2560K, 0% used [0x00007f0f29540000,0x00007f0f29540000,0x00007f0f297c0000)
  to   space 2560K, 0% used [0x00007f0f292c0000,0x00007f0f292c0000,0x00007f0f29540000)
 PSOldGen        total 41152K, used 0K [0x00007f0f00100000, 0x00007f0f02930000, 0x00007f0f283b0000)
  object space 41152K, 0% used [0x00007f0f00100000,0x00007f0f00100000,0x00007f0f02930000)
 PSPermGen       total 21248K, used 16743K [0x00007f0efad00000, 0x00007f0efc1c0000, 0x00007f0f00100000)
  object space 21248K, 78% used [0x00007f0efad00000,0x00007f0efbd59e50,0x00007f0efc1c0000)

Dynamic libraries:
40000000-40009000 r-xp 00000000 fc:00 2126858                            /opt/sun-jdk-1.6.0.21/bin/java
40108000-4010a000 rwxp 00008000 fc:00 2126858                            /opt/sun-jdk-1.6.0.21/bin/java
409bc000-4103a000 rwxp 00000000 00:00 0                                  [heap]
7f0ef1a84000-7f0ef1a87000 ---p 00000000 00:00 0 
7f0ef1a87000-7f0ef1b85000 rwxp 00000000 00:00 0 
7f0ef2aba000-7f0ef2abd000 ---p 00000000 00:00 0 
7f0ef2abd000-7f0ef2bbb000 rwxp 00000000 00:00 0 
7f0ef2bbb000-7f0ef2bbe000 ---p 00000000 00:00 0 
7f0ef2bbe000-7f0ef2cbc000 rwxp 00000000 00:00 0 
7f0ef2cbc000-7f0ef308d000 rwxs 00000000 00:04 1113423886                 /SYSV00000000 (deleted)
7f0ef308d000-7f0ef3094000 r-xp 00000000 fc:00 2126917                    /opt/sun-jdk-1.6.0.21/jre/lib/amd64/libnio.so
7f0ef3094000-7f0ef3193000 ---p 00007000 fc:00 2126917                    /opt/sun-jdk-1.6.0.21/jre/lib/amd64/libnio.so
7f0ef3193000-7f0ef3195000 rwxp 00006000 fc:00 2126917                    /opt/sun-jdk-1.6.0.21/jre/lib/amd64/libnio.so
7f0ef3195000-7f0ef31a8000 r-xp 00000000 fc:00 2126928                    /opt/sun-jdk-1.6.0.21/jre/lib/amd64/libnet.so
7f0ef31a8000-7f0ef32a9000 ---p 00013000 fc:00 2126928                    /opt/sun-jdk-1.6.0.21/jre/lib/amd64/libnet.so
7f0ef32a9000-7f0ef32ac000 rwxp 00014000 fc:00 2126928                    /opt/sun-jdk-1.6.0.21/jre/lib/amd64/libnet.so
7f0ef32ac000-7f0ef32af000 ---p 00000000 00:00 0 
7f0ef32af000-7f0ef33ad000 rwxp 00000000 00:00 0 
7f0ef33ad000-7f0ef33b0000 ---p 00000000 00:00 0 
7f0ef33b0000-7f0ef34ae000 rwxp 00000000 00:00 0 
7f0ef34ae000-7f0ef34bc000 r-xp 00000000 fc:00 1894124                    /usr/lib64/rxtx-2/librxtxSerial-2.1-7.so
7f0ef34bc000-7f0ef36bb000 ---p 0000e000 fc:00 1894124                    /usr/lib64/rxtx-2/librxtxSerial-2.1-7.so
7f0ef36bb000-7f0ef36bc000 r-xp 0000d000 fc:00 1894124                    /usr/lib64/rxtx-2/librxtxSerial-2.1-7.so
7f0ef36bc000-7f0ef36bd000 rwxp 0000e000 fc:00 1894124                    /usr/lib64/rxtx-2/librxtxSerial-2.1-7.so
7f0ef36bd000-7f0ef36c0000 ---p 00000000 00:00 0 
7f0ef36c0000-7f0ef37be000 rwxp 00000000 00:00 0                          [threadstack:000fcff0]
7f0ef37be000-7f0ef37c1000 ---p 00000000 00:00 0 
7f0ef37c1000-7f0ef38bf000 rwxp 00000000 00:00 0 
7f0ef38bf000-7f0ef38c2000 ---p 00000000 00:00 0 
7f0ef38c2000-7f0ef39c0000 rwxp 00000000 00:00 0 
7f0ef39c0000-7f0ef39c5000 r-xp 00000000 fc:00 20885                      /usr/lib64/libXfixes.so.3.1.0
7f0ef39c5000-7f0ef3bc4000 ---p 00005000 fc:00 20885                      /usr/lib64/libXfixes.so.3.1.0
7f0ef3bc4000-7f0ef3bc5000 r-xp 00004000 fc:00 20885                      /usr/lib64/libXfixes.so.3.1.0
7f0ef3bc5000-7f0ef3bc6000 rwxp 00005000 fc:00 20885                      /usr/lib64/libXfixes.so.3.1.0
7f0ef3bc6000-7f0ef3bcf000 r-xp 00000000 fc:00 20901                      /usr/lib64/libXrender.so.1.3.0
7f0ef3bcf000-7f0ef3dcf000 ---p 00009000 fc:00 20901                      /usr/lib64/libXrender.so.1.3.0
7f0ef3dcf000-7f0ef3dd0000 r-xp 00009000 fc:00 20901                      /usr/lib64/libXrender.so.1.3.0
7f0ef3dd0000-7f0ef3dd1000 rwxp 0000a000 fc:00 20901                      /usr/lib64/libXrender.so.1.3.0
7f0ef3dd1000-7f0ef3ddb000 r-xp 00000000 fc:00 2118390                    /usr/lib64/libXcursor.so.1.0.2
7f0ef3ddb000-7f0ef3fda000 ---p 0000a000 fc:00 2118390                    /usr/lib64/libXcursor.so.1.0.2
7f0ef3fda000-7f0ef3fdb000 r-xp 00009000 fc:00 2118390                    /usr/lib64/libXcursor.so.1.0.2
7f0ef3fdb000-7f0ef3fdc000 rwxp 0000a000 fc:00 2118390                    /usr/lib64/libXcursor.so.1.0.2
7f0ef3ff8000-7f0ef4000000 r-xs 00115000 fc:00 2126998                    /opt/sun-jdk-1.6.0.21/jre/lib/resources.jar
7f0ef4000000-7f0ef41af000 rwxp 00000000 00:00 0 
7f0ef41af000-7f0ef8000000 ---p 00000000 00:00 0 
7f0ef8007000-7f0ef8010000 r-xs 00000000 fc:00 1964158                    /var/cache/fontconfig/87f5e051180a7a75f16eb6fe7dbd3749-le64.cache-3
7f0ef8010000-7f0ef8013000 r-xs 00000000 fc:00 1968492                    /var/cache/fontconfig/f55bbeb01d684dc5b5f7b2c347cc42d9-le64.cache-3
7f0ef8013000-7f0ef8016000 r-xs 00000000 fc:00 1968480                    /var/cache/fontconfig/76fa4b957c916922374347f144bde9da-le64.cache-3
7f0ef8016000-7f0ef801e000 r-xs 00000000 fc:00 1968387                    /var/cache/fontconfig/4460665c0f3e88acdd4c85aa2f409b99-le64.cache-3
7f0ef801e000-7f0ef8034000 r-xs 00000000 fc:00 1968386                    /var/cache/fontconfig/8d4af663993b81a124ee82e610bb31f9-le64.cache-3
7f0ef8034000-7f0ef812f000 r-xs 00000000 fc:00 1968337                    /var/cache/fontconfig/dddecb0375fed72f4397ef3beff8ac7b-le64.cache-3
7f0ef812f000-7f0ef8132000 r-xs 00000000 fc:00 1968336                    /var/cache/fontconfig/cfde08ab28ad1d91784abb10973575e3-le64.cache-3
7f0ef8132000-7f0ef8136000 r-xs 00000000 fc:00 1968334                    /var/cache/fontconfig/a595ca43be94766bbfe429f07fba82d0-le64.cache-3
7f0ef8136000-7f0ef8148000 r-xs 00000000 fc:00 1968312                    /var/cache/fontconfig/221fd1126b80b777db535aea535e87ba-le64.cache-3
7f0ef8148000-7f0ef8152000 r-xs 00000000 fc:00 1962731                    /var/cache/fontconfig/0ab7af1fb3bdf18d804b641fb2a04792-le64.cache-3
7f0ef8152000-7f0ef81af000 r-xs 00000000 fc:00 1967229                    /var/cache/fontconfig/17090aa38d5c6f09fb8c5c354938f1d7-le64.cache-3
7f0ef81af000-7f0ef820c000 r-xs 00000000 fc:00 1967227                    /var/cache/fontconfig/df311e82a1a24c41a75c2c930223552e-le64.cache-3
7f0ef820c000-7f0ef820f000 ---p 00000000 00:00 0 
7f0ef820f000-7f0ef830d000 rwxp 00000000 00:00 0 
7f0ef830d000-7f0ef838b000 r-xp 00000000 fc:00 2126915                    /opt/sun-jdk-1.6.0.21/jre/lib/amd64/libfontmanager.so
7f0ef838b000-7f0ef848a000 ---p 0007e000 fc:00 2126915                    /opt/sun-jdk-1.6.0.21/jre/lib/amd64/libfontmanager.so
7f0ef848a000-7f0ef84a0000 rwxp 0007d000 fc:00 2126915                    /opt/sun-jdk-1.6.0.21/jre/lib/amd64/libfontmanager.so
7f0ef84a0000-7f0ef84b1000 rwxp 00000000 00:00 0 
7f0ef84b1000-7f0ef84b6000 r-xp 00000000 fc:00 2116044                    /usr/lib64/libXdmcp.so.6.0.0
7f0ef84b6000-7f0ef86b5000 ---p 00005000 fc:00 2116044                    /usr/lib64/libXdmcp.so.6.0.0
7f0ef86b5000-7f0ef86b6000 r-xp 00004000 fc:00 2116044                    /usr/lib64/libXdmcp.so.6.0.0
7f0ef86b6000-7f0ef86b7000 rwxp 00005000 fc:00 2116044                    /usr/lib64/libXdmcp.so.6.0.0
7f0ef86b7000-7f0ef86b9000 r-xp 00000000 fc:00 2115664                    /usr/lib64/libXau.so.6.0.0
7f0ef86b9000-7f0ef88b9000 ---p 00002000 fc:00 2115664                    /usr/lib64/libXau.so.6.0.0
7f0ef88b9000-7f0ef88ba000 r-xp 00002000 fc:00 2115664                    /usr/lib64/libXau.so.6.0.0
7f0ef88ba000-7f0ef88bb000 rwxp 00003000 fc:00 2115664                    /usr/lib64/libXau.so.6.0.0
7f0ef88bb000-7f0ef88d8000 r-xp 00000000 fc:00 1976861                    /usr/lib64/libxcb.so.1.1.0
7f0ef88d8000-7f0ef8ad7000 ---p 0001d000 fc:00 1976861                    /usr/lib64/libxcb.so.1.1.0
7f0ef8ad7000-7f0ef8ad8000 r-xp 0001c000 fc:00 1976861                    /usr/lib64/libxcb.so.1.1.0
7f0ef8ad8000-7f0ef8ad9000 rwxp 0001d000 fc:00 1976861                    /usr/lib64/libxcb.so.1.1.0
7f0ef8ad9000-7f0ef8ae8000 r-xp 00000000 fc:00 2181465                    /usr/lib64/libXi.so.6.1.0
7f0ef8ae8000-7f0ef8ce7000 ---p 0000f000 fc:00 2181465                    /usr/lib64/libXi.so.6.1.0
7f0ef8ce7000-7f0ef8ce8000 r-xp 0000e000 fc:00 2181465                    /usr/lib64/libXi.so.6.1.0
7f0ef8ce8000-7f0ef8ce9000 rwxp 0000f000 fc:00 2181465                    /usr/lib64/libXi.so.6.1.0
7f0ef8ce9000-7f0ef8cee000 r-xp 00000000 fc:00 2120114                    /usr/lib64/libXtst.so.6.1.0
7f0ef8cee000-7f0ef8eee000 ---p 00005000 fc:00 2120114                    /usr/lib64/libXtst.so.6.1.0
7f0ef8eee000-7f0ef8eef000 r-xp 00005000 fc:00 2120114                    /usr/lib64/libXtst.so.6.1.0
7f0ef8eef000-7f0ef8ef0000 rwxp 00006000 fc:00 2120114                    /usr/lib64/libXtst.so.6.1.0
7f0ef8ef0000-7f0ef9027000 r-xp 00000000 fc:00 598486                     /usr/lib64/libX11.so.6.3.0
7f0ef9027000-7f0ef9227000 ---p 00137000 fc:00 598486                     /usr/lib64/libX11.so.6.3.0
7f0ef9227000-7f0ef9228000 r-xp 00137000 fc:00 598486                     /usr/lib64/libX11.so.6.3.0
7f0ef9228000-7f0ef922d000 rwxp 00138000 fc:00 598486                     /usr/lib64/libX11.so.6.3.0
7f0ef922d000-7f0ef923e000 r-xp 00000000 fc:00 2117703                    /usr/lib64/libXext.so.6.4.0
7f0ef923e000-7f0ef943e000 ---p 00011000 fc:00 2117703                    /usr/lib64/libXext.so.6.4.0
7f0ef943e000-7f0ef943f000 r-xp 00011000 fc:00 2117703                    /usr/lib64/libXext.so.6.4.0
7f0ef943f000-7f0ef9440000 rwxp 00012000 fc:00 2117703                    /usr/lib64/libXext.so.6.4.0
7f0ef9442000-7f0ef944b000 r-xs 00000000 fc:00 1968055                    /var/cache/fontconfig/12b26b760a24f8b4feb03ad48a333a72-le64.cache-3
7f0ef944b000-7f0ef9464000 r-xs 00000000 fc:00 1968031                    /var/cache/fontconfig/4b5cf4386f1cde02a336ba961b4ac82d-le64.cache-3
7f0ef9464000-7f0ef94a6000 r-xp 00000000 fc:00 2126954                    /opt/sun-jdk-1.6.0.21/jre/lib/amd64/xawt/libmawt.so
7f0ef94a6000-7f0ef95a5000 ---p 00042000 fc:00 2126954                    /opt/sun-jdk-1.6.0.21/jre/lib/amd64/xawt/libmawt.so
7f0ef95a5000-7f0ef95b0000 rwxp 00041000 fc:00 2126954                    /opt/sun-jdk-1.6.0.21/jre/lib/amd64/xawt/libmawt.so
7f0ef95b0000-7f0ef95b2000 rwxp 00000000 00:00 0 
7f0ef95b2000-7f0ef9644000 r-xp 00000000 fc:00 2126966                    /opt/sun-jdk-1.6.0.21/jre/lib/amd64/libawt.so
7f0ef9644000-7f0ef9743000 ---p 00092000 fc:00 2126966                    /opt/sun-jdk-1.6.0.21/jre/lib/amd64/libawt.so
7f0ef9743000-7f0ef975c000 rwxp 00091000 fc:00 2126966                    /opt/sun-jdk-1.6.0.21/jre/lib/amd64/libawt.so
7f0ef975c000-7f0ef9781000 rwxp 00000000 00:00 0 
7f0ef9781000-7f0ef9782000 ---p 00000000 00:00 0 
7f0ef9782000-7f0ef9882000 rwxp 00000000 00:00 0 
7f0ef9882000-7f0ef9885000 ---p 00000000 00:00 0 
7f0ef9885000-7f0ef9983000 rwxp 00000000 00:00 0 
7f0ef9983000-7f0ef9986000 ---p 00000000 00:00 0 
7f0ef9986000-7f0ef9a84000 rwxp 00000000 00:00 0 
7f0ef9a84000-7f0ef9a87000 ---p 00000000 00:00 0 
7f0ef9a87000-7f0ef9b85000 rwxp 00000000 00:00 0 
7f0ef9b85000-7f0ef9b88000 ---p 00000000 00:00 0 
7f0ef9b88000-7f0ef9c86000 rwxp 00000000 00:00 0 
7f0ef9c86000-7f0ef9c89000 ---p 00000000 00:00 0 
7f0ef9c89000-7f0ef9d87000 rwxp 00000000 00:00 0 
7f0ef9d87000-7f0ef9d8a000 r-xp 00000000 fc:00 2126965                    /opt/sun-jdk-1.6.0.21/jre/lib/amd64/libdt_socket.so
7f0ef9d8a000-7f0ef9e89000 ---p 00003000 fc:00 2126965                    /opt/sun-jdk-1.6.0.21/jre/lib/amd64/libdt_socket.so
7f0ef9e89000-7f0ef9e8b000 rwxp 00002000 fc:00 2126965                    /opt/sun-jdk-1.6.0.21/jre/lib/amd64/libdt_socket.so
7f0ef9e8b000-7f0ef9e8e000 ---p 00000000 00:00 0 
7f0ef9e8e000-7f0ef9f8c000 rwxp 00000000 00:00 0 
7f0ef9f8c000-7f0ef9f8f000 ---p 00000000 00:00 0 
7f0ef9f8f000-7f0efa08d000 rwxp 00000000 00:00 0 
7f0efa08d000-7f0efa090000 ---p 00000000 00:00 0 
7f0efa090000-7f0efa18e000 rwxp 00000000 00:00 0 
7f0efa18e000-7f0efa18f000 ---p 00000000 00:00 0 
7f0efa18f000-7f0efa5c6000 rwxp 00000000 00:00 0 
7f0efa5c6000-7f0efa75d000 r-xs 03014000 fc:00 2126975                    /opt/sun-jdk-1.6.0.21/jre/lib/rt.jar
7f0efa75d000-7f0efa785000 rwxp 00000000 00:00 0 
7f0efa785000-7f0efa786000 ---p 00000000 00:00 0 
7f0efa786000-7f0efa886000 rwxp 00000000 00:00 0 
7f0efa886000-7f0efa887000 ---p 00000000 00:00 0 
7f0efa887000-7f0efa992000 rwxp 00000000 00:00 0 
7f0efa992000-7f0efa9b1000 rwxp 00000000 00:00 0 
7f0efa9b1000-7f0efa9c6000 rwxp 00000000 00:00 0 
7f0efa9c6000-7f0efaaf3000 rwxp 00000000 00:00 0 
7f0efaaf3000-7f0efaafe000 rwxp 00000000 00:00 0 
7f0efaafe000-7f0efab1d000 rwxp 00000000 00:00 0 
7f0efab1d000-7f0efab32000 rwxp 00000000 00:00 0 
7f0efab32000-7f0efac5e000 rwxp 00000000 00:00 0 
7f0efac5e000-7f0efac69000 rwxp 00000000 00:00 0 
7f0efac69000-7f0efacff000 rwxp 00000000 00:00 0 
7f0efacff000-7f0efc1c0000 rwxp 00000000 00:00 0 
7f0efc1c0000-7f0f00100000 rwxp 00000000 00:00 0 
7f0f00100000-7f0f02930000 rwxp 00000000 00:00 0 
7f0f02930000-7f0f283b0000 rwxp 00000000 00:00 0 
7f0f283b0000-7f0f297c0000 rwxp 00000000 00:00 0 
7f0f297c0000-7f0f3c500000 rwxp 00000000 00:00 0 
7f0f3c503000-7f0f3c508000 r-xs 00000000 fc:00 1968329                    /var/cache/fontconfig/a336a40326b5f097d6a660e43ed65741-le64.cache-3
7f0f3c508000-7f0f3c50d000 r-xs 00000000 fc:00 1968030                    /var/cache/fontconfig/374b958dfa195bf54eaa9332f068d728-le64.cache-3
7f0f3c50d000-7f0f3c77d000 rwxp 00000000 00:00 0 
7f0f3c77d000-7f0f3f50d000 rwxp 00000000 00:00 0 
7f0f3f50d000-7f0f3f51b000 r-xp 00000000 fc:00 2126936                    /opt/sun-jdk-1.6.0.21/jre/lib/amd64/libzip.so
7f0f3f51b000-7f0f3f61d000 ---p 0000e000 fc:00 2126936                    /opt/sun-jdk-1.6.0.21/jre/lib/amd64/libzip.so
7f0f3f61d000-7f0f3f620000 rwxp 00010000 fc:00 2126936                    /opt/sun-jdk-1.6.0.21/jre/lib/amd64/libzip.so
7f0f3f620000-7f0f3f621000 rwxp 00000000 00:00 0 
7f0f3f621000-7f0f3f62c000 r-xp 00000000 fc:00 608267                     /lib64/libnss_files-2.12.1.so
7f0f3f62c000-7f0f3f82c000 ---p 0000b000 fc:00 608267                     /lib64/libnss_files-2.12.1.so
7f0f3f82c000-7f0f3f82d000 r-xp 0000b000 fc:00 608267                     /lib64/libnss_files-2.12.1.so
7f0f3f82d000-7f0f3f82e000 rwxp 0000c000 fc:00 608267                     /lib64/libnss_files-2.12.1.so
7f0f3f82e000-7f0f3f838000 r-xp 00000000 fc:00 608377                     /lib64/libnss_nis-2.12.1.so
7f0f3f838000-7f0f3fa37000 ---p 0000a000 fc:00 608377                     /lib64/libnss_nis-2.12.1.so
7f0f3fa37000-7f0f3fa38000 r-xp 00009000 fc:00 608377                     /lib64/libnss_nis-2.12.1.so
7f0f3fa38000-7f0f3fa39000 rwxp 0000a000 fc:00 608377                     /lib64/libnss_nis-2.12.1.so
7f0f3fa39000-7f0f3fa40000 r-xp 00000000 fc:00 608421                     /lib64/libnss_compat-2.12.1.so
7f0f3fa40000-7f0f3fc3f000 ---p 00007000 fc:00 608421                     /lib64/libnss_compat-2.12.1.so
7f0f3fc3f000-7f0f3fc40000 r-xp 00006000 fc:00 608421                     /lib64/libnss_compat-2.12.1.so
7f0f3fc40000-7f0f3fc41000 rwxp 00007000 fc:00 608421                     /lib64/libnss_compat-2.12.1.so
7f0f3fc41000-7f0f3ff16000 r-xp 00000000 fc:00 269829                     /usr/lib64/locale/locale-archive
7f0f3ff16000-7f0f3ff19000 r-xp 00000000 fc:00 2126920                    /opt/sun-jdk-1.6.0.21/jre/lib/amd64/libnpt.so
7f0f3ff19000-7f0f40018000 ---p 00003000 fc:00 2126920                    /opt/sun-jdk-1.6.0.21/jre/lib/amd64/libnpt.so
7f0f40018000-7f0f40019000 rwxp 00002000 fc:00 2126920                    /opt/sun-jdk-1.6.0.21/jre/lib/amd64/libnpt.so
7f0f40019000-7f0f4004f000 r-xp 00000000 fc:00 2126942                    /opt/sun-jdk-1.6.0.21/jre/lib/amd64/libjdwp.so
7f0f4004f000-7f0f4014e000 ---p 00036000 fc:00 2126942                    /opt/sun-jdk-1.6.0.21/jre/lib/amd64/libjdwp.so
7f0f4014e000-7f0f40158000 rwxp 00035000 fc:00 2126942                    /opt/sun-jdk-1.6.0.21/jre/lib/amd64/libjdwp.so
7f0f40158000-7f0f4015f000 r-xp 00000000 fc:00 2126944                    /opt/sun-jdk-1.6.0.21/jre/lib/amd64/native_threads/libhpi.so
7f0f4015f000-7f0f40260000 ---p 00007000 fc:00 2126944                    /opt/sun-jdk-1.6.0.21/jre/lib/amd64/native_threads/libhpi.so
7f0f40260000-7f0f40262000 rwxp 00008000 fc:00 2126944                    /opt/sun-jdk-1.6.0.21/jre/lib/amd64/native_threads/libhpi.so
7f0f40262000-7f0f40263000 rwxp 00000000 00:00 0 
7f0f40263000-7f0f40278000 r-xp 00000000 fc:00 605566                     /lib64/libnsl-2.12.1.so
7f0f40278000-7f0f40477000 ---p 00015000 fc:00 605566                     /lib64/libnsl-2.12.1.so
7f0f40477000-7f0f40478000 r-xp 00014000 fc:00 605566                     /lib64/libnsl-2.12.1.so
7f0f40478000-7f0f40479000 rwxp 00015000 fc:00 605566                     /lib64/libnsl-2.12.1.so
7f0f40479000-7f0f4047b000 rwxp 00000000 00:00 0 
7f0f4047b000-7f0f404a3000 r-xp 00000000 fc:00 2126938                    /opt/sun-jdk-1.6.0.21/jre/lib/amd64/libjava.so
7f0f404a3000-7f0f405a3000 ---p 00028000 fc:00 2126938                    /opt/sun-jdk-1.6.0.21/jre/lib/amd64/libjava.so
7f0f405a3000-7f0f405aa000 rwxp 00028000 fc:00 2126938                    /opt/sun-jdk-1.6.0.21/jre/lib/amd64/libjava.so
7f0f405aa000-7f0f405b7000 r-xp 00000000 fc:00 2126951                    /opt/sun-jdk-1.6.0.21/jre/lib/amd64/libverify.so
7f0f405b7000-7f0f406b6000 ---p 0000d000 fc:00 2126951                    /opt/sun-jdk-1.6.0.21/jre/lib/amd64/libverify.so
7f0f406b6000-7f0f406b9000 rwxp 0000c000 fc:00 2126951                    /opt/sun-jdk-1.6.0.21/jre/lib/amd64/libverify.so
7f0f406b9000-7f0f406c1000 r-xp 00000000 fc:00 608417                     /lib64/librt-2.12.1.so
7f0f406c1000-7f0f408c0000 ---p 00008000 fc:00 608417                     /lib64/librt-2.12.1.so
7f0f408c0000-7f0f408c1000 r-xp 00007000 fc:00 608417                     /lib64/librt-2.12.1.so
7f0f408c1000-7f0f408c2000 rwxp 00008000 fc:00 608417                     /lib64/librt-2.12.1.so
7f0f408c2000-7f0f408c5000 ---p 00000000 00:00 0 
7f0f408c5000-7f0f409c3000 rwxp 00000000 00:00 0 
7f0f409c3000-7f0f40a43000 r-xp 00000000 fc:00 605498                     /lib64/libm-2.12.1.so
7f0f40a43000-7f0f40c42000 ---p 00080000 fc:00 605498                     /lib64/libm-2.12.1.so
7f0f40c42000-7f0f40c43000 r-xp 0007f000 fc:00 605498                     /lib64/libm-2.12.1.so
7f0f40c43000-7f0f40c44000 rwxp 00080000 fc:00 605498                     /lib64/libm-2.12.1.so
7f0f40c44000-7f0f4141e000 r-xp 00000000 fc:00 2126923                    /opt/sun-jdk-1.6.0.21/jre/lib/amd64/server/libjvm.so
7f0f4141e000-7f0f41520000 ---p 007da000 fc:00 2126923                    /opt/sun-jdk-1.6.0.21/jre/lib/amd64/server/libjvm.so
7f0f41520000-7f0f416b1000 rwxp 007dc000 fc:00 2126923                    /opt/sun-jdk-1.6.0.21/jre/lib/amd64/server/libjvm.so
7f0f416b1000-7f0f416ec000 rwxp 00000000 00:00 0 
7f0f416ec000-7f0f41848000 r-xp 00000000 fc:00 608320                     /lib64/libc-2.12.1.so
7f0f41848000-7f0f41a48000 ---p 0015c000 fc:00 608320                     /lib64/libc-2.12.1.so
7f0f41a48000-7f0f41a4c000 r-xp 0015c000 fc:00 608320                     /lib64/libc-2.12.1.so
7f0f41a4c000-7f0f41a4d000 rwxp 00160000 fc:00 608320                     /lib64/libc-2.12.1.so
7f0f41a4d000-7f0f41a52000 rwxp 00000000 00:00 0 
7f0f41a52000-7f0f41a54000 r-xp 00000000 fc:00 608648                     /lib64/libdl-2.12.1.so
7f0f41a54000-7f0f41c54000 ---p 00002000 fc:00 608648                     /lib64/libdl-2.12.1.so
7f0f41c54000-7f0f41c55000 r-xp 00002000 fc:00 608648                     /lib64/libdl-2.12.1.so
7f0f41c55000-7f0f41c56000 rwxp 00003000 fc:00 608648                     /lib64/libdl-2.12.1.so
7f0f41c56000-7f0f41c6d000 r-xp 00000000 fc:00 608286                     /lib64/libpthread-2.12.1.so
7f0f41c6d000-7f0f41e6d000 ---p 00017000 fc:00 608286                     /lib64/libpthread-2.12.1.so
7f0f41e6d000-7f0f41e6e000 r-xp 00017000 fc:00 608286                     /lib64/libpthread-2.12.1.so
7f0f41e6e000-7f0f41e6f000 rwxp 00018000 fc:00 608286                     /lib64/libpthread-2.12.1.so
7f0f41e6f000-7f0f41e73000 rwxp 00000000 00:00 0 
7f0f41e73000-7f0f41e91000 r-xp 00000000 fc:00 608530                     /lib64/ld-2.12.1.so
7f0f41e92000-7f0f41e96000 r-xs 00000000 fc:00 1968029                    /var/cache/fontconfig/32131d65b812eea3c64a5be9e545fb09-le64.cache-3
7f0f41e96000-7f0f41e9d000 r-xs 00000000 fc:00 1967995                    /var/cache/fontconfig/d62e99ef547d1d24cdb1bd22ec1a2976-le64.cache-3
7f0f41e9d000-7f0f41ea7000 rwxp 00000000 00:00 0 
7f0f41ea7000-7f0f41f5d000 rwxp 00000000 00:00 0 
7f0f41f5d000-7f0f41f60000 rwxp 00000000 00:00 0 
7f0f41f60000-7f0f41f67000 r-xp 00000000 fc:00 2126933                    /opt/sun-jdk-1.6.0.21/jre/lib/amd64/jli/libjli.so
7f0f41f67000-7f0f42068000 ---p 00007000 fc:00 2126933                    /opt/sun-jdk-1.6.0.21/jre/lib/amd64/jli/libjli.so
7f0f42068000-7f0f4206a000 rwxp 00008000 fc:00 2126933                    /opt/sun-jdk-1.6.0.21/jre/lib/amd64/jli/libjli.so
7f0f4206a000-7f0f4206c000 rwxp 00000000 00:00 0 
7f0f4206c000-7f0f42070000 r-xs 00000000 fc:00 1964292                    /var/cache/fontconfig/f6b893a7224233d96cb72fd88691c0b4-le64.cache-3
7f0f42070000-7f0f42077000 r-xs 00000000 fc:00 1967966                    /var/cache/fontconfig/f349e9996a5320f6dd491cedd2b1f964-le64.cache-3
7f0f42077000-7f0f42078000 r-xs 0000f000 fc:00 809074                     /home/dustin/chronos-clock/gui/libs/UmlGraph-5.3.jar
7f0f42078000-7f0f4207c000 r-xs 0001f000 fc:00 815326                     /home/dustin/chronos-clock/gui/libs/jCharts-0.7.5.jar
7f0f4207c000-7f0f42083000 r-xs 00094000 fc:00 815325                     /home/dustin/chronos-clock/gui/libs/beansbinding-1.2.1.jar
7f0f42083000-7f0f42085000 r-xs 0000d000 fc:00 1894115                    /usr/share/rxtx-2/lib/RXTXcomm.jar
7f0f42085000-7f0f4208d000 rwxs 00000000 fc:00 686364                     /tmp/hsperfdata_dustin/10473
7f0f4208d000-7f0f4208e000 rwxp 00000000 00:00 0 
7f0f4208e000-7f0f4208f000 r-xp 00000000 00:00 0 
7f0f4208f000-7f0f42090000 rwxp 00000000 00:00 0 
7f0f42090000-7f0f42091000 r-xp 0001d000 fc:00 608530                     /lib64/ld-2.12.1.so
7f0f42091000-7f0f42092000 rwxp 0001e000 fc:00 608530                     /lib64/ld-2.12.1.so
7f0f42092000-7f0f42093000 rwxp 00000000 00:00 0 
7fff816df000-7fff816f4000 rwxp 00000000 00:00 0                          [stack]
7fff817ff000-7fff81800000 r-xp 00000000 00:00 0                          [vdso]
ffffffffff600000-ffffffffff601000 r-xp 00000000 00:00 0                  [vsyscall]

VM Arguments:
jvm_args: -Xdebug -Xrunjdwp:transport=dt_socket,address=localhost:46456 -Dfile.encoding=UTF-8 
java_command: chronos.Main
Launcher Type: SUN_STANDARD

Environment Variables:
JAVA_HOME=/etc/java-config-2/current-system-vm
PATH=/usr/local/bin:/usr/bin:/bin:/opt/bin:/usr/x86_64-pc-linux-gnu/avr/gcc-bin/4.4.4:/usr/x86_64-pc-linux-gnu/mingw32/gcc-bin/4.4.4:/usr/x86_64-pc-linux-gnu/gcc-bin/4.4.4:/usr/games/bin
LD_LIBRARY_PATH=/opt/sun-jdk-1.6.0.21/jre/lib/amd64/server:/opt/sun-jdk-1.6.0.21/jre/lib/amd64:/opt/sun-jdk-1.6.0.21/jre/../lib/amd64
SHELL=/bin/zsh
DISPLAY=:0.0

Signal Handlers:
SIGSEGV: [libjvm.so+0x7311c0], sa_mask[0]=0x7ffbfeff, sa_flags=0x10000004
SIGBUS: [libjvm.so+0x7311c0], sa_mask[0]=0x7ffbfeff, sa_flags=0x10000004
SIGFPE: [libjvm.so+0x5f5da0], sa_mask[0]=0x7ffbfeff, sa_flags=0x10000004
SIGPIPE: [libjvm.so+0x5f5da0], sa_mask[0]=0x7ffbfeff, sa_flags=0x10000004
SIGXFSZ: [libjvm.so+0x5f5da0], sa_mask[0]=0x7ffbfeff, sa_flags=0x10000004
SIGILL: [libjvm.so+0x5f5da0], sa_mask[0]=0x7ffbfeff, sa_flags=0x10000004
SIGUSR1: SIG_DFL, sa_mask[0]=0x00000000, sa_flags=0x00000000
SIGUSR2: [libjvm.so+0x5f85c0], sa_mask[0]=0x00000004, sa_flags=0x10000004
SIGHUP: [libjvm.so+0x5f8310], sa_mask[0]=0x7ffbfeff, sa_flags=0x10000004
SIGINT: SIG_IGN, sa_mask[0]=0x00000000, sa_flags=0x00000000
SIGTERM: [libjvm.so+0x5f8310], sa_mask[0]=0x7ffbfeff, sa_flags=0x10000004
SIGQUIT: [libjvm.so+0x5f8310], sa_mask[0]=0x7ffbfeff, sa_flags=0x10000004


---------------  S Y S T E M  ---------------

OS:Gentoo Base System release 2.0.1

uname:Linux 2.6.33-gentoo-r2 #1 SMP Tue May 18 16:29:47 CEST 2010 x86_64
libc:glibc 2.12.1 NPTL 2.12.1 
rlimit: STACK 8192k, CORE 0k, NPROC 30556, NOFILE 1024, AS infinity
load average:0.20 0.21 0.17

CPU:total 2 (2 cores per cpu, 1 threads per core) family 6 model 15 stepping 13, cmov, cx8, fxsr, mmx, sse, sse2, sse3, ssse3

Memory: 4k page, physical 3948288k(1726456k free), swap 0k(0k free)

vm_info: Java HotSpot(TM) 64-Bit Server VM (17.0-b16) for linux-amd64 JRE (1.6.0_21-b06), built on Jun 22 2010 01:10:00 by "java_re" with gcc 3.2.2 (SuSE Linux)

time: Mon Jan 17 12:16:45 2011
elapsed time: 43 seconds

