#
# A fatal error has been detected by the Java Runtime Environment:
#
#  SIGSEGV (0xb) at pc=0x00007fc97a8862e1, pid=3449, tid=140503324083984
#
# JRE version: 6.0_21-b06
# Java VM: Java HotSpot(TM) 64-Bit Server VM (17.0-b16 mixed mode linux-amd64 )
# Problematic frame:
# C  [librxtxSerial.so+0x92e1]  Java_gnu_io_RXTXPort_nativeDrain+0xe1
#
# If you would like to submit a bug report, please visit:
#   http://java.sun.com/webapps/bugreport/crash.jsp
# The crash happened outside the Java Virtual Machine in native code.
# See problematic frame for where to report the bug.
#

---------------  T H R E A D  ---------------

Current thread (0x0000000041253000):  JavaThread "AWT-EventQueue-0" [_thread_in_native, id=3469, stack(0x00007fc97aa8c000,0x00007fc97ab8d000)]

siginfo:si_signo=SIGSEGV: si_errno=0, si_code=1 (SEGV_MAPERR), si_addr=0x0000000079f887cc

Registers:
RAX=0x000000000000001c, RBX=0x00007fc97ab8a9a0, RCX=0x00007fc97a887fc1, RDX=0x00007fc97ab8a9bc
RSP=0x00007fc97ab8a7d0, RBP=0x00000000412531c8, RSI=0x00007fc97a887fc0, RDI=0x00007fc97ab8a9a0
R8 =0x0000000000000001, R9 =0x00007fc97a887fc1, R10=0x0000000000000000, R11=0x0000000000000000
R12=0x0000000079f887c0, R13=0x0000000000000010, R14=0x0000000000000000, R15=0x0000000000000000
RIP=0x00007fc97a8862e1, EFL=0x0000000000010206, CSGSFS=0x0000000000000033, ERR=0x0000000000000004
  TRAPNO=0x000000000000000e

Top of Stack: (sp=0x00007fc97ab8a7d0)
0x00007fc97ab8a7d0:   00007fc97ab8a6f8 00007fc97ab8aab0
0x00007fc97ab8a7e0:   00007fc97ab8a7c1 0000000800000002
0x00007fc97ab8a7f0:   0000000041248e00 00007fc97ab8a850
0x00007fc97ab8a800:   00007fc97ab8a8d0 00007fc9c4164458
0x00007fc97ab8a810:   0000000041253000 00007fc9c418c490
0x00007fc97ab8a820:   00007fc97ab8a9d7 0000000041277f88
0x00007fc97ab8a830:   0000000041277f98 0000000041277f90
0x00007fc97ab8a840:   00007fc90000000b 00007fc97a886200
0x00007fc97ab8a850:   00007fc9c44c53b0 0000005000000000
0x00007fc97ab8a860:   0000000000000020 0000000000000000
0x00007fc97ab8a870:   0000000000000000 0000000041248d20
0x00007fc97ab8a880:   0000000000000020 0000000000000100
0x00007fc97ab8a890:   0000000000000000 0000000041248bf0
0x00007fc97ab8a8a0:   0000000000000020 0000000041277f88
0x00007fc97ab8a8b0:   0000000041253000 0000000000000003
0x00007fc97ab8a8c0:   00007fc97ab8a9d7 0000000041248cf0
0x00007fc97ab8a8d0:   00007fc97ab8a920 00007fc9c41645c7
0x00007fc97ab8a8e0:   0000000041253000 0000010000000004
0x00007fc97ab8a8f0:   00007fc900000000 0000000041253000
0x00007fc97ab8a900:   00007fc97ab8a9d7 0000000041277f88
0x00007fc97ab8a910:   00007fc97ab8a9d7 0000000041253000
0x00007fc97ab8a920:   00007fc97ab8a970 00007fc9c4164963
0x00007fc97ab8a930:   00000000414cdc90 0000000041248be0
0x00007fc97ab8a940:   00007fc9c44c95d0 0000000041277fc8
0x00007fc97ab8a950:   0000000000000003 0000000000000000
0x00007fc97ab8a960:   0000000000001428 00007fc900000009
0x00007fc97ab8a970:   0000000041277f88 00007fc9c4164a9a
0x00007fc97ab8a980:   00000000410b1450 00007fc9c41690d8
0x00007fc97ab8a990:   00007fc97ab8a9a0 0000000041253000
0x00007fc97ab8a9a0:   74726f5058545852 29286e696172643a
0x00007fc97ab8a9b0:   736e727574657220 000000000a30203a
0x00007fc97ab8a9c0:   00007fc97ab8aa10 00007fc9c3f75320 

Instructions: (pc=0x00007fc97a8862e1)
0x00007fc97a8862d1:   ef e8 b1 b0 ff ff 45 84 f6 75 0f 4d 85 e4 74 0a
0x00007fc97a8862e1:   45 8b 6c 24 0c 45 85 ed 75 15 48 81 c4 28 02 00 

Stack: [0x00007fc97aa8c000,0x00007fc97ab8d000],  sp=0x00007fc97ab8a7d0,  free space=3f90000000000000018k
Native frames: (J=compiled Java code, j=interpreted, Vv=VM code, C=native code)
C  [librxtxSerial.so+0x92e1]  Java_gnu_io_RXTXPort_nativeDrain+0xe1

Java frames: (J=compiled Java code, j=interpreted, Vv=VM code)
j  gnu.io.RXTXPort.nativeDrain(Z)Z+0
j  gnu.io.RXTXPort$SerialOutputStream.flush()V+72
j  chronos.Connection.send(I[I)V+104
j  chronos.Connection.startAP()V+6
j  chronos.Controller.sync()V+18
j  chronos.gui.MainFrame.syncButtonActionPerformed(Ljava/awt/event/ActionEvent;)V+3
j  chronos.gui.MainFrame.access$100(Lchronos/gui/MainFrame;Ljava/awt/event/ActionEvent;)V+2
j  chronos.gui.MainFrame$2.actionPerformed(Ljava/awt/event/ActionEvent;)V+5
j  javax.swing.AbstractButton.fireActionPerformed(Ljava/awt/event/ActionEvent;)V+84
j  javax.swing.AbstractButton$Handler.actionPerformed(Ljava/awt/event/ActionEvent;)V+5
j  javax.swing.DefaultButtonModel.fireActionPerformed(Ljava/awt/event/ActionEvent;)V+35
j  javax.swing.DefaultButtonModel.setPressed(Z)V+117
j  javax.swing.plaf.basic.BasicButtonListener.mouseReleased(Ljava/awt/event/MouseEvent;)V+35
j  java.awt.Component.processMouseEvent(Ljava/awt/event/MouseEvent;)V+64
j  javax.swing.JComponent.processMouseEvent(Ljava/awt/event/MouseEvent;)V+23
j  java.awt.Component.processEvent(Ljava/awt/AWTEvent;)V+81
j  java.awt.Container.processEvent(Ljava/awt/AWTEvent;)V+18
j  java.awt.Component.dispatchEventImpl(Ljava/awt/AWTEvent;)V+566
j  java.awt.Container.dispatchEventImpl(Ljava/awt/AWTEvent;)V+42
j  java.awt.Component.dispatchEvent(Ljava/awt/AWTEvent;)V+2
j  java.awt.LightweightDispatcher.retargetMouseEvent(Ljava/awt/Component;ILjava/awt/event/MouseEvent;)V+320
j  java.awt.LightweightDispatcher.processMouseEvent(Ljava/awt/event/MouseEvent;)Z+139
j  java.awt.LightweightDispatcher.dispatchEvent(Ljava/awt/AWTEvent;)Z+50
j  java.awt.Container.dispatchEventImpl(Ljava/awt/AWTEvent;)V+12
j  java.awt.Window.dispatchEventImpl(Ljava/awt/AWTEvent;)V+19
j  java.awt.Component.dispatchEvent(Ljava/awt/AWTEvent;)V+2
j  java.awt.EventQueue.dispatchEvent(Ljava/awt/AWTEvent;)V+46
j  java.awt.EventDispatchThread.pumpOneEventForFilters(I)Z+204
j  java.awt.EventDispatchThread.pumpEventsForFilter(ILjava/awt/Conditional;Ljava/awt/EventFilter;)V+30
j  java.awt.EventDispatchThread.pumpEventsForHierarchy(ILjava/awt/Conditional;Ljava/awt/Component;)V+11
j  java.awt.EventDispatchThread.pumpEvents(ILjava/awt/Conditional;)V+4
j  java.awt.EventDispatchThread.pumpEvents(Ljava/awt/Conditional;)V+3
j  java.awt.EventDispatchThread.run()V+9
v  ~StubRoutines::call_stub

---------------  P R O C E S S  ---------------

Java Threads: ( => current thread )
  0x0000000041695000 JavaThread "Thread-1" [_thread_in_native, id=3479, stack(0x00007fc979e89000,0x00007fc979f8a000)]
  0x0000000041693800 JavaThread "TimerQueue" daemon [_thread_blocked, id=3472, stack(0x00007fc979f8a000,0x00007fc97a08b000)]
  0x00000000410b4800 JavaThread "DestroyJavaVM" [_thread_blocked, id=3452, stack(0x00007fc9c3810000,0x00007fc9c3911000)]
=>0x0000000041253000 JavaThread "AWT-EventQueue-0" [_thread_in_native, id=3469, stack(0x00007fc97aa8c000,0x00007fc97ab8d000)]
  0x0000000041252000 JavaThread "AWT-Shutdown" [_thread_blocked, id=3468, stack(0x00007fc97ae6b000,0x00007fc97af6c000)]
  0x00000000414d1800 JavaThread "AWT-XAWT" daemon [_thread_in_native, id=3467, stack(0x00007fc97af6c000,0x00007fc97b06d000)]
  0x0000000041221000 JavaThread "Java2D Disposer" daemon [_thread_blocked, id=3464, stack(0x00007fc97b6ad000,0x00007fc97b7ae000)]
  0x0000000041142800 JavaThread "Low Memory Detector" daemon [_thread_blocked, id=3461, stack(0x00007fc97cd23000,0x00007fc97ce24000)]
  0x000000004113d800 JavaThread "CompilerThread1" daemon [_thread_blocked, id=3460, stack(0x00007fc97ce24000,0x00007fc97cf25000)]
  0x000000004113a800 JavaThread "CompilerThread0" daemon [_thread_blocked, id=3459, stack(0x00007fc97cf25000,0x00007fc97d026000)]
  0x0000000041138800 JavaThread "Signal Dispatcher" daemon [_thread_blocked, id=3458, stack(0x00007fc97d026000,0x00007fc97d127000)]
  0x0000000041114800 JavaThread "Finalizer" daemon [_thread_blocked, id=3457, stack(0x00007fc97d3fc000,0x00007fc97d4fd000)]
  0x0000000041112800 JavaThread "Reference Handler" daemon [_thread_blocked, id=3456, stack(0x00007fc97d4fd000,0x00007fc97d5fe000)]

Other Threads:
  0x000000004110e000 VMThread [stack: 0x00007fc97d5fe000,0x00007fc97d6ff000] [id=3455]
  0x000000004114d000 WatcherThread [stack: 0x00007fc97cc22000,0x00007fc97cd23000] [id=3462]

VM state:not at safepoint (normal execution)

VM Mutex/Monitor currently owned by a thread: None

Heap
 PSYoungGen      total 17984K, used 11804K [0x00007fc9ab820000, 0x00007fc9acc30000, 0x00007fc9bf970000)
  eden space 15424K, 76% used [0x00007fc9ab820000,0x00007fc9ac3a7050,0x00007fc9ac730000)
  from space 2560K, 0% used [0x00007fc9ac9b0000,0x00007fc9ac9b0000,0x00007fc9acc30000)
  to   space 2560K, 0% used [0x00007fc9ac730000,0x00007fc9ac730000,0x00007fc9ac9b0000)
 PSOldGen        total 41152K, used 0K [0x00007fc983570000, 0x00007fc985da0000, 0x00007fc9ab820000)
  object space 41152K, 0% used [0x00007fc983570000,0x00007fc983570000,0x00007fc985da0000)
 PSPermGen       total 21248K, used 16645K [0x00007fc97e170000, 0x00007fc97f630000, 0x00007fc983570000)
  object space 21248K, 78% used [0x00007fc97e170000,0x00007fc97f1b1658,0x00007fc97f630000)

Dynamic libraries:
40000000-40009000 r-xp 00000000 fc:00 2126858                            /opt/sun-jdk-1.6.0.21/bin/java
40108000-4010a000 rwxp 00008000 fc:00 2126858                            /opt/sun-jdk-1.6.0.21/bin/java
410ac000-4170c000 rwxp 00000000 00:00 0                                  [heap]
7fc974000000-7fc974294000 rwxp 00000000 00:00 0 
7fc974294000-7fc978000000 ---p 00000000 00:00 0 
7fc979e89000-7fc979e8c000 ---p 00000000 00:00 0 
7fc979e8c000-7fc979f8a000 rwxp 00000000 00:00 0 
7fc979f8a000-7fc979f8d000 ---p 00000000 00:00 0 
7fc979f8d000-7fc97a08b000 rwxp 00000000 00:00 0 
7fc97a08b000-7fc97a45c000 rwxs 00000000 00:04 1286701069                 /SYSV00000000 (deleted)
7fc97a45c000-7fc97a463000 r-xp 00000000 fc:00 2126917                    /opt/sun-jdk-1.6.0.21/jre/lib/amd64/libnio.so
7fc97a463000-7fc97a562000 ---p 00007000 fc:00 2126917                    /opt/sun-jdk-1.6.0.21/jre/lib/amd64/libnio.so
7fc97a562000-7fc97a564000 rwxp 00006000 fc:00 2126917                    /opt/sun-jdk-1.6.0.21/jre/lib/amd64/libnio.so
7fc97a564000-7fc97a577000 r-xp 00000000 fc:00 2126928                    /opt/sun-jdk-1.6.0.21/jre/lib/amd64/libnet.so
7fc97a577000-7fc97a678000 ---p 00013000 fc:00 2126928                    /opt/sun-jdk-1.6.0.21/jre/lib/amd64/libnet.so
7fc97a678000-7fc97a67b000 rwxp 00014000 fc:00 2126928                    /opt/sun-jdk-1.6.0.21/jre/lib/amd64/libnet.so
7fc97a67b000-7fc97a67e000 ---p 00000000 00:00 0 
7fc97a67e000-7fc97a77c000 rwxp 00000000 00:00 0 
7fc97a77c000-7fc97a77f000 ---p 00000000 00:00 0 
7fc97a77f000-7fc97a87d000 rwxp 00000000 00:00 0 
7fc97a87d000-7fc97a88b000 r-xp 00000000 fc:00 1894172                    /usr/lib64/rxtx-2/librxtxSerial-2.1-7.so
7fc97a88b000-7fc97aa8a000 ---p 0000e000 fc:00 1894172                    /usr/lib64/rxtx-2/librxtxSerial-2.1-7.so
7fc97aa8a000-7fc97aa8b000 r-xp 0000d000 fc:00 1894172                    /usr/lib64/rxtx-2/librxtxSerial-2.1-7.so
7fc97aa8b000-7fc97aa8c000 rwxp 0000e000 fc:00 1894172                    /usr/lib64/rxtx-2/librxtxSerial-2.1-7.so
7fc97aa8c000-7fc97aa8f000 ---p 00000000 00:00 0 
7fc97aa8f000-7fc97ab8d000 rwxp 00000000 00:00 0                          [threadstack:000fcff0]
7fc97ab8d000-7fc97ab96000 r-xs 00000000 fc:00 1964158                    /var/cache/fontconfig/87f5e051180a7a75f16eb6fe7dbd3749-le64.cache-3
7fc97ab96000-7fc97ab99000 r-xs 00000000 fc:00 1968492                    /var/cache/fontconfig/f55bbeb01d684dc5b5f7b2c347cc42d9-le64.cache-3
7fc97ab99000-7fc97ab9c000 r-xs 00000000 fc:00 1968480                    /var/cache/fontconfig/76fa4b957c916922374347f144bde9da-le64.cache-3
7fc97ab9c000-7fc97aba4000 r-xs 00000000 fc:00 1968387                    /var/cache/fontconfig/4460665c0f3e88acdd4c85aa2f409b99-le64.cache-3
7fc97aba4000-7fc97abba000 r-xs 00000000 fc:00 1968386                    /var/cache/fontconfig/8d4af663993b81a124ee82e610bb31f9-le64.cache-3
7fc97abba000-7fc97acb5000 r-xs 00000000 fc:00 1968337                    /var/cache/fontconfig/dddecb0375fed72f4397ef3beff8ac7b-le64.cache-3
7fc97acb5000-7fc97acb8000 r-xs 00000000 fc:00 1968336                    /var/cache/fontconfig/cfde08ab28ad1d91784abb10973575e3-le64.cache-3
7fc97acb8000-7fc97acbc000 r-xs 00000000 fc:00 1968334                    /var/cache/fontconfig/a595ca43be94766bbfe429f07fba82d0-le64.cache-3
7fc97acbc000-7fc97acc1000 r-xs 00000000 fc:00 1968329                    /var/cache/fontconfig/a336a40326b5f097d6a660e43ed65741-le64.cache-3
7fc97acc1000-7fc97acd3000 r-xs 00000000 fc:00 1968312                    /var/cache/fontconfig/221fd1126b80b777db535aea535e87ba-le64.cache-3
7fc97acd3000-7fc97acdd000 r-xs 00000000 fc:00 1962731                    /var/cache/fontconfig/0ab7af1fb3bdf18d804b641fb2a04792-le64.cache-3
7fc97acdd000-7fc97ace6000 r-xs 00000000 fc:00 1968055                    /var/cache/fontconfig/12b26b760a24f8b4feb03ad48a333a72-le64.cache-3
7fc97ace6000-7fc97ad43000 r-xs 00000000 fc:00 1967229                    /var/cache/fontconfig/17090aa38d5c6f09fb8c5c354938f1d7-le64.cache-3
7fc97ad43000-7fc97ada0000 r-xs 00000000 fc:00 1967227                    /var/cache/fontconfig/df311e82a1a24c41a75c2c930223552e-le64.cache-3
7fc97ae6b000-7fc97ae6e000 ---p 00000000 00:00 0 
7fc97ae6e000-7fc97af6c000 rwxp 00000000 00:00 0 
7fc97af6c000-7fc97af6f000 ---p 00000000 00:00 0 
7fc97af6f000-7fc97b06d000 rwxp 00000000 00:00 0 
7fc97b06d000-7fc97b072000 r-xp 00000000 fc:00 20885                      /usr/lib64/libXfixes.so.3.1.0
7fc97b072000-7fc97b271000 ---p 00005000 fc:00 20885                      /usr/lib64/libXfixes.so.3.1.0
7fc97b271000-7fc97b272000 r-xp 00004000 fc:00 20885                      /usr/lib64/libXfixes.so.3.1.0
7fc97b272000-7fc97b273000 rwxp 00005000 fc:00 20885                      /usr/lib64/libXfixes.so.3.1.0
7fc97b273000-7fc97b27c000 r-xp 00000000 fc:00 20901                      /usr/lib64/libXrender.so.1.3.0
7fc97b27c000-7fc97b47c000 ---p 00009000 fc:00 20901                      /usr/lib64/libXrender.so.1.3.0
7fc97b47c000-7fc97b47d000 r-xp 00009000 fc:00 20901                      /usr/lib64/libXrender.so.1.3.0
7fc97b47d000-7fc97b47e000 rwxp 0000a000 fc:00 20901                      /usr/lib64/libXrender.so.1.3.0
7fc97b47e000-7fc97b488000 r-xp 00000000 fc:00 2118390                    /usr/lib64/libXcursor.so.1.0.2
7fc97b488000-7fc97b687000 ---p 0000a000 fc:00 2118390                    /usr/lib64/libXcursor.so.1.0.2
7fc97b687000-7fc97b688000 r-xp 00009000 fc:00 2118390                    /usr/lib64/libXcursor.so.1.0.2
7fc97b688000-7fc97b689000 rwxp 0000a000 fc:00 2118390                    /usr/lib64/libXcursor.so.1.0.2
7fc97b6a5000-7fc97b6ad000 r-xs 00115000 fc:00 2126998                    /opt/sun-jdk-1.6.0.21/jre/lib/resources.jar
7fc97b6ad000-7fc97b6b0000 ---p 00000000 00:00 0 
7fc97b6b0000-7fc97b7ae000 rwxp 00000000 00:00 0 
7fc97b7ae000-7fc97b82c000 r-xp 00000000 fc:00 2126915                    /opt/sun-jdk-1.6.0.21/jre/lib/amd64/libfontmanager.so
7fc97b82c000-7fc97b92b000 ---p 0007e000 fc:00 2126915                    /opt/sun-jdk-1.6.0.21/jre/lib/amd64/libfontmanager.so
7fc97b92b000-7fc97b941000 rwxp 0007d000 fc:00 2126915                    /opt/sun-jdk-1.6.0.21/jre/lib/amd64/libfontmanager.so
7fc97b941000-7fc97b952000 rwxp 00000000 00:00 0 
7fc97b952000-7fc97b957000 r-xp 00000000 fc:00 2116044                    /usr/lib64/libXdmcp.so.6.0.0
7fc97b957000-7fc97bb56000 ---p 00005000 fc:00 2116044                    /usr/lib64/libXdmcp.so.6.0.0
7fc97bb56000-7fc97bb57000 r-xp 00004000 fc:00 2116044                    /usr/lib64/libXdmcp.so.6.0.0
7fc97bb57000-7fc97bb58000 rwxp 00005000 fc:00 2116044                    /usr/lib64/libXdmcp.so.6.0.0
7fc97bb58000-7fc97bb5a000 r-xp 00000000 fc:00 2115664                    /usr/lib64/libXau.so.6.0.0
7fc97bb5a000-7fc97bd5a000 ---p 00002000 fc:00 2115664                    /usr/lib64/libXau.so.6.0.0
7fc97bd5a000-7fc97bd5b000 r-xp 00002000 fc:00 2115664                    /usr/lib64/libXau.so.6.0.0
7fc97bd5b000-7fc97bd5c000 rwxp 00003000 fc:00 2115664                    /usr/lib64/libXau.so.6.0.0
7fc97bd5c000-7fc97bd79000 r-xp 00000000 fc:00 1976861                    /usr/lib64/libxcb.so.1.1.0
7fc97bd79000-7fc97bf78000 ---p 0001d000 fc:00 1976861                    /usr/lib64/libxcb.so.1.1.0
7fc97bf78000-7fc97bf79000 r-xp 0001c000 fc:00 1976861                    /usr/lib64/libxcb.so.1.1.0
7fc97bf79000-7fc97bf7a000 rwxp 0001d000 fc:00 1976861                    /usr/lib64/libxcb.so.1.1.0
7fc97bf7a000-7fc97bf89000 r-xp 00000000 fc:00 2181465                    /usr/lib64/libXi.so.6.1.0
7fc97bf89000-7fc97c188000 ---p 0000f000 fc:00 2181465                    /usr/lib64/libXi.so.6.1.0
7fc97c188000-7fc97c189000 r-xp 0000e000 fc:00 2181465                    /usr/lib64/libXi.so.6.1.0
7fc97c189000-7fc97c18a000 rwxp 0000f000 fc:00 2181465                    /usr/lib64/libXi.so.6.1.0
7fc97c18a000-7fc97c18f000 r-xp 00000000 fc:00 2120114                    /usr/lib64/libXtst.so.6.1.0
7fc97c18f000-7fc97c38f000 ---p 00005000 fc:00 2120114                    /usr/lib64/libXtst.so.6.1.0
7fc97c38f000-7fc97c390000 r-xp 00005000 fc:00 2120114                    /usr/lib64/libXtst.so.6.1.0
7fc97c390000-7fc97c391000 rwxp 00006000 fc:00 2120114                    /usr/lib64/libXtst.so.6.1.0
7fc97c391000-7fc97c4c8000 r-xp 00000000 fc:00 598486                     /usr/lib64/libX11.so.6.3.0
7fc97c4c8000-7fc97c6c8000 ---p 00137000 fc:00 598486                     /usr/lib64/libX11.so.6.3.0
7fc97c6c8000-7fc97c6c9000 r-xp 00137000 fc:00 598486                     /usr/lib64/libX11.so.6.3.0
7fc97c6c9000-7fc97c6ce000 rwxp 00138000 fc:00 598486                     /usr/lib64/libX11.so.6.3.0
7fc97c6ce000-7fc97c6df000 r-xp 00000000 fc:00 2117703                    /usr/lib64/libXext.so.6.4.0
7fc97c6df000-7fc97c8df000 ---p 00011000 fc:00 2117703                    /usr/lib64/libXext.so.6.4.0
7fc97c8df000-7fc97c8e0000 r-xp 00011000 fc:00 2117703                    /usr/lib64/libXext.so.6.4.0
7fc97c8e0000-7fc97c8e1000 rwxp 00012000 fc:00 2117703                    /usr/lib64/libXext.so.6.4.0
7fc97c8e7000-7fc97c900000 r-xs 00000000 fc:00 1968031                    /var/cache/fontconfig/4b5cf4386f1cde02a336ba961b4ac82d-le64.cache-3
7fc97c900000-7fc97c905000 r-xs 00000000 fc:00 1968030                    /var/cache/fontconfig/374b958dfa195bf54eaa9332f068d728-le64.cache-3
7fc97c905000-7fc97c947000 r-xp 00000000 fc:00 2126954                    /opt/sun-jdk-1.6.0.21/jre/lib/amd64/xawt/libmawt.so
7fc97c947000-7fc97ca46000 ---p 00042000 fc:00 2126954                    /opt/sun-jdk-1.6.0.21/jre/lib/amd64/xawt/libmawt.so
7fc97ca46000-7fc97ca51000 rwxp 00041000 fc:00 2126954                    /opt/sun-jdk-1.6.0.21/jre/lib/amd64/xawt/libmawt.so
7fc97ca51000-7fc97ca53000 rwxp 00000000 00:00 0 
7fc97ca53000-7fc97cae5000 r-xp 00000000 fc:00 2126966                    /opt/sun-jdk-1.6.0.21/jre/lib/amd64/libawt.so
7fc97cae5000-7fc97cbe4000 ---p 00092000 fc:00 2126966                    /opt/sun-jdk-1.6.0.21/jre/lib/amd64/libawt.so
7fc97cbe4000-7fc97cbfd000 rwxp 00091000 fc:00 2126966                    /opt/sun-jdk-1.6.0.21/jre/lib/amd64/libawt.so
7fc97cbfd000-7fc97cc22000 rwxp 00000000 00:00 0 
7fc97cc22000-7fc97cc23000 ---p 00000000 00:00 0 
7fc97cc23000-7fc97cd23000 rwxp 00000000 00:00 0 
7fc97cd23000-7fc97cd26000 ---p 00000000 00:00 0 
7fc97cd26000-7fc97ce24000 rwxp 00000000 00:00 0 
7fc97ce24000-7fc97ce27000 ---p 00000000 00:00 0 
7fc97ce27000-7fc97cf25000 rwxp 00000000 00:00 0 
7fc97cf25000-7fc97cf28000 ---p 00000000 00:00 0 
7fc97cf28000-7fc97d026000 rwxp 00000000 00:00 0 
7fc97d026000-7fc97d029000 ---p 00000000 00:00 0 
7fc97d029000-7fc97d127000 rwxp 00000000 00:00 0 
7fc97d127000-7fc97d3fc000 r-xp 00000000 fc:00 269829                     /usr/lib64/locale/locale-archive
7fc97d3fc000-7fc97d3ff000 ---p 00000000 00:00 0 
7fc97d3ff000-7fc97d4fd000 rwxp 00000000 00:00 0 
7fc97d4fd000-7fc97d500000 ---p 00000000 00:00 0 
7fc97d500000-7fc97d5fe000 rwxp 00000000 00:00 0 
7fc97d5fe000-7fc97d5ff000 ---p 00000000 00:00 0 
7fc97d5ff000-7fc97da36000 rwxp 00000000 00:00 0 
7fc97da36000-7fc97dbcd000 r-xs 03014000 fc:00 2126975                    /opt/sun-jdk-1.6.0.21/jre/lib/rt.jar
7fc97dbcd000-7fc97dbf5000 rwxp 00000000 00:00 0 
7fc97dbf5000-7fc97dbf6000 ---p 00000000 00:00 0 
7fc97dbf6000-7fc97dcf6000 rwxp 00000000 00:00 0 
7fc97dcf6000-7fc97dcf7000 ---p 00000000 00:00 0 
7fc97dcf7000-7fc97de02000 rwxp 00000000 00:00 0 
7fc97de02000-7fc97de21000 rwxp 00000000 00:00 0 
7fc97de21000-7fc97de36000 rwxp 00000000 00:00 0 
7fc97de36000-7fc97df63000 rwxp 00000000 00:00 0 
7fc97df63000-7fc97df6e000 rwxp 00000000 00:00 0 
7fc97df6e000-7fc97df8d000 rwxp 00000000 00:00 0 
7fc97df8d000-7fc97dfa2000 rwxp 00000000 00:00 0 
7fc97dfa2000-7fc97e0ce000 rwxp 00000000 00:00 0 
7fc97e0ce000-7fc97e0d9000 rwxp 00000000 00:00 0 
7fc97e0d9000-7fc97e16f000 rwxp 00000000 00:00 0 
7fc97e16f000-7fc97f630000 rwxp 00000000 00:00 0 
7fc97f630000-7fc983570000 rwxp 00000000 00:00 0 
7fc983570000-7fc985da0000 rwxp 00000000 00:00 0 
7fc985da0000-7fc9ab820000 rwxp 00000000 00:00 0 
7fc9ab820000-7fc9acc30000 rwxp 00000000 00:00 0 
7fc9acc30000-7fc9bf970000 rwxp 00000000 00:00 0 
7fc9bf972000-7fc9bfbe2000 rwxp 00000000 00:00 0 
7fc9bfbe2000-7fc9c2972000 rwxp 00000000 00:00 0 
7fc9c2972000-7fc9c2980000 r-xp 00000000 fc:00 2126936                    /opt/sun-jdk-1.6.0.21/jre/lib/amd64/libzip.so
7fc9c2980000-7fc9c2a82000 ---p 0000e000 fc:00 2126936                    /opt/sun-jdk-1.6.0.21/jre/lib/amd64/libzip.so
7fc9c2a82000-7fc9c2a85000 rwxp 00010000 fc:00 2126936                    /opt/sun-jdk-1.6.0.21/jre/lib/amd64/libzip.so
7fc9c2a85000-7fc9c2a86000 rwxp 00000000 00:00 0 
7fc9c2a86000-7fc9c2a91000 r-xp 00000000 fc:00 608267                     /lib64/libnss_files-2.12.1.so
7fc9c2a91000-7fc9c2c91000 ---p 0000b000 fc:00 608267                     /lib64/libnss_files-2.12.1.so
7fc9c2c91000-7fc9c2c92000 r-xp 0000b000 fc:00 608267                     /lib64/libnss_files-2.12.1.so
7fc9c2c92000-7fc9c2c93000 rwxp 0000c000 fc:00 608267                     /lib64/libnss_files-2.12.1.so
7fc9c2c93000-7fc9c2c9d000 r-xp 00000000 fc:00 608377                     /lib64/libnss_nis-2.12.1.so
7fc9c2c9d000-7fc9c2e9c000 ---p 0000a000 fc:00 608377                     /lib64/libnss_nis-2.12.1.so
7fc9c2e9c000-7fc9c2e9d000 r-xp 00009000 fc:00 608377                     /lib64/libnss_nis-2.12.1.so
7fc9c2e9d000-7fc9c2e9e000 rwxp 0000a000 fc:00 608377                     /lib64/libnss_nis-2.12.1.so
7fc9c2e9e000-7fc9c2ea5000 r-xp 00000000 fc:00 608421                     /lib64/libnss_compat-2.12.1.so
7fc9c2ea5000-7fc9c30a4000 ---p 00007000 fc:00 608421                     /lib64/libnss_compat-2.12.1.so
7fc9c30a4000-7fc9c30a5000 r-xp 00006000 fc:00 608421                     /lib64/libnss_compat-2.12.1.so
7fc9c30a5000-7fc9c30a6000 rwxp 00007000 fc:00 608421                     /lib64/libnss_compat-2.12.1.so
7fc9c30a6000-7fc9c30ad000 r-xp 00000000 fc:00 2126944                    /opt/sun-jdk-1.6.0.21/jre/lib/amd64/native_threads/libhpi.so
7fc9c30ad000-7fc9c31ae000 ---p 00007000 fc:00 2126944                    /opt/sun-jdk-1.6.0.21/jre/lib/amd64/native_threads/libhpi.so
7fc9c31ae000-7fc9c31b0000 rwxp 00008000 fc:00 2126944                    /opt/sun-jdk-1.6.0.21/jre/lib/amd64/native_threads/libhpi.so
7fc9c31b0000-7fc9c31b1000 rwxp 00000000 00:00 0 
7fc9c31b1000-7fc9c31c6000 r-xp 00000000 fc:00 605566                     /lib64/libnsl-2.12.1.so
7fc9c31c6000-7fc9c33c5000 ---p 00015000 fc:00 605566                     /lib64/libnsl-2.12.1.so
7fc9c33c5000-7fc9c33c6000 r-xp 00014000 fc:00 605566                     /lib64/libnsl-2.12.1.so
7fc9c33c6000-7fc9c33c7000 rwxp 00015000 fc:00 605566                     /lib64/libnsl-2.12.1.so
7fc9c33c7000-7fc9c33c9000 rwxp 00000000 00:00 0 
7fc9c33c9000-7fc9c33f1000 r-xp 00000000 fc:00 2126938                    /opt/sun-jdk-1.6.0.21/jre/lib/amd64/libjava.so
7fc9c33f1000-7fc9c34f1000 ---p 00028000 fc:00 2126938                    /opt/sun-jdk-1.6.0.21/jre/lib/amd64/libjava.so
7fc9c34f1000-7fc9c34f8000 rwxp 00028000 fc:00 2126938                    /opt/sun-jdk-1.6.0.21/jre/lib/amd64/libjava.so
7fc9c34f8000-7fc9c3505000 r-xp 00000000 fc:00 2126951                    /opt/sun-jdk-1.6.0.21/jre/lib/amd64/libverify.so
7fc9c3505000-7fc9c3604000 ---p 0000d000 fc:00 2126951                    /opt/sun-jdk-1.6.0.21/jre/lib/amd64/libverify.so
7fc9c3604000-7fc9c3607000 rwxp 0000c000 fc:00 2126951                    /opt/sun-jdk-1.6.0.21/jre/lib/amd64/libverify.so
7fc9c3607000-7fc9c360f000 r-xp 00000000 fc:00 608417                     /lib64/librt-2.12.1.so
7fc9c360f000-7fc9c380e000 ---p 00008000 fc:00 608417                     /lib64/librt-2.12.1.so
7fc9c380e000-7fc9c380f000 r-xp 00007000 fc:00 608417                     /lib64/librt-2.12.1.so
7fc9c380f000-7fc9c3810000 rwxp 00008000 fc:00 608417                     /lib64/librt-2.12.1.so
7fc9c3810000-7fc9c3813000 ---p 00000000 00:00 0 
7fc9c3813000-7fc9c3911000 rwxp 00000000 00:00 0 
7fc9c3911000-7fc9c3991000 r-xp 00000000 fc:00 605498                     /lib64/libm-2.12.1.so
7fc9c3991000-7fc9c3b90000 ---p 00080000 fc:00 605498                     /lib64/libm-2.12.1.so
7fc9c3b90000-7fc9c3b91000 r-xp 0007f000 fc:00 605498                     /lib64/libm-2.12.1.so
7fc9c3b91000-7fc9c3b92000 rwxp 00080000 fc:00 605498                     /lib64/libm-2.12.1.so
7fc9c3b92000-7fc9c436c000 r-xp 00000000 fc:00 2126923                    /opt/sun-jdk-1.6.0.21/jre/lib/amd64/server/libjvm.so
7fc9c436c000-7fc9c446e000 ---p 007da000 fc:00 2126923                    /opt/sun-jdk-1.6.0.21/jre/lib/amd64/server/libjvm.so
7fc9c446e000-7fc9c45ff000 rwxp 007dc000 fc:00 2126923                    /opt/sun-jdk-1.6.0.21/jre/lib/amd64/server/libjvm.so
7fc9c45ff000-7fc9c463a000 rwxp 00000000 00:00 0 
7fc9c463a000-7fc9c4796000 r-xp 00000000 fc:00 608320                     /lib64/libc-2.12.1.so
7fc9c4796000-7fc9c4996000 ---p 0015c000 fc:00 608320                     /lib64/libc-2.12.1.so
7fc9c4996000-7fc9c499a000 r-xp 0015c000 fc:00 608320                     /lib64/libc-2.12.1.so
7fc9c499a000-7fc9c499b000 rwxp 00160000 fc:00 608320                     /lib64/libc-2.12.1.so
7fc9c499b000-7fc9c49a0000 rwxp 00000000 00:00 0 
7fc9c49a0000-7fc9c49a2000 r-xp 00000000 fc:00 608648                     /lib64/libdl-2.12.1.so
7fc9c49a2000-7fc9c4ba2000 ---p 00002000 fc:00 608648                     /lib64/libdl-2.12.1.so
7fc9c4ba2000-7fc9c4ba3000 r-xp 00002000 fc:00 608648                     /lib64/libdl-2.12.1.so
7fc9c4ba3000-7fc9c4ba4000 rwxp 00003000 fc:00 608648                     /lib64/libdl-2.12.1.so
7fc9c4ba4000-7fc9c4bbb000 r-xp 00000000 fc:00 608286                     /lib64/libpthread-2.12.1.so
7fc9c4bbb000-7fc9c4dbb000 ---p 00017000 fc:00 608286                     /lib64/libpthread-2.12.1.so
7fc9c4dbb000-7fc9c4dbc000 r-xp 00017000 fc:00 608286                     /lib64/libpthread-2.12.1.so
7fc9c4dbc000-7fc9c4dbd000 rwxp 00018000 fc:00 608286                     /lib64/libpthread-2.12.1.so
7fc9c4dbd000-7fc9c4dc1000 rwxp 00000000 00:00 0 
7fc9c4dc1000-7fc9c4ddf000 r-xp 00000000 fc:00 608530                     /lib64/ld-2.12.1.so
7fc9c4de0000-7fc9c4de4000 r-xs 00000000 fc:00 1968029                    /var/cache/fontconfig/32131d65b812eea3c64a5be9e545fb09-le64.cache-3
7fc9c4de4000-7fc9c4deb000 r-xs 00000000 fc:00 1967995                    /var/cache/fontconfig/d62e99ef547d1d24cdb1bd22ec1a2976-le64.cache-3
7fc9c4deb000-7fc9c4df5000 rwxp 00000000 00:00 0 
7fc9c4df5000-7fc9c4eab000 rwxp 00000000 00:00 0 
7fc9c4eab000-7fc9c4eae000 rwxp 00000000 00:00 0 
7fc9c4eae000-7fc9c4eb5000 r-xp 00000000 fc:00 2126933                    /opt/sun-jdk-1.6.0.21/jre/lib/amd64/jli/libjli.so
7fc9c4eb5000-7fc9c4fb6000 ---p 00007000 fc:00 2126933                    /opt/sun-jdk-1.6.0.21/jre/lib/amd64/jli/libjli.so
7fc9c4fb6000-7fc9c4fb8000 rwxp 00008000 fc:00 2126933                    /opt/sun-jdk-1.6.0.21/jre/lib/amd64/jli/libjli.so
7fc9c4fb8000-7fc9c4fba000 rwxp 00000000 00:00 0 
7fc9c4fba000-7fc9c4fbe000 r-xs 00000000 fc:00 1964292                    /var/cache/fontconfig/f6b893a7224233d96cb72fd88691c0b4-le64.cache-3
7fc9c4fbe000-7fc9c4fc5000 r-xs 00000000 fc:00 1967966                    /var/cache/fontconfig/f349e9996a5320f6dd491cedd2b1f964-le64.cache-3
7fc9c4fc5000-7fc9c4fc6000 r-xs 0000f000 fc:00 809074                     /home/dustin/chronos-clock/gui/libs/UmlGraph-5.3.jar
7fc9c4fc6000-7fc9c4fca000 r-xs 0001f000 fc:00 815326                     /home/dustin/chronos-clock/gui/libs/jCharts-0.7.5.jar
7fc9c4fca000-7fc9c4fd1000 r-xs 00094000 fc:00 815325                     /home/dustin/chronos-clock/gui/libs/beansbinding-1.2.1.jar
7fc9c4fd1000-7fc9c4fd3000 r-xs 0000d000 fc:00 1894140                    /usr/share/rxtx-2/lib/RXTXcomm.jar
7fc9c4fd3000-7fc9c4fdb000 rwxs 00000000 fc:00 686352                     /tmp/hsperfdata_dustin/3449
7fc9c4fdb000-7fc9c4fdc000 rwxp 00000000 00:00 0 
7fc9c4fdc000-7fc9c4fdd000 r-xp 00000000 00:00 0 
7fc9c4fdd000-7fc9c4fde000 rwxp 00000000 00:00 0 
7fc9c4fde000-7fc9c4fdf000 r-xp 0001d000 fc:00 608530                     /lib64/ld-2.12.1.so
7fc9c4fdf000-7fc9c4fe0000 rwxp 0001e000 fc:00 608530                     /lib64/ld-2.12.1.so
7fc9c4fe0000-7fc9c4fe1000 rwxp 00000000 00:00 0 
7fff739bd000-7fff739d2000 rwxp 00000000 00:00 0                          [stack]
7fff739df000-7fff739e0000 r-xp 00000000 00:00 0                          [vdso]
ffffffffff600000-ffffffffff601000 r-xp 00000000 00:00 0                  [vsyscall]

VM Arguments:
jvm_args: -Dfile.encoding=UTF-8 
java_command: chronos.Main
Launcher Type: SUN_STANDARD

Environment Variables:
JAVA_HOME=/etc/java-config-2/current-system-vm
PATH=/usr/local/bin:/usr/bin:/bin:/opt/bin:/usr/x86_64-pc-linux-gnu/avr/gcc-bin/4.4.4:/usr/x86_64-pc-linux-gnu/mingw32/gcc-bin/4.4.4:/usr/x86_64-pc-linux-gnu/gcc-bin/4.4.4:/usr/games/bin
LD_LIBRARY_PATH=/opt/sun-jdk-1.6.0.21/jre/lib/amd64/server:/opt/sun-jdk-1.6.0.21/jre/lib/amd64:/opt/sun-jdk-1.6.0.21/jre/../lib/amd64
SHELL=/bin/zsh
DISPLAY=:0.0

Signal Handlers:
SIGSEGV: [libjvm.so+0x7311c0], sa_mask[0]=0x7ffbfeff, sa_flags=0x10000004
SIGBUS: [libjvm.so+0x7311c0], sa_mask[0]=0x7ffbfeff, sa_flags=0x10000004
SIGFPE: [libjvm.so+0x5f5da0], sa_mask[0]=0x7ffbfeff, sa_flags=0x10000004
SIGPIPE: [libjvm.so+0x5f5da0], sa_mask[0]=0x7ffbfeff, sa_flags=0x10000004
SIGXFSZ: [libjvm.so+0x5f5da0], sa_mask[0]=0x7ffbfeff, sa_flags=0x10000004
SIGILL: [libjvm.so+0x5f5da0], sa_mask[0]=0x7ffbfeff, sa_flags=0x10000004
SIGUSR1: SIG_DFL, sa_mask[0]=0x00000000, sa_flags=0x00000000
SIGUSR2: [libjvm.so+0x5f85c0], sa_mask[0]=0x00000004, sa_flags=0x10000004
SIGHUP: [libjvm.so+0x5f8310], sa_mask[0]=0x7ffbfeff, sa_flags=0x10000004
SIGINT: SIG_IGN, sa_mask[0]=0x00000000, sa_flags=0x00000000
SIGTERM: [libjvm.so+0x5f8310], sa_mask[0]=0x7ffbfeff, sa_flags=0x10000004
SIGQUIT: [libjvm.so+0x5f8310], sa_mask[0]=0x7ffbfeff, sa_flags=0x10000004


---------------  S Y S T E M  ---------------

OS:Gentoo Base System release 2.0.1

uname:Linux 2.6.33-gentoo-r2 #1 SMP Tue May 18 16:29:47 CEST 2010 x86_64
libc:glibc 2.12.1 NPTL 2.12.1 
rlimit: STACK 8192k, CORE 0k, NPROC 30556, NOFILE 1024, AS infinity
load average:4.17 2.01 0.95

CPU:total 2 (2 cores per cpu, 1 threads per core) family 6 model 15 stepping 13, cmov, cx8, fxsr, mmx, sse, sse2, sse3, ssse3

Memory: 4k page, physical 3948288k(1859976k free), swap 0k(0k free)

vm_info: Java HotSpot(TM) 64-Bit Server VM (17.0-b16) for linux-amd64 JRE (1.6.0_21-b06), built on Jun 22 2010 01:10:00 by "java_re" with gcc 3.2.2 (SuSE Linux)

time: Mon Jan 17 12:59:20 2011
elapsed time: 6 seconds

