#
# A fatal error has been detected by the Java Runtime Environment:
#
#  SIGSEGV (0xb) at pc=0x00007fc96f4b6b08, pid=10788, tid=140503135541008
#
# JRE version: 6.0_21-b06
# Java VM: Java HotSpot(TM) 64-Bit Server VM (17.0-b16 mixed mode linux-amd64 )
# Problematic frame:
# C  [librxtxSerial.so+0x8b08]  read_byte_array+0x48
#
# If you would like to submit a bug report, please visit:
#   http://java.sun.com/webapps/bugreport/crash.jsp
# The crash happened outside the Java Virtual Machine in native code.
# See problematic frame for where to report the bug.
#

---------------  T H R E A D  ---------------

Current thread (0x00007fc9701b4800):  JavaThread "AWT-EventQueue-0" [_thread_in_native, id=10807, stack(0x00007fc96f6bd000,0x00007fc96f7be000)]

siginfo:si_signo=SIGSEGV: si_errno=0, si_code=1 (SEGV_MAPERR), si_addr=0x000000006ebb9548

Registers:
RAX=0x000000006ebb9540, RBX=0x00007fc9701b49c8, RCX=0x0000000000000001, RDX=0x00007fc9bdb43000
RSP=0x00007fc96f7bb940, RBP=0x00000000ffffffff, RSI=0x00007fc96f4b8ad2, RDI=0x00007fc96f4b89ca
R8 =0x0000000000000ffc, R9 =0x00007fc9bd0492b8, R10=0x00007fc9bd04d058, R11=0x00007fc9bd040b20
R12=0x0000000000000003, R13=0x0000000040830740, R14=0x0000000000000000, R15=0x0000000000000010
RIP=0x00007fc96f4b6b08, EFL=0x0000000000010286, CSGSFS=0x0000000000000033, ERR=0x0000000000000004
  TRAPNO=0x000000000000000e

Top of Stack: (sp=0x00007fc96f7bb940)
0x00007fc96f7bb940:   0000000000000020 0000000040506c38
0x00007fc96f7bb950:   00007fc9bd503ec8 00000003bcb09459
0x00007fc96f7bb960:   0000001000000003 000000027000be58
0x00007fc96f7bb970:   00007fc96f4afbe8 0000000040830740
0x00007fc96f7bb980:   0000000000000000 000000000efd6099
0x00007fc96f7bb990:   000000006ebb9540 0000000000000005
0x00007fc96f7bb9a0:   000000000020e068 0000000000000000
0x00007fc96f7bb9b0:   0000000000000000 0000000000000010
0x00007fc96f7bb9c0:   00007fc96f4ae000 00007fc9bd936712
0x00007fc96f7bb9d0:   00007fc900000005 0000000000000000
0x00007fc96f7bb9e0:   0000000000000003 00007fc96f4afbe8
0x00007fc96f7bb9f0:   0000000000000010 00007fc9701b49c8
0x00007fc96f7bba00:   00007fc96f7bbb58 0000000000000003
0x00007fc96f7bba10:   0000000040830740 00007fc9bd93c825
0x00007fc96f7bba20:   0000000040830740 0000000040830740
0x00007fc96f7bba30:   0000000000000010 00007fc9701b49c8
0x00007fc96f7bba40:   00007fc96f7bbb58 0000000000000003
0x00007fc96f7bba50:   0000000040830740 0000000000000000
0x00007fc96f7bba60:   0000000000000010 00007fc96f4b6fa2
0x00007fc96f7bba70:   ffffffffffffffff 00007fc96f7bbb60
0x00007fc96f7bba80:   00007fc9701b4800 00007fc97752f060
0x00007fc96f7bba90:   00007fc96f7bbb28 00007fc977d03e90
0x00007fc96f7bbaa0:   00007fc97752f058 00007fc96f7bbb60
0x00007fc96f7bbab0:   00007fc9701b4800 00007fc9b84eac88
0x00007fc96f7bbac0:   00007fc97015db00 00007fc9701b4800
0x00007fc96f7bbad0:   00000000403f8de0 00000000403f91b8
0x00007fc96f7bbae0:   00007fc9701b4800 00007fc96f7bbae8
0x00007fc96f7bbaf0:   00007fc97752f058 00007fc96f7bbb60
0x00007fc96f7bbb00:   00007fc977cb41f0 0000000000000000
0x00007fc96f7bbb10:   00007fc97752f060 0000000000000000
0x00007fc96f7bbb20:   00007fc96f7bbb48 00007fc96f7bbbb8
0x00007fc96f7bbb30:   00007fc9b84df92e 0000000000000000 

Instructions: (pc=0x00007fc96f4b6b08)
0x00007fc96f4b6af8:   48 c7 44 24 40 00 00 00 00 48 89 44 24 50 85 ed
0x00007fc96f4b6b08:   8b 40 08 48 8b 54 24 50 89 44 24 5c c7 42 08 00 

Stack: [0x00007fc96f6bd000,0x00007fc96f7be000],  sp=0x00007fc96f7bb940,  free space=3fa0000000000000018k
Native frames: (J=compiled Java code, j=interpreted, Vv=VM code, C=native code)
C  [librxtxSerial.so+0x8b08]  read_byte_array+0x48

Java frames: (J=compiled Java code, j=interpreted, Vv=VM code)
j  gnu.io.RXTXPort.readArray([BII)I+0
j  gnu.io.RXTXPort$SerialInputStream.read([BII)I+187
j  gnu.io.RXTXPort$SerialInputStream.read([B)I+38
j  chronos.Connection.read()[B+9
j  chronos.Connection.getData()V+10
j  chronos.Controller.sync()V+25
j  chronos.gui.MainFrame.syncButtonActionPerformed(Ljava/awt/event/ActionEvent;)V+3
j  chronos.gui.MainFrame.access$100(Lchronos/gui/MainFrame;Ljava/awt/event/ActionEvent;)V+2
j  chronos.gui.MainFrame$2.actionPerformed(Ljava/awt/event/ActionEvent;)V+5
j  javax.swing.AbstractButton.fireActionPerformed(Ljava/awt/event/ActionEvent;)V+84
j  javax.swing.AbstractButton$Handler.actionPerformed(Ljava/awt/event/ActionEvent;)V+5
j  javax.swing.DefaultButtonModel.fireActionPerformed(Ljava/awt/event/ActionEvent;)V+35
j  javax.swing.DefaultButtonModel.setPressed(Z)V+117
j  javax.swing.plaf.basic.BasicButtonListener.mouseReleased(Ljava/awt/event/MouseEvent;)V+35
j  java.awt.Component.processMouseEvent(Ljava/awt/event/MouseEvent;)V+64
j  javax.swing.JComponent.processMouseEvent(Ljava/awt/event/MouseEvent;)V+23
j  java.awt.Component.processEvent(Ljava/awt/AWTEvent;)V+81
j  java.awt.Container.processEvent(Ljava/awt/AWTEvent;)V+18
j  java.awt.Component.dispatchEventImpl(Ljava/awt/AWTEvent;)V+566
j  java.awt.Container.dispatchEventImpl(Ljava/awt/AWTEvent;)V+42
j  java.awt.Component.dispatchEvent(Ljava/awt/AWTEvent;)V+2
j  java.awt.LightweightDispatcher.retargetMouseEvent(Ljava/awt/Component;ILjava/awt/event/MouseEvent;)V+320
j  java.awt.LightweightDispatcher.processMouseEvent(Ljava/awt/event/MouseEvent;)Z+139
j  java.awt.LightweightDispatcher.dispatchEvent(Ljava/awt/AWTEvent;)Z+50
j  java.awt.Container.dispatchEventImpl(Ljava/awt/AWTEvent;)V+12
j  java.awt.Window.dispatchEventImpl(Ljava/awt/AWTEvent;)V+19
j  java.awt.Component.dispatchEvent(Ljava/awt/AWTEvent;)V+2
j  java.awt.EventQueue.dispatchEvent(Ljava/awt/AWTEvent;)V+46
j  java.awt.EventDispatchThread.pumpOneEventForFilters(I)Z+204
j  java.awt.EventDispatchThread.pumpEventsForFilter(ILjava/awt/Conditional;Ljava/awt/EventFilter;)V+30
j  java.awt.EventDispatchThread.pumpEventsForHierarchy(ILjava/awt/Conditional;Ljava/awt/Component;)V+11
j  java.awt.EventDispatchThread.pumpEvents(ILjava/awt/Conditional;)V+4
j  java.awt.EventDispatchThread.pumpEvents(Ljava/awt/Conditional;)V+3
j  java.awt.EventDispatchThread.run()V+9
v  ~StubRoutines::call_stub

---------------  P R O C E S S  ---------------

Java Threads: ( => current thread )
  0x000000004080b000 JavaThread "Thread-1" [_thread_in_native, id=10816, stack(0x00007fc96eaba000,0x00007fc96ebbb000)]
  0x0000000040712800 JavaThread "TimerQueue" daemon [_thread_blocked, id=10812, stack(0x00007fc96ebbb000,0x00007fc96ecbc000)]
  0x00000000405e8000 JavaThread "Image Fetcher 1" daemon [_thread_blocked, id=10811, stack(0x00007fc96f2ac000,0x00007fc96f3ad000)]
  0x00000000407e1000 JavaThread "Image Fetcher 0" daemon [_thread_blocked, id=10810, stack(0x00007fc96f3ad000,0x00007fc96f4ae000)]
  0x00007fc97014e000 JavaThread "DestroyJavaVM" [_thread_blocked, id=10790, stack(0x00007fc9bc378000,0x00007fc9bc479000)]
=>0x00007fc9701b4800 JavaThread "AWT-EventQueue-0" [_thread_in_native, id=10807, stack(0x00007fc96f6bd000,0x00007fc96f7be000)]
  0x00007fc9701b3000 JavaThread "AWT-Shutdown" [_thread_blocked, id=10806, stack(0x00007fc96f7be000,0x00007fc96f8bf000)]
  0x00007fc97015b000 JavaThread "AWT-XAWT" daemon [_thread_in_native, id=10805, stack(0x00007fc96f8bf000,0x00007fc96f9c0000)]
  0x0000000040495800 JavaThread "Java2D Disposer" daemon [_thread_blocked, id=10804, stack(0x00007fc9741ff000,0x00007fc974300000)]
  0x000000004038f800 JavaThread "Low Memory Detector" daemon [_thread_blocked, id=10802, stack(0x00007fc975883000,0x00007fc975984000)]
  0x000000004038d000 JavaThread "CompilerThread1" daemon [_thread_blocked, id=10801, stack(0x00007fc975984000,0x00007fc975a85000)]
  0x000000004038a000 JavaThread "CompilerThread0" daemon [_thread_blocked, id=10800, stack(0x00007fc975a85000,0x00007fc975b86000)]
  0x0000000040387800 JavaThread "Signal Dispatcher" daemon [_thread_blocked, id=10799, stack(0x00007fc975b86000,0x00007fc975c87000)]
  0x0000000040368800 JavaThread "Finalizer" daemon [_thread_blocked, id=10797, stack(0x00007fc975f5c000,0x00007fc97605d000)]
  0x0000000040361800 JavaThread "Reference Handler" daemon [_thread_blocked, id=10796, stack(0x00007fc97605d000,0x00007fc97615e000)]

Other Threads:
  0x000000004035d000 VMThread [stack: 0x00007fc97615e000,0x00007fc97625f000] [id=10795]
  0x000000004039a000 WatcherThread [stack: 0x00007fc975782000,0x00007fc975883000] [id=10803]

VM state:not at safepoint (normal execution)

VM Mutex/Monitor currently owned by a thread: None

Heap
 PSYoungGen      total 17984K, used 12112K [0x00007fc9a4380000, 0x00007fc9a5790000, 0x00007fc9b84d0000)
  eden space 15424K, 78% used [0x00007fc9a4380000,0x00007fc9a4f542f8,0x00007fc9a5290000)
  from space 2560K, 0% used [0x00007fc9a5510000,0x00007fc9a5510000,0x00007fc9a5790000)
  to   space 2560K, 0% used [0x00007fc9a5290000,0x00007fc9a5290000,0x00007fc9a5510000)
 PSOldGen        total 41152K, used 0K [0x00007fc97c0d0000, 0x00007fc97e900000, 0x00007fc9a4380000)
  object space 41152K, 0% used [0x00007fc97c0d0000,0x00007fc97c0d0000,0x00007fc97e900000)
 PSPermGen       total 21248K, used 16655K [0x00007fc976cd0000, 0x00007fc978190000, 0x00007fc97c0d0000)
  object space 21248K, 78% used [0x00007fc976cd0000,0x00007fc977d13d28,0x00007fc978190000)

Dynamic libraries:
40000000-40009000 r-xp 00000000 fc:00 2126858                            /opt/sun-jdk-1.6.0.21/bin/java
40108000-4010a000 rwxp 00008000 fc:00 2126858                            /opt/sun-jdk-1.6.0.21/bin/java
402fb000-4093c000 rwxp 00000000 00:00 0                                  [heap]
7fc96eaba000-7fc96eabd000 ---p 00000000 00:00 0 
7fc96eabd000-7fc96ebbb000 rwxp 00000000 00:00 0 
7fc96ebbb000-7fc96ebbe000 ---p 00000000 00:00 0 
7fc96ebbe000-7fc96ecbc000 rwxp 00000000 00:00 0 
7fc96ecbc000-7fc96f08d000 rwxs 00000000 00:04 1124335630                 /SYSV00000000 (deleted)
7fc96f08d000-7fc96f094000 r-xp 00000000 fc:00 2126917                    /opt/sun-jdk-1.6.0.21/jre/lib/amd64/libnio.so
7fc96f094000-7fc96f193000 ---p 00007000 fc:00 2126917                    /opt/sun-jdk-1.6.0.21/jre/lib/amd64/libnio.so
7fc96f193000-7fc96f195000 rwxp 00006000 fc:00 2126917                    /opt/sun-jdk-1.6.0.21/jre/lib/amd64/libnio.so
7fc96f195000-7fc96f1a8000 r-xp 00000000 fc:00 2126928                    /opt/sun-jdk-1.6.0.21/jre/lib/amd64/libnet.so
7fc96f1a8000-7fc96f2a9000 ---p 00013000 fc:00 2126928                    /opt/sun-jdk-1.6.0.21/jre/lib/amd64/libnet.so
7fc96f2a9000-7fc96f2ac000 rwxp 00014000 fc:00 2126928                    /opt/sun-jdk-1.6.0.21/jre/lib/amd64/libnet.so
7fc96f2ac000-7fc96f2af000 ---p 00000000 00:00 0 
7fc96f2af000-7fc96f3ad000 rwxp 00000000 00:00 0 
7fc96f3ad000-7fc96f3b0000 ---p 00000000 00:00 0 
7fc96f3b0000-7fc96f4ae000 rwxp 00000000 00:00 0 
7fc96f4ae000-7fc96f4bc000 r-xp 00000000 fc:00 1894124                    /usr/lib64/rxtx-2/librxtxSerial-2.1-7.so
7fc96f4bc000-7fc96f6bb000 ---p 0000e000 fc:00 1894124                    /usr/lib64/rxtx-2/librxtxSerial-2.1-7.so
7fc96f6bb000-7fc96f6bc000 r-xp 0000d000 fc:00 1894124                    /usr/lib64/rxtx-2/librxtxSerial-2.1-7.so
7fc96f6bc000-7fc96f6bd000 rwxp 0000e000 fc:00 1894124                    /usr/lib64/rxtx-2/librxtxSerial-2.1-7.so
7fc96f6bd000-7fc96f6c0000 ---p 00000000 00:00 0 
7fc96f6c0000-7fc96f7be000 rwxp 00000000 00:00 0                          [threadstack:000fcff0]
7fc96f7be000-7fc96f7c1000 ---p 00000000 00:00 0 
7fc96f7c1000-7fc96f8bf000 rwxp 00000000 00:00 0 
7fc96f8bf000-7fc96f8c2000 ---p 00000000 00:00 0 
7fc96f8c2000-7fc96f9c0000 rwxp 00000000 00:00 0 
7fc96f9c0000-7fc96f9c5000 r-xp 00000000 fc:00 20885                      /usr/lib64/libXfixes.so.3.1.0
7fc96f9c5000-7fc96fbc4000 ---p 00005000 fc:00 20885                      /usr/lib64/libXfixes.so.3.1.0
7fc96fbc4000-7fc96fbc5000 r-xp 00004000 fc:00 20885                      /usr/lib64/libXfixes.so.3.1.0
7fc96fbc5000-7fc96fbc6000 rwxp 00005000 fc:00 20885                      /usr/lib64/libXfixes.so.3.1.0
7fc96fbc6000-7fc96fbcf000 r-xp 00000000 fc:00 20901                      /usr/lib64/libXrender.so.1.3.0
7fc96fbcf000-7fc96fdcf000 ---p 00009000 fc:00 20901                      /usr/lib64/libXrender.so.1.3.0
7fc96fdcf000-7fc96fdd0000 r-xp 00009000 fc:00 20901                      /usr/lib64/libXrender.so.1.3.0
7fc96fdd0000-7fc96fdd1000 rwxp 0000a000 fc:00 20901                      /usr/lib64/libXrender.so.1.3.0
7fc96fdd1000-7fc96fddb000 r-xp 00000000 fc:00 2118390                    /usr/lib64/libXcursor.so.1.0.2
7fc96fddb000-7fc96ffda000 ---p 0000a000 fc:00 2118390                    /usr/lib64/libXcursor.so.1.0.2
7fc96ffda000-7fc96ffdb000 r-xp 00009000 fc:00 2118390                    /usr/lib64/libXcursor.so.1.0.2
7fc96ffdb000-7fc96ffdc000 rwxp 0000a000 fc:00 2118390                    /usr/lib64/libXcursor.so.1.0.2
7fc970000000-7fc970219000 rwxp 00000000 00:00 0 
7fc970219000-7fc974000000 ---p 00000000 00:00 0 
7fc974000000-7fc974008000 r-xs 00115000 fc:00 2126998                    /opt/sun-jdk-1.6.0.21/jre/lib/resources.jar
7fc974008000-7fc974011000 r-xs 00000000 fc:00 1964158                    /var/cache/fontconfig/87f5e051180a7a75f16eb6fe7dbd3749-le64.cache-3
7fc974011000-7fc974014000 r-xs 00000000 fc:00 1968492                    /var/cache/fontconfig/f55bbeb01d684dc5b5f7b2c347cc42d9-le64.cache-3
7fc974014000-7fc974017000 r-xs 00000000 fc:00 1968480                    /var/cache/fontconfig/76fa4b957c916922374347f144bde9da-le64.cache-3
7fc974017000-7fc97401f000 r-xs 00000000 fc:00 1968387                    /var/cache/fontconfig/4460665c0f3e88acdd4c85aa2f409b99-le64.cache-3
7fc97401f000-7fc974035000 r-xs 00000000 fc:00 1968386                    /var/cache/fontconfig/8d4af663993b81a124ee82e610bb31f9-le64.cache-3
7fc974035000-7fc974130000 r-xs 00000000 fc:00 1968337                    /var/cache/fontconfig/dddecb0375fed72f4397ef3beff8ac7b-le64.cache-3
7fc974130000-7fc974133000 r-xs 00000000 fc:00 1968336                    /var/cache/fontconfig/cfde08ab28ad1d91784abb10973575e3-le64.cache-3
7fc974133000-7fc974145000 r-xs 00000000 fc:00 1968312                    /var/cache/fontconfig/221fd1126b80b777db535aea535e87ba-le64.cache-3
7fc974145000-7fc9741a2000 r-xs 00000000 fc:00 1967229                    /var/cache/fontconfig/17090aa38d5c6f09fb8c5c354938f1d7-le64.cache-3
7fc9741a2000-7fc9741ff000 r-xs 00000000 fc:00 1967227                    /var/cache/fontconfig/df311e82a1a24c41a75c2c930223552e-le64.cache-3
7fc9741ff000-7fc974202000 ---p 00000000 00:00 0 
7fc974202000-7fc974300000 rwxp 00000000 00:00 0 
7fc974300000-7fc97437e000 r-xp 00000000 fc:00 2126915                    /opt/sun-jdk-1.6.0.21/jre/lib/amd64/libfontmanager.so
7fc97437e000-7fc97447d000 ---p 0007e000 fc:00 2126915                    /opt/sun-jdk-1.6.0.21/jre/lib/amd64/libfontmanager.so
7fc97447d000-7fc974493000 rwxp 0007d000 fc:00 2126915                    /opt/sun-jdk-1.6.0.21/jre/lib/amd64/libfontmanager.so
7fc974493000-7fc9744a4000 rwxp 00000000 00:00 0 
7fc9744a4000-7fc9744a9000 r-xp 00000000 fc:00 2116044                    /usr/lib64/libXdmcp.so.6.0.0
7fc9744a9000-7fc9746a8000 ---p 00005000 fc:00 2116044                    /usr/lib64/libXdmcp.so.6.0.0
7fc9746a8000-7fc9746a9000 r-xp 00004000 fc:00 2116044                    /usr/lib64/libXdmcp.so.6.0.0
7fc9746a9000-7fc9746aa000 rwxp 00005000 fc:00 2116044                    /usr/lib64/libXdmcp.so.6.0.0
7fc9746aa000-7fc9746ac000 r-xp 00000000 fc:00 2115664                    /usr/lib64/libXau.so.6.0.0
7fc9746ac000-7fc9748ac000 ---p 00002000 fc:00 2115664                    /usr/lib64/libXau.so.6.0.0
7fc9748ac000-7fc9748ad000 r-xp 00002000 fc:00 2115664                    /usr/lib64/libXau.so.6.0.0
7fc9748ad000-7fc9748ae000 rwxp 00003000 fc:00 2115664                    /usr/lib64/libXau.so.6.0.0
7fc9748ae000-7fc9748cb000 r-xp 00000000 fc:00 1976861                    /usr/lib64/libxcb.so.1.1.0
7fc9748cb000-7fc974aca000 ---p 0001d000 fc:00 1976861                    /usr/lib64/libxcb.so.1.1.0
7fc974aca000-7fc974acb000 r-xp 0001c000 fc:00 1976861                    /usr/lib64/libxcb.so.1.1.0
7fc974acb000-7fc974acc000 rwxp 0001d000 fc:00 1976861                    /usr/lib64/libxcb.so.1.1.0
7fc974acc000-7fc974adb000 r-xp 00000000 fc:00 2181465                    /usr/lib64/libXi.so.6.1.0
7fc974adb000-7fc974cda000 ---p 0000f000 fc:00 2181465                    /usr/lib64/libXi.so.6.1.0
7fc974cda000-7fc974cdb000 r-xp 0000e000 fc:00 2181465                    /usr/lib64/libXi.so.6.1.0
7fc974cdb000-7fc974cdc000 rwxp 0000f000 fc:00 2181465                    /usr/lib64/libXi.so.6.1.0
7fc974cdc000-7fc974ce1000 r-xp 00000000 fc:00 2120114                    /usr/lib64/libXtst.so.6.1.0
7fc974ce1000-7fc974ee1000 ---p 00005000 fc:00 2120114                    /usr/lib64/libXtst.so.6.1.0
7fc974ee1000-7fc974ee2000 r-xp 00005000 fc:00 2120114                    /usr/lib64/libXtst.so.6.1.0
7fc974ee2000-7fc974ee3000 rwxp 00006000 fc:00 2120114                    /usr/lib64/libXtst.so.6.1.0
7fc974ee3000-7fc97501a000 r-xp 00000000 fc:00 598486                     /usr/lib64/libX11.so.6.3.0
7fc97501a000-7fc97521a000 ---p 00137000 fc:00 598486                     /usr/lib64/libX11.so.6.3.0
7fc97521a000-7fc97521b000 r-xp 00137000 fc:00 598486                     /usr/lib64/libX11.so.6.3.0
7fc97521b000-7fc975220000 rwxp 00138000 fc:00 598486                     /usr/lib64/libX11.so.6.3.0
7fc975220000-7fc975231000 r-xp 00000000 fc:00 2117703                    /usr/lib64/libXext.so.6.4.0
7fc975231000-7fc975431000 ---p 00011000 fc:00 2117703                    /usr/lib64/libXext.so.6.4.0
7fc975431000-7fc975432000 r-xp 00011000 fc:00 2117703                    /usr/lib64/libXext.so.6.4.0
7fc975432000-7fc975433000 rwxp 00012000 fc:00 2117703                    /usr/lib64/libXext.so.6.4.0
7fc975435000-7fc97543e000 r-xs 00000000 fc:00 1968055                    /var/cache/fontconfig/12b26b760a24f8b4feb03ad48a333a72-le64.cache-3
7fc97543e000-7fc975457000 r-xs 00000000 fc:00 1968031                    /var/cache/fontconfig/4b5cf4386f1cde02a336ba961b4ac82d-le64.cache-3
7fc975457000-7fc975499000 r-xp 00000000 fc:00 2126954                    /opt/sun-jdk-1.6.0.21/jre/lib/amd64/xawt/libmawt.so
7fc975499000-7fc975598000 ---p 00042000 fc:00 2126954                    /opt/sun-jdk-1.6.0.21/jre/lib/amd64/xawt/libmawt.so
7fc975598000-7fc9755a3000 rwxp 00041000 fc:00 2126954                    /opt/sun-jdk-1.6.0.21/jre/lib/amd64/xawt/libmawt.so
7fc9755a3000-7fc9755a5000 rwxp 00000000 00:00 0 
7fc9755a5000-7fc975637000 r-xp 00000000 fc:00 2126966                    /opt/sun-jdk-1.6.0.21/jre/lib/amd64/libawt.so
7fc975637000-7fc975736000 ---p 00092000 fc:00 2126966                    /opt/sun-jdk-1.6.0.21/jre/lib/amd64/libawt.so
7fc975736000-7fc97574f000 rwxp 00091000 fc:00 2126966                    /opt/sun-jdk-1.6.0.21/jre/lib/amd64/libawt.so
7fc97574f000-7fc975774000 rwxp 00000000 00:00 0 
7fc975774000-7fc975775000 r-xs 0000f000 fc:00 809074                     /home/dustin/chronos-clock/gui/libs/UmlGraph-5.3.jar
7fc975775000-7fc975779000 r-xs 0001f000 fc:00 815326                     /home/dustin/chronos-clock/gui/libs/jCharts-0.7.5.jar
7fc975779000-7fc975780000 r-xs 00094000 fc:00 815325                     /home/dustin/chronos-clock/gui/libs/beansbinding-1.2.1.jar
7fc975780000-7fc975782000 r-xs 0000d000 fc:00 1894115                    /usr/share/rxtx-2/lib/RXTXcomm.jar
7fc975782000-7fc975783000 ---p 00000000 00:00 0 
7fc975783000-7fc975883000 rwxp 00000000 00:00 0 
7fc975883000-7fc975886000 ---p 00000000 00:00 0 
7fc975886000-7fc975984000 rwxp 00000000 00:00 0 
7fc975984000-7fc975987000 ---p 00000000 00:00 0 
7fc975987000-7fc975a85000 rwxp 00000000 00:00 0 
7fc975a85000-7fc975a88000 ---p 00000000 00:00 0 
7fc975a88000-7fc975b86000 rwxp 00000000 00:00 0 
7fc975b86000-7fc975b89000 ---p 00000000 00:00 0 
7fc975b89000-7fc975c87000 rwxp 00000000 00:00 0 
7fc975c87000-7fc975f5c000 r-xp 00000000 fc:00 269829                     /usr/lib64/locale/locale-archive
7fc975f5c000-7fc975f5f000 ---p 00000000 00:00 0 
7fc975f5f000-7fc97605d000 rwxp 00000000 00:00 0 
7fc97605d000-7fc976060000 ---p 00000000 00:00 0 
7fc976060000-7fc97615e000 rwxp 00000000 00:00 0 
7fc97615e000-7fc97615f000 ---p 00000000 00:00 0 
7fc97615f000-7fc976596000 rwxp 00000000 00:00 0 
7fc976596000-7fc97672d000 r-xs 03014000 fc:00 2126975                    /opt/sun-jdk-1.6.0.21/jre/lib/rt.jar
7fc97672d000-7fc976755000 rwxp 00000000 00:00 0 
7fc976755000-7fc976756000 ---p 00000000 00:00 0 
7fc976756000-7fc976856000 rwxp 00000000 00:00 0 
7fc976856000-7fc976857000 ---p 00000000 00:00 0 
7fc976857000-7fc976962000 rwxp 00000000 00:00 0 
7fc976962000-7fc976981000 rwxp 00000000 00:00 0 
7fc976981000-7fc976996000 rwxp 00000000 00:00 0 
7fc976996000-7fc976ac3000 rwxp 00000000 00:00 0 
7fc976ac3000-7fc976ace000 rwxp 00000000 00:00 0 
7fc976ace000-7fc976aed000 rwxp 00000000 00:00 0 
7fc976aed000-7fc976b02000 rwxp 00000000 00:00 0 
7fc976b02000-7fc976c2e000 rwxp 00000000 00:00 0 
7fc976c2e000-7fc976c39000 rwxp 00000000 00:00 0 
7fc976c39000-7fc976ccf000 rwxp 00000000 00:00 0 
7fc976ccf000-7fc978190000 rwxp 00000000 00:00 0 
7fc978190000-7fc97c0d0000 rwxp 00000000 00:00 0 
7fc97c0d0000-7fc97e900000 rwxp 00000000 00:00 0 
7fc97e900000-7fc9a4380000 rwxp 00000000 00:00 0 
7fc9a4380000-7fc9a5790000 rwxp 00000000 00:00 0 
7fc9a5790000-7fc9b84d0000 rwxp 00000000 00:00 0 
7fc9b84d0000-7fc9b84da000 r-xs 00000000 fc:00 1962731                    /var/cache/fontconfig/0ab7af1fb3bdf18d804b641fb2a04792-le64.cache-3
7fc9b84da000-7fc9b874a000 rwxp 00000000 00:00 0 
7fc9b874a000-7fc9bb4da000 rwxp 00000000 00:00 0 
7fc9bb4da000-7fc9bb4e8000 r-xp 00000000 fc:00 2126936                    /opt/sun-jdk-1.6.0.21/jre/lib/amd64/libzip.so
7fc9bb4e8000-7fc9bb5ea000 ---p 0000e000 fc:00 2126936                    /opt/sun-jdk-1.6.0.21/jre/lib/amd64/libzip.so
7fc9bb5ea000-7fc9bb5ed000 rwxp 00010000 fc:00 2126936                    /opt/sun-jdk-1.6.0.21/jre/lib/amd64/libzip.so
7fc9bb5ed000-7fc9bb5ee000 rwxp 00000000 00:00 0 
7fc9bb5ee000-7fc9bb5f9000 r-xp 00000000 fc:00 608267                     /lib64/libnss_files-2.12.1.so
7fc9bb5f9000-7fc9bb7f9000 ---p 0000b000 fc:00 608267                     /lib64/libnss_files-2.12.1.so
7fc9bb7f9000-7fc9bb7fa000 r-xp 0000b000 fc:00 608267                     /lib64/libnss_files-2.12.1.so
7fc9bb7fa000-7fc9bb7fb000 rwxp 0000c000 fc:00 608267                     /lib64/libnss_files-2.12.1.so
7fc9bb7fb000-7fc9bb805000 r-xp 00000000 fc:00 608377                     /lib64/libnss_nis-2.12.1.so
7fc9bb805000-7fc9bba04000 ---p 0000a000 fc:00 608377                     /lib64/libnss_nis-2.12.1.so
7fc9bba04000-7fc9bba05000 r-xp 00009000 fc:00 608377                     /lib64/libnss_nis-2.12.1.so
7fc9bba05000-7fc9bba06000 rwxp 0000a000 fc:00 608377                     /lib64/libnss_nis-2.12.1.so
7fc9bba06000-7fc9bba0d000 r-xp 00000000 fc:00 608421                     /lib64/libnss_compat-2.12.1.so
7fc9bba0d000-7fc9bbc0c000 ---p 00007000 fc:00 608421                     /lib64/libnss_compat-2.12.1.so
7fc9bbc0c000-7fc9bbc0d000 r-xp 00006000 fc:00 608421                     /lib64/libnss_compat-2.12.1.so
7fc9bbc0d000-7fc9bbc0e000 rwxp 00007000 fc:00 608421                     /lib64/libnss_compat-2.12.1.so
7fc9bbc0e000-7fc9bbc15000 r-xp 00000000 fc:00 2126944                    /opt/sun-jdk-1.6.0.21/jre/lib/amd64/native_threads/libhpi.so
7fc9bbc15000-7fc9bbd16000 ---p 00007000 fc:00 2126944                    /opt/sun-jdk-1.6.0.21/jre/lib/amd64/native_threads/libhpi.so
7fc9bbd16000-7fc9bbd18000 rwxp 00008000 fc:00 2126944                    /opt/sun-jdk-1.6.0.21/jre/lib/amd64/native_threads/libhpi.so
7fc9bbd18000-7fc9bbd19000 rwxp 00000000 00:00 0 
7fc9bbd19000-7fc9bbd2e000 r-xp 00000000 fc:00 605566                     /lib64/libnsl-2.12.1.so
7fc9bbd2e000-7fc9bbf2d000 ---p 00015000 fc:00 605566                     /lib64/libnsl-2.12.1.so
7fc9bbf2d000-7fc9bbf2e000 r-xp 00014000 fc:00 605566                     /lib64/libnsl-2.12.1.so
7fc9bbf2e000-7fc9bbf2f000 rwxp 00015000 fc:00 605566                     /lib64/libnsl-2.12.1.so
7fc9bbf2f000-7fc9bbf31000 rwxp 00000000 00:00 0 
7fc9bbf31000-7fc9bbf59000 r-xp 00000000 fc:00 2126938                    /opt/sun-jdk-1.6.0.21/jre/lib/amd64/libjava.so
7fc9bbf59000-7fc9bc059000 ---p 00028000 fc:00 2126938                    /opt/sun-jdk-1.6.0.21/jre/lib/amd64/libjava.so
7fc9bc059000-7fc9bc060000 rwxp 00028000 fc:00 2126938                    /opt/sun-jdk-1.6.0.21/jre/lib/amd64/libjava.so
7fc9bc060000-7fc9bc06d000 r-xp 00000000 fc:00 2126951                    /opt/sun-jdk-1.6.0.21/jre/lib/amd64/libverify.so
7fc9bc06d000-7fc9bc16c000 ---p 0000d000 fc:00 2126951                    /opt/sun-jdk-1.6.0.21/jre/lib/amd64/libverify.so
7fc9bc16c000-7fc9bc16f000 rwxp 0000c000 fc:00 2126951                    /opt/sun-jdk-1.6.0.21/jre/lib/amd64/libverify.so
7fc9bc16f000-7fc9bc177000 r-xp 00000000 fc:00 608417                     /lib64/librt-2.12.1.so
7fc9bc177000-7fc9bc376000 ---p 00008000 fc:00 608417                     /lib64/librt-2.12.1.so
7fc9bc376000-7fc9bc377000 r-xp 00007000 fc:00 608417                     /lib64/librt-2.12.1.so
7fc9bc377000-7fc9bc378000 rwxp 00008000 fc:00 608417                     /lib64/librt-2.12.1.so
7fc9bc378000-7fc9bc37b000 ---p 00000000 00:00 0 
7fc9bc37b000-7fc9bc479000 rwxp 00000000 00:00 0 
7fc9bc479000-7fc9bc4f9000 r-xp 00000000 fc:00 605498                     /lib64/libm-2.12.1.so
7fc9bc4f9000-7fc9bc6f8000 ---p 00080000 fc:00 605498                     /lib64/libm-2.12.1.so
7fc9bc6f8000-7fc9bc6f9000 r-xp 0007f000 fc:00 605498                     /lib64/libm-2.12.1.so
7fc9bc6f9000-7fc9bc6fa000 rwxp 00080000 fc:00 605498                     /lib64/libm-2.12.1.so
7fc9bc6fa000-7fc9bced4000 r-xp 00000000 fc:00 2126923                    /opt/sun-jdk-1.6.0.21/jre/lib/amd64/server/libjvm.so
7fc9bced4000-7fc9bcfd6000 ---p 007da000 fc:00 2126923                    /opt/sun-jdk-1.6.0.21/jre/lib/amd64/server/libjvm.so
7fc9bcfd6000-7fc9bd167000 rwxp 007dc000 fc:00 2126923                    /opt/sun-jdk-1.6.0.21/jre/lib/amd64/server/libjvm.so
7fc9bd167000-7fc9bd1a2000 rwxp 00000000 00:00 0 
7fc9bd1a2000-7fc9bd2fe000 r-xp 00000000 fc:00 608320                     /lib64/libc-2.12.1.so
7fc9bd2fe000-7fc9bd4fe000 ---p 0015c000 fc:00 608320                     /lib64/libc-2.12.1.so
7fc9bd4fe000-7fc9bd502000 r-xp 0015c000 fc:00 608320                     /lib64/libc-2.12.1.so
7fc9bd502000-7fc9bd503000 rwxp 00160000 fc:00 608320                     /lib64/libc-2.12.1.so
7fc9bd503000-7fc9bd508000 rwxp 00000000 00:00 0 
7fc9bd508000-7fc9bd50a000 r-xp 00000000 fc:00 608648                     /lib64/libdl-2.12.1.so
7fc9bd50a000-7fc9bd70a000 ---p 00002000 fc:00 608648                     /lib64/libdl-2.12.1.so
7fc9bd70a000-7fc9bd70b000 r-xp 00002000 fc:00 608648                     /lib64/libdl-2.12.1.so
7fc9bd70b000-7fc9bd70c000 rwxp 00003000 fc:00 608648                     /lib64/libdl-2.12.1.so
7fc9bd70c000-7fc9bd723000 r-xp 00000000 fc:00 608286                     /lib64/libpthread-2.12.1.so
7fc9bd723000-7fc9bd923000 ---p 00017000 fc:00 608286                     /lib64/libpthread-2.12.1.so
7fc9bd923000-7fc9bd924000 r-xp 00017000 fc:00 608286                     /lib64/libpthread-2.12.1.so
7fc9bd924000-7fc9bd925000 rwxp 00018000 fc:00 608286                     /lib64/libpthread-2.12.1.so
7fc9bd925000-7fc9bd929000 rwxp 00000000 00:00 0 
7fc9bd929000-7fc9bd947000 r-xp 00000000 fc:00 608530                     /lib64/ld-2.12.1.so
7fc9bd948000-7fc9bd949000 rwxp 00000000 00:00 0 
7fc9bd949000-7fc9bd94e000 r-xs 00000000 fc:00 1968329                    /var/cache/fontconfig/a336a40326b5f097d6a660e43ed65741-le64.cache-3
7fc9bd94e000-7fc9bd953000 r-xs 00000000 fc:00 1968030                    /var/cache/fontconfig/374b958dfa195bf54eaa9332f068d728-le64.cache-3
7fc9bd953000-7fc9bd95d000 rwxp 00000000 00:00 0 
7fc9bd95d000-7fc9bda13000 rwxp 00000000 00:00 0 
7fc9bda13000-7fc9bda16000 rwxp 00000000 00:00 0 
7fc9bda16000-7fc9bda1d000 r-xp 00000000 fc:00 2126933                    /opt/sun-jdk-1.6.0.21/jre/lib/amd64/jli/libjli.so
7fc9bda1d000-7fc9bdb1e000 ---p 00007000 fc:00 2126933                    /opt/sun-jdk-1.6.0.21/jre/lib/amd64/jli/libjli.so
7fc9bdb1e000-7fc9bdb20000 rwxp 00008000 fc:00 2126933                    /opt/sun-jdk-1.6.0.21/jre/lib/amd64/jli/libjli.so
7fc9bdb20000-7fc9bdb21000 rwxp 00000000 00:00 0 
7fc9bdb21000-7fc9bdb25000 r-xs 00000000 fc:00 1968334                    /var/cache/fontconfig/a595ca43be94766bbfe429f07fba82d0-le64.cache-3
7fc9bdb25000-7fc9bdb29000 r-xs 00000000 fc:00 1968029                    /var/cache/fontconfig/32131d65b812eea3c64a5be9e545fb09-le64.cache-3
7fc9bdb29000-7fc9bdb30000 r-xs 00000000 fc:00 1967995                    /var/cache/fontconfig/d62e99ef547d1d24cdb1bd22ec1a2976-le64.cache-3
7fc9bdb30000-7fc9bdb34000 r-xs 00000000 fc:00 1964292                    /var/cache/fontconfig/f6b893a7224233d96cb72fd88691c0b4-le64.cache-3
7fc9bdb34000-7fc9bdb3b000 r-xs 00000000 fc:00 1967966                    /var/cache/fontconfig/f349e9996a5320f6dd491cedd2b1f964-le64.cache-3
7fc9bdb3b000-7fc9bdb43000 rwxs 00000000 fc:00 686364                     /tmp/hsperfdata_dustin/10788
7fc9bdb43000-7fc9bdb44000 rwxp 00000000 00:00 0 
7fc9bdb44000-7fc9bdb45000 r-xp 00000000 00:00 0 
7fc9bdb45000-7fc9bdb46000 rwxp 00000000 00:00 0 
7fc9bdb46000-7fc9bdb47000 r-xp 0001d000 fc:00 608530                     /lib64/ld-2.12.1.so
7fc9bdb47000-7fc9bdb48000 rwxp 0001e000 fc:00 608530                     /lib64/ld-2.12.1.so
7fc9bdb48000-7fc9bdb49000 rwxp 00000000 00:00 0 
7fffcab6a000-7fffcab7f000 rwxp 00000000 00:00 0                          [stack]
7fffcaba7000-7fffcaba8000 r-xp 00000000 00:00 0                          [vdso]
ffffffffff600000-ffffffffff601000 r-xp 00000000 00:00 0                  [vsyscall]

VM Arguments:
jvm_args: -Dfile.encoding=UTF-8 
java_command: chronos.Main
Launcher Type: SUN_STANDARD

Environment Variables:
JAVA_HOME=/etc/java-config-2/current-system-vm
PATH=/usr/local/bin:/usr/bin:/bin:/opt/bin:/usr/x86_64-pc-linux-gnu/avr/gcc-bin/4.4.4:/usr/x86_64-pc-linux-gnu/mingw32/gcc-bin/4.4.4:/usr/x86_64-pc-linux-gnu/gcc-bin/4.4.4:/usr/games/bin
LD_LIBRARY_PATH=/opt/sun-jdk-1.6.0.21/jre/lib/amd64/server:/opt/sun-jdk-1.6.0.21/jre/lib/amd64:/opt/sun-jdk-1.6.0.21/jre/../lib/amd64
SHELL=/bin/zsh
DISPLAY=:0.0

Signal Handlers:
SIGSEGV: [libjvm.so+0x7311c0], sa_mask[0]=0x7ffbfeff, sa_flags=0x10000004
SIGBUS: [libjvm.so+0x7311c0], sa_mask[0]=0x7ffbfeff, sa_flags=0x10000004
SIGFPE: [libjvm.so+0x5f5da0], sa_mask[0]=0x7ffbfeff, sa_flags=0x10000004
SIGPIPE: [libjvm.so+0x5f5da0], sa_mask[0]=0x7ffbfeff, sa_flags=0x10000004
SIGXFSZ: [libjvm.so+0x5f5da0], sa_mask[0]=0x7ffbfeff, sa_flags=0x10000004
SIGILL: [libjvm.so+0x5f5da0], sa_mask[0]=0x7ffbfeff, sa_flags=0x10000004
SIGUSR1: SIG_DFL, sa_mask[0]=0x00000000, sa_flags=0x00000000
SIGUSR2: [libjvm.so+0x5f85c0], sa_mask[0]=0x00000004, sa_flags=0x10000004
SIGHUP: [libjvm.so+0x5f8310], sa_mask[0]=0x7ffbfeff, sa_flags=0x10000004
SIGINT: SIG_IGN, sa_mask[0]=0x00000000, sa_flags=0x00000000
SIGTERM: [libjvm.so+0x5f8310], sa_mask[0]=0x7ffbfeff, sa_flags=0x10000004
SIGQUIT: [libjvm.so+0x5f8310], sa_mask[0]=0x7ffbfeff, sa_flags=0x10000004


---------------  S Y S T E M  ---------------

OS:Gentoo Base System release 2.0.1

uname:Linux 2.6.33-gentoo-r2 #1 SMP Tue May 18 16:29:47 CEST 2010 x86_64
libc:glibc 2.12.1 NPTL 2.12.1 
rlimit: STACK 8192k, CORE 0k, NPROC 30556, NOFILE 1024, AS infinity
load average:0.36 0.22 0.18

CPU:total 2 (2 cores per cpu, 1 threads per core) family 6 model 15 stepping 13, cmov, cx8, fxsr, mmx, sse, sse2, sse3, ssse3

Memory: 4k page, physical 3948288k(1725752k free), swap 0k(0k free)

vm_info: Java HotSpot(TM) 64-Bit Server VM (17.0-b16) for linux-amd64 JRE (1.6.0_21-b06), built on Jun 22 2010 01:10:00 by "java_re" with gcc 3.2.2 (SuSE Linux)

time: Mon Jan 17 12:18:47 2011
elapsed time: 4 seconds

