#
# A fatal error has been detected by the Java Runtime Environment:
#
#  SIGSEGV (0xb) at pc=0x00007f6555e482e1, pid=5502, tid=140073212634896
#
# JRE version: 6.0_21-b06
# Java VM: Java HotSpot(TM) 64-Bit Server VM (17.0-b16 mixed mode linux-amd64 )
# Problematic frame:
# C  [librxtxSerial.so+0x92e1]  Java_gnu_io_RXTXPort_nativeDrain+0xe1
#
# If you would like to submit a bug report, please visit:
#   http://java.sun.com/webapps/bugreport/crash.jsp
# The crash happened outside the Java Virtual Machine in native code.
# See problematic frame for where to report the bug.
#

---------------  T H R E A D  ---------------

Current thread (0x0000000041b85800):  JavaThread "AWT-EventQueue-0" [_thread_in_native, id=5524, stack(0x00007f655604e000,0x00007f655614f000)]

siginfo:si_signo=SIGSEGV: si_errno=0, si_code=1 (SEGV_MAPERR), si_addr=0x000000005554a44c

Registers:
RAX=0x000000000000001c, RBX=0x00007f655614ca20, RCX=0x00007f6555e49fc1, RDX=0x00007f655614ca3c
RSP=0x00007f655614c850, RBP=0x0000000041b859c8, RSI=0x00007f6555e49fc0, RDI=0x00007f655614ca20
R8 =0x0000000000000001, R9 =0x00007f6555e49fc1, R10=0x0000000000000000, R11=0x0000000000000000
R12=0x000000005554a440, R13=0x0000000000000010, R14=0x0000000000000000, R15=0x0000000000000000
RIP=0x00007f6555e482e1, EFL=0x0000000000010202, CSGSFS=0x0000000000000033, ERR=0x0000000000000004
  TRAPNO=0x000000000000000e

Top of Stack: (sp=0x00007f655614c850)
0x00007f655614c850:   00007f655614c778 00007f655614cb30
0x00007f655614c860:   00007f655614c841 0000000800000002
0x00007f655614c870:   000000004199c200 00007f655614c8d0
0x00007f655614c880:   00007f655614c950 00007f65a371f458
0x00007f655614c890:   0000000041b85800 00007f65a3747490
0x00007f655614c8a0:   00007f655614ca57 0000000041910a78
0x00007f655614c8b0:   0000000041910a88 0000000041910a80
0x00007f655614c8c0:   00007f650000000b 00007f6555e48200
0x00007f655614c8d0:   00007f65a3a803b0 0000005000000000
0x00007f655614c8e0:   0000000000000020 0000000000000000
0x00007f655614c8f0:   0000000000000000 000000004199c150
0x00007f655614c900:   0000000000000020 0000000000000100
0x00007f655614c910:   0000000000000000 000000004199c020
0x00007f655614c920:   0000000000000020 0000000041910a78
0x00007f655614c930:   0000000041b85800 0000000000000003
0x00007f655614c940:   00007f655614ca57 000000004199c120
0x00007f655614c950:   00007f655614c9a0 00007f65a371f5c7
0x00007f655614c960:   0000000041b85800 0000010000000004
0x00007f655614c970:   00007f6500000000 0000000041b85800
0x00007f655614c980:   00007f655614ca57 0000000041910a78
0x00007f655614c990:   00007f655614ca57 0000000041b85800
0x00007f655614c9a0:   00007f655614c9f0 00007f65a371f963
0x00007f655614c9b0:   0000000041b84f80 000000004199c010
0x00007f655614c9c0:   00007f65a3a845d0 0000000041910ab8
0x00007f655614c9d0:   0000000000000003 0000000000000000
0x00007f655614c9e0:   0000000000001428 00007f6500000009
0x00007f655614c9f0:   0000000041910a78 00007f65a371fa9a
0x00007f655614ca00:   0000000041884450 00007f65a37240d8
0x00007f655614ca10:   00007f655614ca20 0000000041b85800
0x00007f655614ca20:   74726f5058545852 29286e696172643a
0x00007f655614ca30:   736e727574657220 000000000a30203a
0x00007f655614ca40:   00007f655614ca90 00007f65a3530320 

Instructions: (pc=0x00007f6555e482e1)
0x00007f6555e482d1:   ef e8 b1 b0 ff ff 45 84 f6 75 0f 4d 85 e4 74 0a
0x00007f6555e482e1:   45 8b 6c 24 0c 45 85 ed 75 15 48 81 c4 28 02 00 

Stack: [0x00007f655604e000,0x00007f655614f000],  sp=0x00007f655614c850,  free space=3fa0000000000000018k
Native frames: (J=compiled Java code, j=interpreted, Vv=VM code, C=native code)
C  [librxtxSerial.so+0x92e1]  Java_gnu_io_RXTXPort_nativeDrain+0xe1

Java frames: (J=compiled Java code, j=interpreted, Vv=VM code)
j  gnu.io.RXTXPort.nativeDrain(Z)Z+0
j  gnu.io.RXTXPort$SerialOutputStream.flush()V+72
j  chronos.Connection.send(I[I)V+104
j  chronos.Connection.startAP()V+6
j  chronos.Controller.sync()V+18
j  chronos.gui.MainFrame.syncButtonActionPerformed(Ljava/awt/event/ActionEvent;)V+3
j  chronos.gui.MainFrame.access$100(Lchronos/gui/MainFrame;Ljava/awt/event/ActionEvent;)V+2
j  chronos.gui.MainFrame$2.actionPerformed(Ljava/awt/event/ActionEvent;)V+5
j  javax.swing.AbstractButton.fireActionPerformed(Ljava/awt/event/ActionEvent;)V+84
j  javax.swing.AbstractButton$Handler.actionPerformed(Ljava/awt/event/ActionEvent;)V+5
j  javax.swing.DefaultButtonModel.fireActionPerformed(Ljava/awt/event/ActionEvent;)V+35
j  javax.swing.DefaultButtonModel.setPressed(Z)V+117
j  javax.swing.plaf.basic.BasicButtonListener.mouseReleased(Ljava/awt/event/MouseEvent;)V+35
j  java.awt.Component.processMouseEvent(Ljava/awt/event/MouseEvent;)V+64
j  javax.swing.JComponent.processMouseEvent(Ljava/awt/event/MouseEvent;)V+23
j  java.awt.Component.processEvent(Ljava/awt/AWTEvent;)V+81
j  java.awt.Container.processEvent(Ljava/awt/AWTEvent;)V+18
j  java.awt.Component.dispatchEventImpl(Ljava/awt/AWTEvent;)V+566
j  java.awt.Container.dispatchEventImpl(Ljava/awt/AWTEvent;)V+42
j  java.awt.Component.dispatchEvent(Ljava/awt/AWTEvent;)V+2
j  java.awt.LightweightDispatcher.retargetMouseEvent(Ljava/awt/Component;ILjava/awt/event/MouseEvent;)V+320
j  java.awt.LightweightDispatcher.processMouseEvent(Ljava/awt/event/MouseEvent;)Z+139
j  java.awt.LightweightDispatcher.dispatchEvent(Ljava/awt/AWTEvent;)Z+50
j  java.awt.Container.dispatchEventImpl(Ljava/awt/AWTEvent;)V+12
j  java.awt.Window.dispatchEventImpl(Ljava/awt/AWTEvent;)V+19
j  java.awt.Component.dispatchEvent(Ljava/awt/AWTEvent;)V+2
j  java.awt.EventQueue.dispatchEvent(Ljava/awt/AWTEvent;)V+46
j  java.awt.EventDispatchThread.pumpOneEventForFilters(I)Z+204
j  java.awt.EventDispatchThread.pumpEventsForFilter(ILjava/awt/Conditional;Ljava/awt/EventFilter;)V+30
j  java.awt.EventDispatchThread.pumpEventsForHierarchy(ILjava/awt/Conditional;Ljava/awt/Component;)V+11
j  java.awt.EventDispatchThread.pumpEvents(ILjava/awt/Conditional;)V+4
j  java.awt.EventDispatchThread.pumpEvents(Ljava/awt/Conditional;)V+3
j  java.awt.EventDispatchThread.run()V+9
v  ~StubRoutines::call_stub

---------------  P R O C E S S  ---------------

Java Threads: ( => current thread )
  0x00007f65581da000 JavaThread "Thread-1" [_thread_in_native, id=5532, stack(0x00007f655544b000,0x00007f655554c000)]
  0x00007f655825e800 JavaThread "TimerQueue" daemon [_thread_blocked, id=5528, stack(0x00007f655554c000,0x00007f655564d000)]
  0x0000000041887800 JavaThread "DestroyJavaVM" [_thread_blocked, id=5504, stack(0x00007f65a2dcb000,0x00007f65a2ecc000)]
=>0x0000000041b85800 JavaThread "AWT-EventQueue-0" [_thread_in_native, id=5524, stack(0x00007f655604e000,0x00007f655614f000)]
  0x0000000041b84800 JavaThread "AWT-Shutdown" [_thread_blocked, id=5523, stack(0x00007f65563bb000,0x00007f65564bc000)]
  0x0000000041b9a000 JavaThread "AWT-XAWT" daemon [_thread_in_native, id=5522, stack(0x00007f65564bc000,0x00007f65565bd000)]
  0x00007f6558088000 JavaThread "Java2D Disposer" daemon [_thread_blocked, id=5520, stack(0x00007f6556bfd000,0x00007f6556cfe000)]
  0x00007f6558006800 JavaThread "Low Memory Detector" daemon [_thread_blocked, id=5515, stack(0x00007f655c2d3000,0x00007f655c3d4000)]
  0x00007f6558004000 JavaThread "CompilerThread1" daemon [_thread_blocked, id=5514, stack(0x00007f655c3d4000,0x00007f655c4d5000)]
  0x00007f6558001000 JavaThread "CompilerThread0" daemon [_thread_blocked, id=5513, stack(0x00007f655c4d5000,0x00007f655c5d6000)]
  0x000000004190b800 JavaThread "Signal Dispatcher" daemon [_thread_blocked, id=5512, stack(0x00007f655c5d6000,0x00007f655c6d7000)]
  0x00000000418ec800 JavaThread "Finalizer" daemon [_thread_blocked, id=5511, stack(0x00007f655c9ac000,0x00007f655caad000)]
  0x00000000418e5800 JavaThread "Reference Handler" daemon [_thread_blocked, id=5510, stack(0x00007f655caad000,0x00007f655cbae000)]

Other Threads:
  0x00000000418e1000 VMThread [stack: 0x00007f655cbae000,0x00007f655ccaf000] [id=5509]
  0x00007f6558011000 WatcherThread [stack: 0x00007f655c1d2000,0x00007f655c2d3000] [id=5516]

VM state:not at safepoint (normal execution)

VM Mutex/Monitor currently owned by a thread: None

Heap
 PSYoungGen      total 17984K, used 11493K [0x00007f658add0000, 0x00007f658c1e0000, 0x00007f659ef20000)
  eden space 15424K, 74% used [0x00007f658add0000,0x00007f658b909720,0x00007f658bce0000)
  from space 2560K, 0% used [0x00007f658bf60000,0x00007f658bf60000,0x00007f658c1e0000)
  to   space 2560K, 0% used [0x00007f658bce0000,0x00007f658bce0000,0x00007f658bf60000)
 PSOldGen        total 41152K, used 0K [0x00007f6562b20000, 0x00007f6565350000, 0x00007f658add0000)
  object space 41152K, 0% used [0x00007f6562b20000,0x00007f6562b20000,0x00007f6565350000)
 PSPermGen       total 21248K, used 16651K [0x00007f655d720000, 0x00007f655ebe0000, 0x00007f6562b20000)
  object space 21248K, 78% used [0x00007f655d720000,0x00007f655e762c78,0x00007f655ebe0000)

Dynamic libraries:
40000000-40009000 r-xp 00000000 fc:00 2126858                            /opt/sun-jdk-1.6.0.21/bin/java
40108000-4010a000 rwxp 00008000 fc:00 2126858                            /opt/sun-jdk-1.6.0.21/bin/java
4187f000-41d19000 rwxp 00000000 00:00 0                                  [heap]
7f655544b000-7f655544e000 ---p 00000000 00:00 0 
7f655544e000-7f655554c000 rwxp 00000000 00:00 0 
7f655554c000-7f655554f000 ---p 00000000 00:00 0 
7f655554f000-7f655564d000 rwxp 00000000 00:00 0 
7f655564d000-7f6555a1e000 rwxs 00000000 00:04 1374748678                 /SYSV00000000 (deleted)
7f6555a1e000-7f6555a25000 r-xp 00000000 fc:00 2126917                    /opt/sun-jdk-1.6.0.21/jre/lib/amd64/libnio.so
7f6555a25000-7f6555b24000 ---p 00007000 fc:00 2126917                    /opt/sun-jdk-1.6.0.21/jre/lib/amd64/libnio.so
7f6555b24000-7f6555b26000 rwxp 00006000 fc:00 2126917                    /opt/sun-jdk-1.6.0.21/jre/lib/amd64/libnio.so
7f6555b26000-7f6555b39000 r-xp 00000000 fc:00 2126928                    /opt/sun-jdk-1.6.0.21/jre/lib/amd64/libnet.so
7f6555b39000-7f6555c3a000 ---p 00013000 fc:00 2126928                    /opt/sun-jdk-1.6.0.21/jre/lib/amd64/libnet.so
7f6555c3a000-7f6555c3d000 rwxp 00014000 fc:00 2126928                    /opt/sun-jdk-1.6.0.21/jre/lib/amd64/libnet.so
7f6555c3d000-7f6555c40000 ---p 00000000 00:00 0 
7f6555c40000-7f6555d3e000 rwxp 00000000 00:00 0 
7f6555d3e000-7f6555d41000 ---p 00000000 00:00 0 
7f6555d41000-7f6555e3f000 rwxp 00000000 00:00 0 
7f6555e3f000-7f6555e4d000 r-xp 00000000 fc:00 1894172                    /usr/lib64/rxtx-2/librxtxSerial-2.1-7.so
7f6555e4d000-7f655604c000 ---p 0000e000 fc:00 1894172                    /usr/lib64/rxtx-2/librxtxSerial-2.1-7.so
7f655604c000-7f655604d000 r-xp 0000d000 fc:00 1894172                    /usr/lib64/rxtx-2/librxtxSerial-2.1-7.so
7f655604d000-7f655604e000 rwxp 0000e000 fc:00 1894172                    /usr/lib64/rxtx-2/librxtxSerial-2.1-7.so
7f655604e000-7f6556051000 ---p 00000000 00:00 0 
7f6556051000-7f655614f000 rwxp 00000000 00:00 0                          [threadstack:000fcff0]
7f655614f000-7f6556158000 r-xs 00000000 fc:00 1964158                    /var/cache/fontconfig/87f5e051180a7a75f16eb6fe7dbd3749-le64.cache-3
7f6556158000-7f655615b000 r-xs 00000000 fc:00 1968492                    /var/cache/fontconfig/f55bbeb01d684dc5b5f7b2c347cc42d9-le64.cache-3
7f655615b000-7f655615e000 r-xs 00000000 fc:00 1968480                    /var/cache/fontconfig/76fa4b957c916922374347f144bde9da-le64.cache-3
7f655615e000-7f6556166000 r-xs 00000000 fc:00 1968387                    /var/cache/fontconfig/4460665c0f3e88acdd4c85aa2f409b99-le64.cache-3
7f6556166000-7f655617c000 r-xs 00000000 fc:00 1968386                    /var/cache/fontconfig/8d4af663993b81a124ee82e610bb31f9-le64.cache-3
7f655617c000-7f6556277000 r-xs 00000000 fc:00 1968337                    /var/cache/fontconfig/dddecb0375fed72f4397ef3beff8ac7b-le64.cache-3
7f6556277000-7f6556289000 r-xs 00000000 fc:00 1968312                    /var/cache/fontconfig/221fd1126b80b777db535aea535e87ba-le64.cache-3
7f6556289000-7f6556293000 r-xs 00000000 fc:00 1962731                    /var/cache/fontconfig/0ab7af1fb3bdf18d804b641fb2a04792-le64.cache-3
7f6556293000-7f65562f0000 r-xs 00000000 fc:00 1967229                    /var/cache/fontconfig/17090aa38d5c6f09fb8c5c354938f1d7-le64.cache-3
7f65563bb000-7f65563be000 ---p 00000000 00:00 0 
7f65563be000-7f65564bc000 rwxp 00000000 00:00 0 
7f65564bc000-7f65564bf000 ---p 00000000 00:00 0 
7f65564bf000-7f65565bd000 rwxp 00000000 00:00 0 
7f65565bd000-7f65565c2000 r-xp 00000000 fc:00 20885                      /usr/lib64/libXfixes.so.3.1.0
7f65565c2000-7f65567c1000 ---p 00005000 fc:00 20885                      /usr/lib64/libXfixes.so.3.1.0
7f65567c1000-7f65567c2000 r-xp 00004000 fc:00 20885                      /usr/lib64/libXfixes.so.3.1.0
7f65567c2000-7f65567c3000 rwxp 00005000 fc:00 20885                      /usr/lib64/libXfixes.so.3.1.0
7f65567c3000-7f65567cc000 r-xp 00000000 fc:00 20901                      /usr/lib64/libXrender.so.1.3.0
7f65567cc000-7f65569cc000 ---p 00009000 fc:00 20901                      /usr/lib64/libXrender.so.1.3.0
7f65569cc000-7f65569cd000 r-xp 00009000 fc:00 20901                      /usr/lib64/libXrender.so.1.3.0
7f65569cd000-7f65569ce000 rwxp 0000a000 fc:00 20901                      /usr/lib64/libXrender.so.1.3.0
7f65569ce000-7f65569d8000 r-xp 00000000 fc:00 2118390                    /usr/lib64/libXcursor.so.1.0.2
7f65569d8000-7f6556bd7000 ---p 0000a000 fc:00 2118390                    /usr/lib64/libXcursor.so.1.0.2
7f6556bd7000-7f6556bd8000 r-xp 00009000 fc:00 2118390                    /usr/lib64/libXcursor.so.1.0.2
7f6556bd8000-7f6556bd9000 rwxp 0000a000 fc:00 2118390                    /usr/lib64/libXcursor.so.1.0.2
7f6556bf5000-7f6556bfd000 r-xs 00115000 fc:00 2126998                    /opt/sun-jdk-1.6.0.21/jre/lib/resources.jar
7f6556bfd000-7f6556c00000 ---p 00000000 00:00 0 
7f6556c00000-7f6556cfe000 rwxp 00000000 00:00 0 
7f6556cfe000-7f6556d7c000 r-xp 00000000 fc:00 2126915                    /opt/sun-jdk-1.6.0.21/jre/lib/amd64/libfontmanager.so
7f6556d7c000-7f6556e7b000 ---p 0007e000 fc:00 2126915                    /opt/sun-jdk-1.6.0.21/jre/lib/amd64/libfontmanager.so
7f6556e7b000-7f6556e91000 rwxp 0007d000 fc:00 2126915                    /opt/sun-jdk-1.6.0.21/jre/lib/amd64/libfontmanager.so
7f6556e91000-7f6556ea2000 rwxp 00000000 00:00 0 
7f6556ea2000-7f6556ea7000 r-xp 00000000 fc:00 2116044                    /usr/lib64/libXdmcp.so.6.0.0
7f6556ea7000-7f65570a6000 ---p 00005000 fc:00 2116044                    /usr/lib64/libXdmcp.so.6.0.0
7f65570a6000-7f65570a7000 r-xp 00004000 fc:00 2116044                    /usr/lib64/libXdmcp.so.6.0.0
7f65570a7000-7f65570a8000 rwxp 00005000 fc:00 2116044                    /usr/lib64/libXdmcp.so.6.0.0
7f65570a8000-7f65570aa000 r-xp 00000000 fc:00 2115664                    /usr/lib64/libXau.so.6.0.0
7f65570aa000-7f65572aa000 ---p 00002000 fc:00 2115664                    /usr/lib64/libXau.so.6.0.0
7f65572aa000-7f65572ab000 r-xp 00002000 fc:00 2115664                    /usr/lib64/libXau.so.6.0.0
7f65572ab000-7f65572ac000 rwxp 00003000 fc:00 2115664                    /usr/lib64/libXau.so.6.0.0
7f65572ac000-7f65572c9000 r-xp 00000000 fc:00 1976861                    /usr/lib64/libxcb.so.1.1.0
7f65572c9000-7f65574c8000 ---p 0001d000 fc:00 1976861                    /usr/lib64/libxcb.so.1.1.0
7f65574c8000-7f65574c9000 r-xp 0001c000 fc:00 1976861                    /usr/lib64/libxcb.so.1.1.0
7f65574c9000-7f65574ca000 rwxp 0001d000 fc:00 1976861                    /usr/lib64/libxcb.so.1.1.0
7f65574ca000-7f65574d9000 r-xp 00000000 fc:00 2181465                    /usr/lib64/libXi.so.6.1.0
7f65574d9000-7f65576d8000 ---p 0000f000 fc:00 2181465                    /usr/lib64/libXi.so.6.1.0
7f65576d8000-7f65576d9000 r-xp 0000e000 fc:00 2181465                    /usr/lib64/libXi.so.6.1.0
7f65576d9000-7f65576da000 rwxp 0000f000 fc:00 2181465                    /usr/lib64/libXi.so.6.1.0
7f65576da000-7f65576df000 r-xp 00000000 fc:00 2120114                    /usr/lib64/libXtst.so.6.1.0
7f65576df000-7f65578df000 ---p 00005000 fc:00 2120114                    /usr/lib64/libXtst.so.6.1.0
7f65578df000-7f65578e0000 r-xp 00005000 fc:00 2120114                    /usr/lib64/libXtst.so.6.1.0
7f65578e0000-7f65578e1000 rwxp 00006000 fc:00 2120114                    /usr/lib64/libXtst.so.6.1.0
7f65578e1000-7f6557a18000 r-xp 00000000 fc:00 598486                     /usr/lib64/libX11.so.6.3.0
7f6557a18000-7f6557c18000 ---p 00137000 fc:00 598486                     /usr/lib64/libX11.so.6.3.0
7f6557c18000-7f6557c19000 r-xp 00137000 fc:00 598486                     /usr/lib64/libX11.so.6.3.0
7f6557c19000-7f6557c1e000 rwxp 00138000 fc:00 598486                     /usr/lib64/libX11.so.6.3.0
7f6557c1e000-7f6557c2f000 r-xp 00000000 fc:00 2117703                    /usr/lib64/libXext.so.6.4.0
7f6557c2f000-7f6557e2f000 ---p 00011000 fc:00 2117703                    /usr/lib64/libXext.so.6.4.0
7f6557e2f000-7f6557e30000 r-xp 00011000 fc:00 2117703                    /usr/lib64/libXext.so.6.4.0
7f6557e30000-7f6557e31000 rwxp 00012000 fc:00 2117703                    /usr/lib64/libXext.so.6.4.0
7f6557e31000-7f6557ec3000 r-xp 00000000 fc:00 2126966                    /opt/sun-jdk-1.6.0.21/jre/lib/amd64/libawt.so
7f6557ec3000-7f6557fc2000 ---p 00092000 fc:00 2126966                    /opt/sun-jdk-1.6.0.21/jre/lib/amd64/libawt.so
7f6557fc2000-7f6557fdb000 rwxp 00091000 fc:00 2126966                    /opt/sun-jdk-1.6.0.21/jre/lib/amd64/libawt.so
7f6557fdb000-7f6558000000 rwxp 00000000 00:00 0 
7f6558000000-7f6558380000 rwxp 00000000 00:00 0 
7f6558380000-7f655c000000 ---p 00000000 00:00 0 
7f655c000000-7f655c019000 r-xs 00000000 fc:00 1968031                    /var/cache/fontconfig/4b5cf4386f1cde02a336ba961b4ac82d-le64.cache-3
7f655c019000-7f655c076000 r-xs 00000000 fc:00 1967227                    /var/cache/fontconfig/df311e82a1a24c41a75c2c930223552e-le64.cache-3
7f655c076000-7f655c0b8000 r-xp 00000000 fc:00 2126954                    /opt/sun-jdk-1.6.0.21/jre/lib/amd64/xawt/libmawt.so
7f655c0b8000-7f655c1b7000 ---p 00042000 fc:00 2126954                    /opt/sun-jdk-1.6.0.21/jre/lib/amd64/xawt/libmawt.so
7f655c1b7000-7f655c1c2000 rwxp 00041000 fc:00 2126954                    /opt/sun-jdk-1.6.0.21/jre/lib/amd64/xawt/libmawt.so
7f655c1c2000-7f655c1c4000 rwxp 00000000 00:00 0 
7f655c1c4000-7f655c1c5000 r-xs 0000f000 fc:00 809074                     /home/dustin/chronos-clock/gui/libs/UmlGraph-5.3.jar
7f655c1c5000-7f655c1c9000 r-xs 0001f000 fc:00 815326                     /home/dustin/chronos-clock/gui/libs/jCharts-0.7.5.jar
7f655c1c9000-7f655c1d0000 r-xs 00094000 fc:00 815325                     /home/dustin/chronos-clock/gui/libs/beansbinding-1.2.1.jar
7f655c1d0000-7f655c1d2000 r-xs 0000d000 fc:00 1894140                    /usr/share/rxtx-2/lib/RXTXcomm.jar
7f655c1d2000-7f655c1d3000 ---p 00000000 00:00 0 
7f655c1d3000-7f655c2d3000 rwxp 00000000 00:00 0 
7f655c2d3000-7f655c2d6000 ---p 00000000 00:00 0 
7f655c2d6000-7f655c3d4000 rwxp 00000000 00:00 0 
7f655c3d4000-7f655c3d7000 ---p 00000000 00:00 0 
7f655c3d7000-7f655c4d5000 rwxp 00000000 00:00 0 
7f655c4d5000-7f655c4d8000 ---p 00000000 00:00 0 
7f655c4d8000-7f655c5d6000 rwxp 00000000 00:00 0 
7f655c5d6000-7f655c5d9000 ---p 00000000 00:00 0 
7f655c5d9000-7f655c6d7000 rwxp 00000000 00:00 0 
7f655c6d7000-7f655c9ac000 r-xp 00000000 fc:00 269829                     /usr/lib64/locale/locale-archive
7f655c9ac000-7f655c9af000 ---p 00000000 00:00 0 
7f655c9af000-7f655caad000 rwxp 00000000 00:00 0 
7f655caad000-7f655cab0000 ---p 00000000 00:00 0 
7f655cab0000-7f655cbae000 rwxp 00000000 00:00 0 
7f655cbae000-7f655cbaf000 ---p 00000000 00:00 0 
7f655cbaf000-7f655cfe6000 rwxp 00000000 00:00 0 
7f655cfe6000-7f655d17d000 r-xs 03014000 fc:00 2126975                    /opt/sun-jdk-1.6.0.21/jre/lib/rt.jar
7f655d17d000-7f655d1a5000 rwxp 00000000 00:00 0 
7f655d1a5000-7f655d1a6000 ---p 00000000 00:00 0 
7f655d1a6000-7f655d2a6000 rwxp 00000000 00:00 0 
7f655d2a6000-7f655d2a7000 ---p 00000000 00:00 0 
7f655d2a7000-7f655d3b2000 rwxp 00000000 00:00 0 
7f655d3b2000-7f655d3d1000 rwxp 00000000 00:00 0 
7f655d3d1000-7f655d3e6000 rwxp 00000000 00:00 0 
7f655d3e6000-7f655d513000 rwxp 00000000 00:00 0 
7f655d513000-7f655d51e000 rwxp 00000000 00:00 0 
7f655d51e000-7f655d53d000 rwxp 00000000 00:00 0 
7f655d53d000-7f655d552000 rwxp 00000000 00:00 0 
7f655d552000-7f655d67e000 rwxp 00000000 00:00 0 
7f655d67e000-7f655d689000 rwxp 00000000 00:00 0 
7f655d689000-7f655d71f000 rwxp 00000000 00:00 0 
7f655d71f000-7f655ebe0000 rwxp 00000000 00:00 0 
7f655ebe0000-7f6562b20000 rwxp 00000000 00:00 0 
7f6562b20000-7f6565350000 rwxp 00000000 00:00 0 
7f6565350000-7f658add0000 rwxp 00000000 00:00 0 
7f658add0000-7f658c1e0000 rwxp 00000000 00:00 0 
7f658c1e0000-7f659ef20000 rwxp 00000000 00:00 0 
7f659ef21000-7f659ef24000 r-xs 00000000 fc:00 1968336                    /var/cache/fontconfig/cfde08ab28ad1d91784abb10973575e3-le64.cache-3
7f659ef24000-7f659ef2d000 r-xs 00000000 fc:00 1968055                    /var/cache/fontconfig/12b26b760a24f8b4feb03ad48a333a72-le64.cache-3
7f659ef2d000-7f659f19d000 rwxp 00000000 00:00 0 
7f659f19d000-7f65a1f2d000 rwxp 00000000 00:00 0 
7f65a1f2d000-7f65a1f3b000 r-xp 00000000 fc:00 2126936                    /opt/sun-jdk-1.6.0.21/jre/lib/amd64/libzip.so
7f65a1f3b000-7f65a203d000 ---p 0000e000 fc:00 2126936                    /opt/sun-jdk-1.6.0.21/jre/lib/amd64/libzip.so
7f65a203d000-7f65a2040000 rwxp 00010000 fc:00 2126936                    /opt/sun-jdk-1.6.0.21/jre/lib/amd64/libzip.so
7f65a2040000-7f65a2041000 rwxp 00000000 00:00 0 
7f65a2041000-7f65a204c000 r-xp 00000000 fc:00 608267                     /lib64/libnss_files-2.12.1.so
7f65a204c000-7f65a224c000 ---p 0000b000 fc:00 608267                     /lib64/libnss_files-2.12.1.so
7f65a224c000-7f65a224d000 r-xp 0000b000 fc:00 608267                     /lib64/libnss_files-2.12.1.so
7f65a224d000-7f65a224e000 rwxp 0000c000 fc:00 608267                     /lib64/libnss_files-2.12.1.so
7f65a224e000-7f65a2258000 r-xp 00000000 fc:00 608377                     /lib64/libnss_nis-2.12.1.so
7f65a2258000-7f65a2457000 ---p 0000a000 fc:00 608377                     /lib64/libnss_nis-2.12.1.so
7f65a2457000-7f65a2458000 r-xp 00009000 fc:00 608377                     /lib64/libnss_nis-2.12.1.so
7f65a2458000-7f65a2459000 rwxp 0000a000 fc:00 608377                     /lib64/libnss_nis-2.12.1.so
7f65a2459000-7f65a2460000 r-xp 00000000 fc:00 608421                     /lib64/libnss_compat-2.12.1.so
7f65a2460000-7f65a265f000 ---p 00007000 fc:00 608421                     /lib64/libnss_compat-2.12.1.so
7f65a265f000-7f65a2660000 r-xp 00006000 fc:00 608421                     /lib64/libnss_compat-2.12.1.so
7f65a2660000-7f65a2661000 rwxp 00007000 fc:00 608421                     /lib64/libnss_compat-2.12.1.so
7f65a2661000-7f65a2668000 r-xp 00000000 fc:00 2126944                    /opt/sun-jdk-1.6.0.21/jre/lib/amd64/native_threads/libhpi.so
7f65a2668000-7f65a2769000 ---p 00007000 fc:00 2126944                    /opt/sun-jdk-1.6.0.21/jre/lib/amd64/native_threads/libhpi.so
7f65a2769000-7f65a276b000 rwxp 00008000 fc:00 2126944                    /opt/sun-jdk-1.6.0.21/jre/lib/amd64/native_threads/libhpi.so
7f65a276b000-7f65a276c000 rwxp 00000000 00:00 0 
7f65a276c000-7f65a2781000 r-xp 00000000 fc:00 605566                     /lib64/libnsl-2.12.1.so
7f65a2781000-7f65a2980000 ---p 00015000 fc:00 605566                     /lib64/libnsl-2.12.1.so
7f65a2980000-7f65a2981000 r-xp 00014000 fc:00 605566                     /lib64/libnsl-2.12.1.so
7f65a2981000-7f65a2982000 rwxp 00015000 fc:00 605566                     /lib64/libnsl-2.12.1.so
7f65a2982000-7f65a2984000 rwxp 00000000 00:00 0 
7f65a2984000-7f65a29ac000 r-xp 00000000 fc:00 2126938                    /opt/sun-jdk-1.6.0.21/jre/lib/amd64/libjava.so
7f65a29ac000-7f65a2aac000 ---p 00028000 fc:00 2126938                    /opt/sun-jdk-1.6.0.21/jre/lib/amd64/libjava.so
7f65a2aac000-7f65a2ab3000 rwxp 00028000 fc:00 2126938                    /opt/sun-jdk-1.6.0.21/jre/lib/amd64/libjava.so
7f65a2ab3000-7f65a2ac0000 r-xp 00000000 fc:00 2126951                    /opt/sun-jdk-1.6.0.21/jre/lib/amd64/libverify.so
7f65a2ac0000-7f65a2bbf000 ---p 0000d000 fc:00 2126951                    /opt/sun-jdk-1.6.0.21/jre/lib/amd64/libverify.so
7f65a2bbf000-7f65a2bc2000 rwxp 0000c000 fc:00 2126951                    /opt/sun-jdk-1.6.0.21/jre/lib/amd64/libverify.so
7f65a2bc2000-7f65a2bca000 r-xp 00000000 fc:00 608417                     /lib64/librt-2.12.1.so
7f65a2bca000-7f65a2dc9000 ---p 00008000 fc:00 608417                     /lib64/librt-2.12.1.so
7f65a2dc9000-7f65a2dca000 r-xp 00007000 fc:00 608417                     /lib64/librt-2.12.1.so
7f65a2dca000-7f65a2dcb000 rwxp 00008000 fc:00 608417                     /lib64/librt-2.12.1.so
7f65a2dcb000-7f65a2dce000 ---p 00000000 00:00 0 
7f65a2dce000-7f65a2ecc000 rwxp 00000000 00:00 0 
7f65a2ecc000-7f65a2f4c000 r-xp 00000000 fc:00 605498                     /lib64/libm-2.12.1.so
7f65a2f4c000-7f65a314b000 ---p 00080000 fc:00 605498                     /lib64/libm-2.12.1.so
7f65a314b000-7f65a314c000 r-xp 0007f000 fc:00 605498                     /lib64/libm-2.12.1.so
7f65a314c000-7f65a314d000 rwxp 00080000 fc:00 605498                     /lib64/libm-2.12.1.so
7f65a314d000-7f65a3927000 r-xp 00000000 fc:00 2126923                    /opt/sun-jdk-1.6.0.21/jre/lib/amd64/server/libjvm.so
7f65a3927000-7f65a3a29000 ---p 007da000 fc:00 2126923                    /opt/sun-jdk-1.6.0.21/jre/lib/amd64/server/libjvm.so
7f65a3a29000-7f65a3bba000 rwxp 007dc000 fc:00 2126923                    /opt/sun-jdk-1.6.0.21/jre/lib/amd64/server/libjvm.so
7f65a3bba000-7f65a3bf5000 rwxp 00000000 00:00 0 
7f65a3bf5000-7f65a3d51000 r-xp 00000000 fc:00 608320                     /lib64/libc-2.12.1.so
7f65a3d51000-7f65a3f51000 ---p 0015c000 fc:00 608320                     /lib64/libc-2.12.1.so
7f65a3f51000-7f65a3f55000 r-xp 0015c000 fc:00 608320                     /lib64/libc-2.12.1.so
7f65a3f55000-7f65a3f56000 rwxp 00160000 fc:00 608320                     /lib64/libc-2.12.1.so
7f65a3f56000-7f65a3f5b000 rwxp 00000000 00:00 0 
7f65a3f5b000-7f65a3f5d000 r-xp 00000000 fc:00 608648                     /lib64/libdl-2.12.1.so
7f65a3f5d000-7f65a415d000 ---p 00002000 fc:00 608648                     /lib64/libdl-2.12.1.so
7f65a415d000-7f65a415e000 r-xp 00002000 fc:00 608648                     /lib64/libdl-2.12.1.so
7f65a415e000-7f65a415f000 rwxp 00003000 fc:00 608648                     /lib64/libdl-2.12.1.so
7f65a415f000-7f65a4176000 r-xp 00000000 fc:00 608286                     /lib64/libpthread-2.12.1.so
7f65a4176000-7f65a4376000 ---p 00017000 fc:00 608286                     /lib64/libpthread-2.12.1.so
7f65a4376000-7f65a4377000 r-xp 00017000 fc:00 608286                     /lib64/libpthread-2.12.1.so
7f65a4377000-7f65a4378000 rwxp 00018000 fc:00 608286                     /lib64/libpthread-2.12.1.so
7f65a4378000-7f65a437c000 rwxp 00000000 00:00 0 
7f65a437c000-7f65a439a000 r-xp 00000000 fc:00 608530                     /lib64/ld-2.12.1.so
7f65a439b000-7f65a439c000 rwxp 00000000 00:00 0 
7f65a439c000-7f65a43a1000 r-xs 00000000 fc:00 1968329                    /var/cache/fontconfig/a336a40326b5f097d6a660e43ed65741-le64.cache-3
7f65a43a1000-7f65a43a6000 r-xs 00000000 fc:00 1968030                    /var/cache/fontconfig/374b958dfa195bf54eaa9332f068d728-le64.cache-3
7f65a43a6000-7f65a43b0000 rwxp 00000000 00:00 0 
7f65a43b0000-7f65a4466000 rwxp 00000000 00:00 0 
7f65a4466000-7f65a4469000 rwxp 00000000 00:00 0 
7f65a4469000-7f65a4470000 r-xp 00000000 fc:00 2126933                    /opt/sun-jdk-1.6.0.21/jre/lib/amd64/jli/libjli.so
7f65a4470000-7f65a4571000 ---p 00007000 fc:00 2126933                    /opt/sun-jdk-1.6.0.21/jre/lib/amd64/jli/libjli.so
7f65a4571000-7f65a4573000 rwxp 00008000 fc:00 2126933                    /opt/sun-jdk-1.6.0.21/jre/lib/amd64/jli/libjli.so
7f65a4573000-7f65a4574000 rwxp 00000000 00:00 0 
7f65a4574000-7f65a4578000 r-xs 00000000 fc:00 1968334                    /var/cache/fontconfig/a595ca43be94766bbfe429f07fba82d0-le64.cache-3
7f65a4578000-7f65a457c000 r-xs 00000000 fc:00 1968029                    /var/cache/fontconfig/32131d65b812eea3c64a5be9e545fb09-le64.cache-3
7f65a457c000-7f65a4583000 r-xs 00000000 fc:00 1967995                    /var/cache/fontconfig/d62e99ef547d1d24cdb1bd22ec1a2976-le64.cache-3
7f65a4583000-7f65a4587000 r-xs 00000000 fc:00 1964292                    /var/cache/fontconfig/f6b893a7224233d96cb72fd88691c0b4-le64.cache-3
7f65a4587000-7f65a458e000 r-xs 00000000 fc:00 1967966                    /var/cache/fontconfig/f349e9996a5320f6dd491cedd2b1f964-le64.cache-3
7f65a458e000-7f65a4596000 rwxs 00000000 fc:00 686352                     /tmp/hsperfdata_dustin/5502
7f65a4596000-7f65a4597000 rwxp 00000000 00:00 0 
7f65a4597000-7f65a4598000 r-xp 00000000 00:00 0 
7f65a4598000-7f65a4599000 rwxp 00000000 00:00 0 
7f65a4599000-7f65a459a000 r-xp 0001d000 fc:00 608530                     /lib64/ld-2.12.1.so
7f65a459a000-7f65a459b000 rwxp 0001e000 fc:00 608530                     /lib64/ld-2.12.1.so
7f65a459b000-7f65a459c000 rwxp 00000000 00:00 0 
7fffd46ef000-7fffd4704000 rwxp 00000000 00:00 0                          [stack]
7fffd4766000-7fffd4767000 r-xp 00000000 00:00 0                          [vdso]
ffffffffff600000-ffffffffff601000 r-xp 00000000 00:00 0                  [vsyscall]

VM Arguments:
jvm_args: -Dfile.encoding=UTF-8 
java_command: chronos.Main
Launcher Type: SUN_STANDARD

Environment Variables:
JAVA_HOME=/etc/java-config-2/current-system-vm
PATH=/usr/local/bin:/usr/bin:/bin:/opt/bin:/usr/x86_64-pc-linux-gnu/avr/gcc-bin/4.4.4:/usr/x86_64-pc-linux-gnu/mingw32/gcc-bin/4.4.4:/usr/x86_64-pc-linux-gnu/gcc-bin/4.4.4:/usr/games/bin
LD_LIBRARY_PATH=/opt/sun-jdk-1.6.0.21/jre/lib/amd64/server:/opt/sun-jdk-1.6.0.21/jre/lib/amd64:/opt/sun-jdk-1.6.0.21/jre/../lib/amd64
SHELL=/bin/zsh
DISPLAY=:0.0

Signal Handlers:
SIGSEGV: [libjvm.so+0x7311c0], sa_mask[0]=0x7ffbfeff, sa_flags=0x10000004
SIGBUS: [libjvm.so+0x7311c0], sa_mask[0]=0x7ffbfeff, sa_flags=0x10000004
SIGFPE: [libjvm.so+0x5f5da0], sa_mask[0]=0x7ffbfeff, sa_flags=0x10000004
SIGPIPE: [libjvm.so+0x5f5da0], sa_mask[0]=0x7ffbfeff, sa_flags=0x10000004
SIGXFSZ: [libjvm.so+0x5f5da0], sa_mask[0]=0x7ffbfeff, sa_flags=0x10000004
SIGILL: [libjvm.so+0x5f5da0], sa_mask[0]=0x7ffbfeff, sa_flags=0x10000004
SIGUSR1: SIG_DFL, sa_mask[0]=0x00000000, sa_flags=0x00000000
SIGUSR2: [libjvm.so+0x5f85c0], sa_mask[0]=0x00000004, sa_flags=0x10000004
SIGHUP: [libjvm.so+0x5f8310], sa_mask[0]=0x7ffbfeff, sa_flags=0x10000004
SIGINT: SIG_IGN, sa_mask[0]=0x00000000, sa_flags=0x00000000
SIGTERM: [libjvm.so+0x5f8310], sa_mask[0]=0x7ffbfeff, sa_flags=0x10000004
SIGQUIT: [libjvm.so+0x5f8310], sa_mask[0]=0x7ffbfeff, sa_flags=0x10000004


---------------  S Y S T E M  ---------------

OS:Gentoo Base System release 2.0.1

uname:Linux 2.6.33-gentoo-r2 #1 SMP Tue May 18 16:29:47 CEST 2010 x86_64
libc:glibc 2.12.1 NPTL 2.12.1 
rlimit: STACK 8192k, CORE 0k, NPROC 30556, NOFILE 1024, AS infinity
load average:0.02 0.05 0.24

CPU:total 2 (2 cores per cpu, 1 threads per core) family 6 model 15 stepping 13, cmov, cx8, fxsr, mmx, sse, sse2, sse3, ssse3

Memory: 4k page, physical 3948288k(1852236k free), swap 0k(0k free)

vm_info: Java HotSpot(TM) 64-Bit Server VM (17.0-b16) for linux-amd64 JRE (1.6.0_21-b06), built on Jun 22 2010 01:10:00 by "java_re" with gcc 3.2.2 (SuSE Linux)

time: Mon Jan 17 13:21:24 2011
elapsed time: 6 seconds

