#
# A fatal error has been detected by the Java Runtime Environment:
#
#  SIGSEGV (0xb) at pc=0x00007f33a0c0d2e1, pid=10365, tid=139859720222480
#
# JRE version: 6.0_21-b06
# Java VM: Java HotSpot(TM) 64-Bit Server VM (17.0-b16 mixed mode linux-amd64 )
# Problematic frame:
# C  [librxtxSerial.so+0x92e1]  Java_gnu_io_RXTXPort_nativeDrain+0xe1
#
# If you would like to submit a bug report, please visit:
#   http://java.sun.com/webapps/bugreport/crash.jsp
# The crash happened outside the Java Virtual Machine in native code.
# See problematic frame for where to report the bug.
#

---------------  T H R E A D  ---------------

Current thread (0x0000000041c17800):  JavaThread "AWT-EventQueue-0" [_thread_in_native, id=10384, stack(0x00007f33a0e13000,0x00007f33a0f14000)]

siginfo:si_signo=SIGSEGV: si_errno=0, si_code=1 (SEGV_MAPERR), si_addr=0xffffffffa030f5cc

Registers:
RAX=0x000000000000001c, RBX=0x00007f33a0f11ba0, RCX=0x00007f33a0c0efc1, RDX=0x00007f33a0f11bbc
RSP=0x00007f33a0f119d0, RBP=0x0000000041c179c8, RSI=0x00007f33a0c0efc0, RDI=0x00007f33a0f11ba0
R8 =0x0000000000000001, R9 =0x00007f33a0c0efc1, R10=0x0000000000000000, R11=0x0000000000000000
R12=0xffffffffa030f5c0, R13=0x0000000000000010, R14=0x0000000000000000, R15=0x0000000000000000
RIP=0x00007f33a0c0d2e1, EFL=0x0000000000010286, CSGSFS=0x0000000000000033, ERR=0x0000000000000005
  TRAPNO=0x000000000000000e

Top of Stack: (sp=0x00007f33a0f119d0)
0x00007f33a0f119d0:   00007f33a0f118f8 00007f33a0f11cb0
0x00007f33a0f119e0:   00007f33a0f119c1 0000000800000002
0x00007f33a0f119f0:   0000000041a3f400 00007f33a0f11a50
0x00007f33a0f11a00:   00007f33a0f11ad0 00007f33ea4eb458
0x00007f33a0f11a10:   0000000041c17800 00007f33ea513490
0x00007f33a0f11a20:   00007f33a0f11bd7 0000000041aab488
0x00007f33a0f11a30:   0000000041aab498 0000000041aab490
0x00007f33a0f11a40:   00007f330000000b 00007f33a0c0d200
0x00007f33a0f11a50:   00007f33ea84c3b0 0000005000000000
0x00007f33a0f11a60:   0000000000000020 0000000000000000
0x00007f33a0f11a70:   0000000000000000 0000000041a3f360
0x00007f33a0f11a80:   0000000000000020 0000000000000100
0x00007f33a0f11a90:   0000000000000000 0000000041a3f230
0x00007f33a0f11aa0:   0000000000000020 0000000041aab488
0x00007f33a0f11ab0:   0000000041c17800 0000000000000003
0x00007f33a0f11ac0:   00007f33a0f11bd7 0000000041a3f330
0x00007f33a0f11ad0:   00007f33a0f11b20 00007f33ea4eb5c7
0x00007f33a0f11ae0:   0000000041c17800 0000010000000004
0x00007f33a0f11af0:   00007f3300000000 0000000041c17800
0x00007f33a0f11b00:   00007f33a0f11bd7 0000000041aab488
0x00007f33a0f11b10:   00007f33a0f11bd7 0000000041c17800
0x00007f33a0f11b20:   00007f33a0f11b70 00007f33ea4eb963
0x00007f33a0f11b30:   0000000041ad3ee0 0000000041a3f220
0x00007f33a0f11b40:   00007f33ea8505d0 0000000041aab4c8
0x00007f33a0f11b50:   0000000000000003 0000000000000000
0x00007f33a0f11b60:   0000000000001428 00007f3300000009
0x00007f33a0f11b70:   0000000041aab488 00007f33ea4eba9a
0x00007f33a0f11b80:   00000000419ab450 00007f33ea4f00d8
0x00007f33a0f11b90:   00007f33a0f11ba0 0000000041c17800
0x00007f33a0f11ba0:   74726f5058545852 29286e696172643a
0x00007f33a0f11bb0:   736e727574657220 000000000a30203a
0x00007f33a0f11bc0:   00007f33a0f11c10 00007f33ea2fc320 

Instructions: (pc=0x00007f33a0c0d2e1)
0x00007f33a0c0d2d1:   ef e8 b1 b0 ff ff 45 84 f6 75 0f 4d 85 e4 74 0a
0x00007f33a0c0d2e1:   45 8b 6c 24 0c 45 85 ed 75 15 48 81 c4 28 02 00 

Stack: [0x00007f33a0e13000,0x00007f33a0f14000],  sp=0x00007f33a0f119d0,  free space=3fa0000000000000018k
Native frames: (J=compiled Java code, j=interpreted, Vv=VM code, C=native code)
C  [librxtxSerial.so+0x92e1]  Java_gnu_io_RXTXPort_nativeDrain+0xe1

Java frames: (J=compiled Java code, j=interpreted, Vv=VM code)
j  gnu.io.RXTXPort.nativeDrain(Z)Z+0
j  gnu.io.RXTXPort$SerialOutputStream.flush()V+72
j  chronos.Connection.send(I[I)V+63
j  chronos.Connection.startAP()V+6
j  chronos.Controller.sync()V+18
j  chronos.gui.MainFrame.syncButtonActionPerformed(Ljava/awt/event/ActionEvent;)V+3
j  chronos.gui.MainFrame.access$100(Lchronos/gui/MainFrame;Ljava/awt/event/ActionEvent;)V+2
j  chronos.gui.MainFrame$2.actionPerformed(Ljava/awt/event/ActionEvent;)V+5
j  javax.swing.AbstractButton.fireActionPerformed(Ljava/awt/event/ActionEvent;)V+84
j  javax.swing.AbstractButton$Handler.actionPerformed(Ljava/awt/event/ActionEvent;)V+5
j  javax.swing.DefaultButtonModel.fireActionPerformed(Ljava/awt/event/ActionEvent;)V+35
j  javax.swing.DefaultButtonModel.setPressed(Z)V+117
j  javax.swing.plaf.basic.BasicButtonListener.mouseReleased(Ljava/awt/event/MouseEvent;)V+35
j  java.awt.Component.processMouseEvent(Ljava/awt/event/MouseEvent;)V+64
j  javax.swing.JComponent.processMouseEvent(Ljava/awt/event/MouseEvent;)V+23
j  java.awt.Component.processEvent(Ljava/awt/AWTEvent;)V+81
j  java.awt.Container.processEvent(Ljava/awt/AWTEvent;)V+18
j  java.awt.Component.dispatchEventImpl(Ljava/awt/AWTEvent;)V+566
j  java.awt.Container.dispatchEventImpl(Ljava/awt/AWTEvent;)V+42
j  java.awt.Component.dispatchEvent(Ljava/awt/AWTEvent;)V+2
j  java.awt.LightweightDispatcher.retargetMouseEvent(Ljava/awt/Component;ILjava/awt/event/MouseEvent;)V+320
j  java.awt.LightweightDispatcher.processMouseEvent(Ljava/awt/event/MouseEvent;)Z+139
j  java.awt.LightweightDispatcher.dispatchEvent(Ljava/awt/AWTEvent;)Z+50
j  java.awt.Container.dispatchEventImpl(Ljava/awt/AWTEvent;)V+12
j  java.awt.Window.dispatchEventImpl(Ljava/awt/AWTEvent;)V+19
j  java.awt.Component.dispatchEvent(Ljava/awt/AWTEvent;)V+2
j  java.awt.EventQueue.dispatchEvent(Ljava/awt/AWTEvent;)V+46
j  java.awt.EventDispatchThread.pumpOneEventForFilters(I)Z+204
j  java.awt.EventDispatchThread.pumpEventsForFilter(ILjava/awt/Conditional;Ljava/awt/EventFilter;)V+30
j  java.awt.EventDispatchThread.pumpEventsForHierarchy(ILjava/awt/Conditional;Ljava/awt/Component;)V+11
j  java.awt.EventDispatchThread.pumpEvents(ILjava/awt/Conditional;)V+4
j  java.awt.EventDispatchThread.pumpEvents(Ljava/awt/Conditional;)V+3
j  java.awt.EventDispatchThread.run()V+9
v  ~StubRoutines::call_stub

---------------  P R O C E S S  ---------------

Java Threads: ( => current thread )
  0x00007f339c417000 JavaThread "Thread-1" [_thread_in_native, id=10391, stack(0x00007f33a0210000,0x00007f33a0311000)]
  0x00007f339c2cd000 JavaThread "TimerQueue" daemon [_thread_blocked, id=10388, stack(0x00007f33a0311000,0x00007f33a0412000)]
  0x0000000041c5a800 JavaThread "Image Fetcher 1" daemon [_thread_blocked, id=10386, stack(0x00007f33a0a02000,0x00007f33a0b03000)]
  0x0000000041c66800 JavaThread "Image Fetcher 0" daemon [_thread_blocked, id=10385, stack(0x00007f33a0b03000,0x00007f33a0c04000)]
  0x00000000419ae800 JavaThread "DestroyJavaVM" [_thread_blocked, id=10370, stack(0x00007f33e9b97000,0x00007f33e9c98000)]
=>0x0000000041c17800 JavaThread "AWT-EventQueue-0" [_thread_in_native, id=10384, stack(0x00007f33a0e13000,0x00007f33a0f14000)]
  0x0000000041c15800 JavaThread "AWT-Shutdown" [_thread_blocked, id=10383, stack(0x00007f33a11dd000,0x00007f33a12de000)]
  0x0000000041c14800 JavaThread "AWT-XAWT" daemon [_thread_in_native, id=10382, stack(0x00007f33a12de000,0x00007f33a13df000)]
  0x00007f339c09f800 JavaThread "Java2D Disposer" daemon [_thread_blocked, id=10381, stack(0x00007f33a1a1f000,0x00007f33a1b20000)]
  0x00007f339c006800 JavaThread "Low Memory Detector" daemon [_thread_blocked, id=10379, stack(0x00007f33a30a3000,0x00007f33a31a4000)]
  0x00007f339c004000 JavaThread "CompilerThread1" daemon [_thread_blocked, id=10378, stack(0x00007f33a31a4000,0x00007f33a32a5000)]
  0x00007f339c001000 JavaThread "CompilerThread0" daemon [_thread_blocked, id=10377, stack(0x00007f33a32a5000,0x00007f33a33a6000)]
  0x0000000041a32800 JavaThread "Signal Dispatcher" daemon [_thread_blocked, id=10376, stack(0x00007f33a33a6000,0x00007f33a34a7000)]
  0x0000000041a13800 JavaThread "Finalizer" daemon [_thread_blocked, id=10375, stack(0x00007f33a377c000,0x00007f33a387d000)]
  0x0000000041a0c800 JavaThread "Reference Handler" daemon [_thread_blocked, id=10374, stack(0x00007f33a387d000,0x00007f33a397e000)]

Other Threads:
  0x0000000041a08000 VMThread [stack: 0x00007f33a397e000,0x00007f33a3a7f000] [id=10373]
  0x00007f339c009000 WatcherThread [stack: 0x00007f33a2fa2000,0x00007f33a30a3000] [id=10380]

VM state:not at safepoint (normal execution)

VM Mutex/Monitor currently owned by a thread: None

Heap
 PSYoungGen      total 17984K, used 11494K [0x00007f33d1ba0000, 0x00007f33d2fb0000, 0x00007f33e5cf0000)
  eden space 15424K, 74% used [0x00007f33d1ba0000,0x00007f33d26d98a0,0x00007f33d2ab0000)
  from space 2560K, 0% used [0x00007f33d2d30000,0x00007f33d2d30000,0x00007f33d2fb0000)
  to   space 2560K, 0% used [0x00007f33d2ab0000,0x00007f33d2ab0000,0x00007f33d2d30000)
 PSOldGen        total 41152K, used 0K [0x00007f33a98f0000, 0x00007f33ac120000, 0x00007f33d1ba0000)
  object space 41152K, 0% used [0x00007f33a98f0000,0x00007f33a98f0000,0x00007f33ac120000)
 PSPermGen       total 21248K, used 16580K [0x00007f33a44f0000, 0x00007f33a59b0000, 0x00007f33a98f0000)
  object space 21248K, 78% used [0x00007f33a44f0000,0x00007f33a5521040,0x00007f33a59b0000)

Dynamic libraries:
40000000-40009000 r-xp 00000000 fc:00 2126858                            /opt/sun-jdk-1.6.0.21/bin/java
40108000-4010a000 rwxp 00008000 fc:00 2126858                            /opt/sun-jdk-1.6.0.21/bin/java
419a6000-41d81000 rwxp 00000000 00:00 0                                  [heap]
7f339c000000-7f339c498000 rwxp 00000000 00:00 0 
7f339c498000-7f33a0000000 ---p 00000000 00:00 0 
7f33a0210000-7f33a0213000 ---p 00000000 00:00 0 
7f33a0213000-7f33a0311000 rwxp 00000000 00:00 0 
7f33a0311000-7f33a0314000 ---p 00000000 00:00 0 
7f33a0314000-7f33a0412000 rwxp 00000000 00:00 0 
7f33a0412000-7f33a07e3000 rwxs 00000000 00:04 1109852174                 /SYSV00000000 (deleted)
7f33a07e3000-7f33a07ea000 r-xp 00000000 fc:00 2126917                    /opt/sun-jdk-1.6.0.21/jre/lib/amd64/libnio.so
7f33a07ea000-7f33a08e9000 ---p 00007000 fc:00 2126917                    /opt/sun-jdk-1.6.0.21/jre/lib/amd64/libnio.so
7f33a08e9000-7f33a08eb000 rwxp 00006000 fc:00 2126917                    /opt/sun-jdk-1.6.0.21/jre/lib/amd64/libnio.so
7f33a08eb000-7f33a08fe000 r-xp 00000000 fc:00 2126928                    /opt/sun-jdk-1.6.0.21/jre/lib/amd64/libnet.so
7f33a08fe000-7f33a09ff000 ---p 00013000 fc:00 2126928                    /opt/sun-jdk-1.6.0.21/jre/lib/amd64/libnet.so
7f33a09ff000-7f33a0a02000 rwxp 00014000 fc:00 2126928                    /opt/sun-jdk-1.6.0.21/jre/lib/amd64/libnet.so
7f33a0a02000-7f33a0a05000 ---p 00000000 00:00 0 
7f33a0a05000-7f33a0b03000 rwxp 00000000 00:00 0 
7f33a0b03000-7f33a0b06000 ---p 00000000 00:00 0 
7f33a0b06000-7f33a0c04000 rwxp 00000000 00:00 0 
7f33a0c04000-7f33a0c12000 r-xp 00000000 fc:00 1894124                    /usr/lib64/rxtx-2/librxtxSerial-2.1-7.so
7f33a0c12000-7f33a0e11000 ---p 0000e000 fc:00 1894124                    /usr/lib64/rxtx-2/librxtxSerial-2.1-7.so
7f33a0e11000-7f33a0e12000 r-xp 0000d000 fc:00 1894124                    /usr/lib64/rxtx-2/librxtxSerial-2.1-7.so
7f33a0e12000-7f33a0e13000 rwxp 0000e000 fc:00 1894124                    /usr/lib64/rxtx-2/librxtxSerial-2.1-7.so
7f33a0e13000-7f33a0e16000 ---p 00000000 00:00 0 
7f33a0e16000-7f33a0f14000 rwxp 00000000 00:00 0                          [threadstack:000fcff0]
7f33a0f14000-7f33a0f1d000 r-xs 00000000 fc:00 1964158                    /var/cache/fontconfig/87f5e051180a7a75f16eb6fe7dbd3749-le64.cache-3
7f33a0f1d000-7f33a0f20000 r-xs 00000000 fc:00 1968492                    /var/cache/fontconfig/f55bbeb01d684dc5b5f7b2c347cc42d9-le64.cache-3
7f33a0f20000-7f33a0f23000 r-xs 00000000 fc:00 1968480                    /var/cache/fontconfig/76fa4b957c916922374347f144bde9da-le64.cache-3
7f33a0f23000-7f33a0f2b000 r-xs 00000000 fc:00 1968387                    /var/cache/fontconfig/4460665c0f3e88acdd4c85aa2f409b99-le64.cache-3
7f33a0f2b000-7f33a0f41000 r-xs 00000000 fc:00 1968386                    /var/cache/fontconfig/8d4af663993b81a124ee82e610bb31f9-le64.cache-3
7f33a0f41000-7f33a103c000 r-xs 00000000 fc:00 1968337                    /var/cache/fontconfig/dddecb0375fed72f4397ef3beff8ac7b-le64.cache-3
7f33a103c000-7f33a104e000 r-xs 00000000 fc:00 1968312                    /var/cache/fontconfig/221fd1126b80b777db535aea535e87ba-le64.cache-3
7f33a104e000-7f33a1058000 r-xs 00000000 fc:00 1962731                    /var/cache/fontconfig/0ab7af1fb3bdf18d804b641fb2a04792-le64.cache-3
7f33a1058000-7f33a10b5000 r-xs 00000000 fc:00 1967229                    /var/cache/fontconfig/17090aa38d5c6f09fb8c5c354938f1d7-le64.cache-3
7f33a10b5000-7f33a1112000 r-xs 00000000 fc:00 1967227                    /var/cache/fontconfig/df311e82a1a24c41a75c2c930223552e-le64.cache-3
7f33a11dd000-7f33a11e0000 ---p 00000000 00:00 0 
7f33a11e0000-7f33a12de000 rwxp 00000000 00:00 0 
7f33a12de000-7f33a12e1000 ---p 00000000 00:00 0 
7f33a12e1000-7f33a13df000 rwxp 00000000 00:00 0 
7f33a13df000-7f33a13e4000 r-xp 00000000 fc:00 20885                      /usr/lib64/libXfixes.so.3.1.0
7f33a13e4000-7f33a15e3000 ---p 00005000 fc:00 20885                      /usr/lib64/libXfixes.so.3.1.0
7f33a15e3000-7f33a15e4000 r-xp 00004000 fc:00 20885                      /usr/lib64/libXfixes.so.3.1.0
7f33a15e4000-7f33a15e5000 rwxp 00005000 fc:00 20885                      /usr/lib64/libXfixes.so.3.1.0
7f33a15e5000-7f33a15ee000 r-xp 00000000 fc:00 20901                      /usr/lib64/libXrender.so.1.3.0
7f33a15ee000-7f33a17ee000 ---p 00009000 fc:00 20901                      /usr/lib64/libXrender.so.1.3.0
7f33a17ee000-7f33a17ef000 r-xp 00009000 fc:00 20901                      /usr/lib64/libXrender.so.1.3.0
7f33a17ef000-7f33a17f0000 rwxp 0000a000 fc:00 20901                      /usr/lib64/libXrender.so.1.3.0
7f33a17f0000-7f33a17fa000 r-xp 00000000 fc:00 2118390                    /usr/lib64/libXcursor.so.1.0.2
7f33a17fa000-7f33a19f9000 ---p 0000a000 fc:00 2118390                    /usr/lib64/libXcursor.so.1.0.2
7f33a19f9000-7f33a19fa000 r-xp 00009000 fc:00 2118390                    /usr/lib64/libXcursor.so.1.0.2
7f33a19fa000-7f33a19fb000 rwxp 0000a000 fc:00 2118390                    /usr/lib64/libXcursor.so.1.0.2
7f33a1a17000-7f33a1a1f000 r-xs 00115000 fc:00 2126998                    /opt/sun-jdk-1.6.0.21/jre/lib/resources.jar
7f33a1a1f000-7f33a1a22000 ---p 00000000 00:00 0 
7f33a1a22000-7f33a1b20000 rwxp 00000000 00:00 0 
7f33a1b20000-7f33a1b9e000 r-xp 00000000 fc:00 2126915                    /opt/sun-jdk-1.6.0.21/jre/lib/amd64/libfontmanager.so
7f33a1b9e000-7f33a1c9d000 ---p 0007e000 fc:00 2126915                    /opt/sun-jdk-1.6.0.21/jre/lib/amd64/libfontmanager.so
7f33a1c9d000-7f33a1cb3000 rwxp 0007d000 fc:00 2126915                    /opt/sun-jdk-1.6.0.21/jre/lib/amd64/libfontmanager.so
7f33a1cb3000-7f33a1cc4000 rwxp 00000000 00:00 0 
7f33a1cc4000-7f33a1cc9000 r-xp 00000000 fc:00 2116044                    /usr/lib64/libXdmcp.so.6.0.0
7f33a1cc9000-7f33a1ec8000 ---p 00005000 fc:00 2116044                    /usr/lib64/libXdmcp.so.6.0.0
7f33a1ec8000-7f33a1ec9000 r-xp 00004000 fc:00 2116044                    /usr/lib64/libXdmcp.so.6.0.0
7f33a1ec9000-7f33a1eca000 rwxp 00005000 fc:00 2116044                    /usr/lib64/libXdmcp.so.6.0.0
7f33a1eca000-7f33a1ecc000 r-xp 00000000 fc:00 2115664                    /usr/lib64/libXau.so.6.0.0
7f33a1ecc000-7f33a20cc000 ---p 00002000 fc:00 2115664                    /usr/lib64/libXau.so.6.0.0
7f33a20cc000-7f33a20cd000 r-xp 00002000 fc:00 2115664                    /usr/lib64/libXau.so.6.0.0
7f33a20cd000-7f33a20ce000 rwxp 00003000 fc:00 2115664                    /usr/lib64/libXau.so.6.0.0
7f33a20ce000-7f33a20eb000 r-xp 00000000 fc:00 1976861                    /usr/lib64/libxcb.so.1.1.0
7f33a20eb000-7f33a22ea000 ---p 0001d000 fc:00 1976861                    /usr/lib64/libxcb.so.1.1.0
7f33a22ea000-7f33a22eb000 r-xp 0001c000 fc:00 1976861                    /usr/lib64/libxcb.so.1.1.0
7f33a22eb000-7f33a22ec000 rwxp 0001d000 fc:00 1976861                    /usr/lib64/libxcb.so.1.1.0
7f33a22ec000-7f33a22fb000 r-xp 00000000 fc:00 2181465                    /usr/lib64/libXi.so.6.1.0
7f33a22fb000-7f33a24fa000 ---p 0000f000 fc:00 2181465                    /usr/lib64/libXi.so.6.1.0
7f33a24fa000-7f33a24fb000 r-xp 0000e000 fc:00 2181465                    /usr/lib64/libXi.so.6.1.0
7f33a24fb000-7f33a24fc000 rwxp 0000f000 fc:00 2181465                    /usr/lib64/libXi.so.6.1.0
7f33a24fc000-7f33a2501000 r-xp 00000000 fc:00 2120114                    /usr/lib64/libXtst.so.6.1.0
7f33a2501000-7f33a2701000 ---p 00005000 fc:00 2120114                    /usr/lib64/libXtst.so.6.1.0
7f33a2701000-7f33a2702000 r-xp 00005000 fc:00 2120114                    /usr/lib64/libXtst.so.6.1.0
7f33a2702000-7f33a2703000 rwxp 00006000 fc:00 2120114                    /usr/lib64/libXtst.so.6.1.0
7f33a2703000-7f33a283a000 r-xp 00000000 fc:00 598486                     /usr/lib64/libX11.so.6.3.0
7f33a283a000-7f33a2a3a000 ---p 00137000 fc:00 598486                     /usr/lib64/libX11.so.6.3.0
7f33a2a3a000-7f33a2a3b000 r-xp 00137000 fc:00 598486                     /usr/lib64/libX11.so.6.3.0
7f33a2a3b000-7f33a2a40000 rwxp 00138000 fc:00 598486                     /usr/lib64/libX11.so.6.3.0
7f33a2a40000-7f33a2a51000 r-xp 00000000 fc:00 2117703                    /usr/lib64/libXext.so.6.4.0
7f33a2a51000-7f33a2c51000 ---p 00011000 fc:00 2117703                    /usr/lib64/libXext.so.6.4.0
7f33a2c51000-7f33a2c52000 r-xp 00011000 fc:00 2117703                    /usr/lib64/libXext.so.6.4.0
7f33a2c52000-7f33a2c53000 rwxp 00012000 fc:00 2117703                    /usr/lib64/libXext.so.6.4.0
7f33a2c55000-7f33a2c5e000 r-xs 00000000 fc:00 1968055                    /var/cache/fontconfig/12b26b760a24f8b4feb03ad48a333a72-le64.cache-3
7f33a2c5e000-7f33a2c77000 r-xs 00000000 fc:00 1968031                    /var/cache/fontconfig/4b5cf4386f1cde02a336ba961b4ac82d-le64.cache-3
7f33a2c77000-7f33a2cb9000 r-xp 00000000 fc:00 2126954                    /opt/sun-jdk-1.6.0.21/jre/lib/amd64/xawt/libmawt.so
7f33a2cb9000-7f33a2db8000 ---p 00042000 fc:00 2126954                    /opt/sun-jdk-1.6.0.21/jre/lib/amd64/xawt/libmawt.so
7f33a2db8000-7f33a2dc3000 rwxp 00041000 fc:00 2126954                    /opt/sun-jdk-1.6.0.21/jre/lib/amd64/xawt/libmawt.so
7f33a2dc3000-7f33a2dc5000 rwxp 00000000 00:00 0 
7f33a2dc5000-7f33a2e57000 r-xp 00000000 fc:00 2126966                    /opt/sun-jdk-1.6.0.21/jre/lib/amd64/libawt.so
7f33a2e57000-7f33a2f56000 ---p 00092000 fc:00 2126966                    /opt/sun-jdk-1.6.0.21/jre/lib/amd64/libawt.so
7f33a2f56000-7f33a2f6f000 rwxp 00091000 fc:00 2126966                    /opt/sun-jdk-1.6.0.21/jre/lib/amd64/libawt.so
7f33a2f6f000-7f33a2f94000 rwxp 00000000 00:00 0 
7f33a2f94000-7f33a2f95000 r-xs 0000f000 fc:00 809074                     /home/dustin/chronos-clock/gui/libs/UmlGraph-5.3.jar
7f33a2f95000-7f33a2f99000 r-xs 0001f000 fc:00 815326                     /home/dustin/chronos-clock/gui/libs/jCharts-0.7.5.jar
7f33a2f99000-7f33a2fa0000 r-xs 00094000 fc:00 815325                     /home/dustin/chronos-clock/gui/libs/beansbinding-1.2.1.jar
7f33a2fa0000-7f33a2fa2000 r-xs 0000d000 fc:00 1894115                    /usr/share/rxtx-2/lib/RXTXcomm.jar
7f33a2fa2000-7f33a2fa3000 ---p 00000000 00:00 0 
7f33a2fa3000-7f33a30a3000 rwxp 00000000 00:00 0 
7f33a30a3000-7f33a30a6000 ---p 00000000 00:00 0 
7f33a30a6000-7f33a31a4000 rwxp 00000000 00:00 0 
7f33a31a4000-7f33a31a7000 ---p 00000000 00:00 0 
7f33a31a7000-7f33a32a5000 rwxp 00000000 00:00 0 
7f33a32a5000-7f33a32a8000 ---p 00000000 00:00 0 
7f33a32a8000-7f33a33a6000 rwxp 00000000 00:00 0 
7f33a33a6000-7f33a33a9000 ---p 00000000 00:00 0 
7f33a33a9000-7f33a34a7000 rwxp 00000000 00:00 0 
7f33a34a7000-7f33a377c000 r-xp 00000000 fc:00 269829                     /usr/lib64/locale/locale-archive
7f33a377c000-7f33a377f000 ---p 00000000 00:00 0 
7f33a377f000-7f33a387d000 rwxp 00000000 00:00 0 
7f33a387d000-7f33a3880000 ---p 00000000 00:00 0 
7f33a3880000-7f33a397e000 rwxp 00000000 00:00 0 
7f33a397e000-7f33a397f000 ---p 00000000 00:00 0 
7f33a397f000-7f33a3db6000 rwxp 00000000 00:00 0 
7f33a3db6000-7f33a3f4d000 r-xs 03014000 fc:00 2126975                    /opt/sun-jdk-1.6.0.21/jre/lib/rt.jar
7f33a3f4d000-7f33a3f75000 rwxp 00000000 00:00 0 
7f33a3f75000-7f33a3f76000 ---p 00000000 00:00 0 
7f33a3f76000-7f33a4076000 rwxp 00000000 00:00 0 
7f33a4076000-7f33a4077000 ---p 00000000 00:00 0 
7f33a4077000-7f33a4182000 rwxp 00000000 00:00 0 
7f33a4182000-7f33a41a1000 rwxp 00000000 00:00 0 
7f33a41a1000-7f33a41b6000 rwxp 00000000 00:00 0 
7f33a41b6000-7f33a42e3000 rwxp 00000000 00:00 0 
7f33a42e3000-7f33a42ee000 rwxp 00000000 00:00 0 
7f33a42ee000-7f33a430d000 rwxp 00000000 00:00 0 
7f33a430d000-7f33a4322000 rwxp 00000000 00:00 0 
7f33a4322000-7f33a444e000 rwxp 00000000 00:00 0 
7f33a444e000-7f33a4459000 rwxp 00000000 00:00 0 
7f33a4459000-7f33a44ef000 rwxp 00000000 00:00 0 
7f33a44ef000-7f33a59b0000 rwxp 00000000 00:00 0 
7f33a59b0000-7f33a98f0000 rwxp 00000000 00:00 0 
7f33a98f0000-7f33ac120000 rwxp 00000000 00:00 0 
7f33ac120000-7f33d1ba0000 rwxp 00000000 00:00 0 
7f33d1ba0000-7f33d2fb0000 rwxp 00000000 00:00 0 
7f33d2fb0000-7f33e5cf0000 rwxp 00000000 00:00 0 
7f33e5cf6000-7f33e5cf9000 r-xs 00000000 fc:00 1968336                    /var/cache/fontconfig/cfde08ab28ad1d91784abb10973575e3-le64.cache-3
7f33e5cf9000-7f33e5f69000 rwxp 00000000 00:00 0 
7f33e5f69000-7f33e8cf9000 rwxp 00000000 00:00 0 
7f33e8cf9000-7f33e8d07000 r-xp 00000000 fc:00 2126936                    /opt/sun-jdk-1.6.0.21/jre/lib/amd64/libzip.so
7f33e8d07000-7f33e8e09000 ---p 0000e000 fc:00 2126936                    /opt/sun-jdk-1.6.0.21/jre/lib/amd64/libzip.so
7f33e8e09000-7f33e8e0c000 rwxp 00010000 fc:00 2126936                    /opt/sun-jdk-1.6.0.21/jre/lib/amd64/libzip.so
7f33e8e0c000-7f33e8e0d000 rwxp 00000000 00:00 0 
7f33e8e0d000-7f33e8e18000 r-xp 00000000 fc:00 608267                     /lib64/libnss_files-2.12.1.so
7f33e8e18000-7f33e9018000 ---p 0000b000 fc:00 608267                     /lib64/libnss_files-2.12.1.so
7f33e9018000-7f33e9019000 r-xp 0000b000 fc:00 608267                     /lib64/libnss_files-2.12.1.so
7f33e9019000-7f33e901a000 rwxp 0000c000 fc:00 608267                     /lib64/libnss_files-2.12.1.so
7f33e901a000-7f33e9024000 r-xp 00000000 fc:00 608377                     /lib64/libnss_nis-2.12.1.so
7f33e9024000-7f33e9223000 ---p 0000a000 fc:00 608377                     /lib64/libnss_nis-2.12.1.so
7f33e9223000-7f33e9224000 r-xp 00009000 fc:00 608377                     /lib64/libnss_nis-2.12.1.so
7f33e9224000-7f33e9225000 rwxp 0000a000 fc:00 608377                     /lib64/libnss_nis-2.12.1.so
7f33e9225000-7f33e922c000 r-xp 00000000 fc:00 608421                     /lib64/libnss_compat-2.12.1.so
7f33e922c000-7f33e942b000 ---p 00007000 fc:00 608421                     /lib64/libnss_compat-2.12.1.so
7f33e942b000-7f33e942c000 r-xp 00006000 fc:00 608421                     /lib64/libnss_compat-2.12.1.so
7f33e942c000-7f33e942d000 rwxp 00007000 fc:00 608421                     /lib64/libnss_compat-2.12.1.so
7f33e942d000-7f33e9434000 r-xp 00000000 fc:00 2126944                    /opt/sun-jdk-1.6.0.21/jre/lib/amd64/native_threads/libhpi.so
7f33e9434000-7f33e9535000 ---p 00007000 fc:00 2126944                    /opt/sun-jdk-1.6.0.21/jre/lib/amd64/native_threads/libhpi.so
7f33e9535000-7f33e9537000 rwxp 00008000 fc:00 2126944                    /opt/sun-jdk-1.6.0.21/jre/lib/amd64/native_threads/libhpi.so
7f33e9537000-7f33e9538000 rwxp 00000000 00:00 0 
7f33e9538000-7f33e954d000 r-xp 00000000 fc:00 605566                     /lib64/libnsl-2.12.1.so
7f33e954d000-7f33e974c000 ---p 00015000 fc:00 605566                     /lib64/libnsl-2.12.1.so
7f33e974c000-7f33e974d000 r-xp 00014000 fc:00 605566                     /lib64/libnsl-2.12.1.so
7f33e974d000-7f33e974e000 rwxp 00015000 fc:00 605566                     /lib64/libnsl-2.12.1.so
7f33e974e000-7f33e9750000 rwxp 00000000 00:00 0 
7f33e9750000-7f33e9778000 r-xp 00000000 fc:00 2126938                    /opt/sun-jdk-1.6.0.21/jre/lib/amd64/libjava.so
7f33e9778000-7f33e9878000 ---p 00028000 fc:00 2126938                    /opt/sun-jdk-1.6.0.21/jre/lib/amd64/libjava.so
7f33e9878000-7f33e987f000 rwxp 00028000 fc:00 2126938                    /opt/sun-jdk-1.6.0.21/jre/lib/amd64/libjava.so
7f33e987f000-7f33e988c000 r-xp 00000000 fc:00 2126951                    /opt/sun-jdk-1.6.0.21/jre/lib/amd64/libverify.so
7f33e988c000-7f33e998b000 ---p 0000d000 fc:00 2126951                    /opt/sun-jdk-1.6.0.21/jre/lib/amd64/libverify.so
7f33e998b000-7f33e998e000 rwxp 0000c000 fc:00 2126951                    /opt/sun-jdk-1.6.0.21/jre/lib/amd64/libverify.so
7f33e998e000-7f33e9996000 r-xp 00000000 fc:00 608417                     /lib64/librt-2.12.1.so
7f33e9996000-7f33e9b95000 ---p 00008000 fc:00 608417                     /lib64/librt-2.12.1.so
7f33e9b95000-7f33e9b96000 r-xp 00007000 fc:00 608417                     /lib64/librt-2.12.1.so
7f33e9b96000-7f33e9b97000 rwxp 00008000 fc:00 608417                     /lib64/librt-2.12.1.so
7f33e9b97000-7f33e9b9a000 ---p 00000000 00:00 0 
7f33e9b9a000-7f33e9c98000 rwxp 00000000 00:00 0 
7f33e9c98000-7f33e9d18000 r-xp 00000000 fc:00 605498                     /lib64/libm-2.12.1.so
7f33e9d18000-7f33e9f17000 ---p 00080000 fc:00 605498                     /lib64/libm-2.12.1.so
7f33e9f17000-7f33e9f18000 r-xp 0007f000 fc:00 605498                     /lib64/libm-2.12.1.so
7f33e9f18000-7f33e9f19000 rwxp 00080000 fc:00 605498                     /lib64/libm-2.12.1.so
7f33e9f19000-7f33ea6f3000 r-xp 00000000 fc:00 2126923                    /opt/sun-jdk-1.6.0.21/jre/lib/amd64/server/libjvm.so
7f33ea6f3000-7f33ea7f5000 ---p 007da000 fc:00 2126923                    /opt/sun-jdk-1.6.0.21/jre/lib/amd64/server/libjvm.so
7f33ea7f5000-7f33ea986000 rwxp 007dc000 fc:00 2126923                    /opt/sun-jdk-1.6.0.21/jre/lib/amd64/server/libjvm.so
7f33ea986000-7f33ea9c1000 rwxp 00000000 00:00 0 
7f33ea9c1000-7f33eab1d000 r-xp 00000000 fc:00 608320                     /lib64/libc-2.12.1.so
7f33eab1d000-7f33ead1d000 ---p 0015c000 fc:00 608320                     /lib64/libc-2.12.1.so
7f33ead1d000-7f33ead21000 r-xp 0015c000 fc:00 608320                     /lib64/libc-2.12.1.so
7f33ead21000-7f33ead22000 rwxp 00160000 fc:00 608320                     /lib64/libc-2.12.1.so
7f33ead22000-7f33ead27000 rwxp 00000000 00:00 0 
7f33ead27000-7f33ead29000 r-xp 00000000 fc:00 608648                     /lib64/libdl-2.12.1.so
7f33ead29000-7f33eaf29000 ---p 00002000 fc:00 608648                     /lib64/libdl-2.12.1.so
7f33eaf29000-7f33eaf2a000 r-xp 00002000 fc:00 608648                     /lib64/libdl-2.12.1.so
7f33eaf2a000-7f33eaf2b000 rwxp 00003000 fc:00 608648                     /lib64/libdl-2.12.1.so
7f33eaf2b000-7f33eaf42000 r-xp 00000000 fc:00 608286                     /lib64/libpthread-2.12.1.so
7f33eaf42000-7f33eb142000 ---p 00017000 fc:00 608286                     /lib64/libpthread-2.12.1.so
7f33eb142000-7f33eb143000 r-xp 00017000 fc:00 608286                     /lib64/libpthread-2.12.1.so
7f33eb143000-7f33eb144000 rwxp 00018000 fc:00 608286                     /lib64/libpthread-2.12.1.so
7f33eb144000-7f33eb148000 rwxp 00000000 00:00 0 
7f33eb148000-7f33eb166000 r-xp 00000000 fc:00 608530                     /lib64/ld-2.12.1.so
7f33eb167000-7f33eb168000 rwxp 00000000 00:00 0 
7f33eb168000-7f33eb16d000 r-xs 00000000 fc:00 1968329                    /var/cache/fontconfig/a336a40326b5f097d6a660e43ed65741-le64.cache-3
7f33eb16d000-7f33eb172000 r-xs 00000000 fc:00 1968030                    /var/cache/fontconfig/374b958dfa195bf54eaa9332f068d728-le64.cache-3
7f33eb172000-7f33eb17c000 rwxp 00000000 00:00 0 
7f33eb17c000-7f33eb232000 rwxp 00000000 00:00 0 
7f33eb232000-7f33eb235000 rwxp 00000000 00:00 0 
7f33eb235000-7f33eb23c000 r-xp 00000000 fc:00 2126933                    /opt/sun-jdk-1.6.0.21/jre/lib/amd64/jli/libjli.so
7f33eb23c000-7f33eb33d000 ---p 00007000 fc:00 2126933                    /opt/sun-jdk-1.6.0.21/jre/lib/amd64/jli/libjli.so
7f33eb33d000-7f33eb33f000 rwxp 00008000 fc:00 2126933                    /opt/sun-jdk-1.6.0.21/jre/lib/amd64/jli/libjli.so
7f33eb33f000-7f33eb340000 rwxp 00000000 00:00 0 
7f33eb340000-7f33eb344000 r-xs 00000000 fc:00 1968334                    /var/cache/fontconfig/a595ca43be94766bbfe429f07fba82d0-le64.cache-3
7f33eb344000-7f33eb348000 r-xs 00000000 fc:00 1968029                    /var/cache/fontconfig/32131d65b812eea3c64a5be9e545fb09-le64.cache-3
7f33eb348000-7f33eb34f000 r-xs 00000000 fc:00 1967995                    /var/cache/fontconfig/d62e99ef547d1d24cdb1bd22ec1a2976-le64.cache-3
7f33eb34f000-7f33eb353000 r-xs 00000000 fc:00 1964292                    /var/cache/fontconfig/f6b893a7224233d96cb72fd88691c0b4-le64.cache-3
7f33eb353000-7f33eb35a000 r-xs 00000000 fc:00 1967966                    /var/cache/fontconfig/f349e9996a5320f6dd491cedd2b1f964-le64.cache-3
7f33eb35a000-7f33eb362000 rwxs 00000000 fc:00 686364                     /tmp/hsperfdata_dustin/10365
7f33eb362000-7f33eb363000 rwxp 00000000 00:00 0 
7f33eb363000-7f33eb364000 r-xp 00000000 00:00 0 
7f33eb364000-7f33eb365000 rwxp 00000000 00:00 0 
7f33eb365000-7f33eb366000 r-xp 0001d000 fc:00 608530                     /lib64/ld-2.12.1.so
7f33eb366000-7f33eb367000 rwxp 0001e000 fc:00 608530                     /lib64/ld-2.12.1.so
7f33eb367000-7f33eb368000 rwxp 00000000 00:00 0 
7ffffe894000-7ffffe8a9000 rwxp 00000000 00:00 0                          [stack]
7ffffe916000-7ffffe917000 r-xp 00000000 00:00 0                          [vdso]
ffffffffff600000-ffffffffff601000 r-xp 00000000 00:00 0                  [vsyscall]

VM Arguments:
jvm_args: -Dfile.encoding=UTF-8 
java_command: chronos.Main
Launcher Type: SUN_STANDARD

Environment Variables:
JAVA_HOME=/etc/java-config-2/current-system-vm
PATH=/usr/local/bin:/usr/bin:/bin:/opt/bin:/usr/x86_64-pc-linux-gnu/avr/gcc-bin/4.4.4:/usr/x86_64-pc-linux-gnu/mingw32/gcc-bin/4.4.4:/usr/x86_64-pc-linux-gnu/gcc-bin/4.4.4:/usr/games/bin
LD_LIBRARY_PATH=/opt/sun-jdk-1.6.0.21/jre/lib/amd64/server:/opt/sun-jdk-1.6.0.21/jre/lib/amd64:/opt/sun-jdk-1.6.0.21/jre/../lib/amd64
SHELL=/bin/zsh
DISPLAY=:0.0

Signal Handlers:
SIGSEGV: [libjvm.so+0x7311c0], sa_mask[0]=0x7ffbfeff, sa_flags=0x10000004
SIGBUS: [libjvm.so+0x7311c0], sa_mask[0]=0x7ffbfeff, sa_flags=0x10000004
SIGFPE: [libjvm.so+0x5f5da0], sa_mask[0]=0x7ffbfeff, sa_flags=0x10000004
SIGPIPE: [libjvm.so+0x5f5da0], sa_mask[0]=0x7ffbfeff, sa_flags=0x10000004
SIGXFSZ: [libjvm.so+0x5f5da0], sa_mask[0]=0x7ffbfeff, sa_flags=0x10000004
SIGILL: [libjvm.so+0x5f5da0], sa_mask[0]=0x7ffbfeff, sa_flags=0x10000004
SIGUSR1: SIG_DFL, sa_mask[0]=0x00000000, sa_flags=0x00000000
SIGUSR2: [libjvm.so+0x5f85c0], sa_mask[0]=0x00000004, sa_flags=0x10000004
SIGHUP: [libjvm.so+0x5f8310], sa_mask[0]=0x7ffbfeff, sa_flags=0x10000004
SIGINT: SIG_IGN, sa_mask[0]=0x00000000, sa_flags=0x00000000
SIGTERM: [libjvm.so+0x5f8310], sa_mask[0]=0x7ffbfeff, sa_flags=0x10000004
SIGQUIT: [libjvm.so+0x5f8310], sa_mask[0]=0x7ffbfeff, sa_flags=0x10000004


---------------  S Y S T E M  ---------------

OS:Gentoo Base System release 2.0.1

uname:Linux 2.6.33-gentoo-r2 #1 SMP Tue May 18 16:29:47 CEST 2010 x86_64
libc:glibc 2.12.1 NPTL 2.12.1 
rlimit: STACK 8192k, CORE 0k, NPROC 30556, NOFILE 1024, AS infinity
load average:0.33 0.22 0.17

CPU:total 2 (2 cores per cpu, 1 threads per core) family 6 model 15 stepping 13, cmov, cx8, fxsr, mmx, sse, sse2, sse3, ssse3

Memory: 4k page, physical 3948288k(1725936k free), swap 0k(0k free)

vm_info: Java HotSpot(TM) 64-Bit Server VM (17.0-b16) for linux-amd64 JRE (1.6.0_21-b06), built on Jun 22 2010 01:10:00 by "java_re" with gcc 3.2.2 (SuSE Linux)

time: Mon Jan 17 12:15:17 2011
elapsed time: 4 seconds

