#
# A fatal error has been detected by the Java Runtime Environment:
#
#  SIGSEGV (0xb) at pc=0x00007f6e6103a2e1, pid=10032, tid=140112053929744
#
# JRE version: 6.0_21-b06
# Java VM: Java HotSpot(TM) 64-Bit Server VM (17.0-b16 mixed mode linux-amd64 )
# Problematic frame:
# C  [librxtxSerial.so+0x92e1]  Java_gnu_io_RXTXPort_nativeDrain+0xe1
#
# If you would like to submit a bug report, please visit:
#   http://java.sun.com/webapps/bugreport/crash.jsp
# The crash happened outside the Java Virtual Machine in native code.
# See problematic frame for where to report the bug.
#

---------------  T H R E A D  ---------------

Current thread (0x00007f6e5c0ee800):  JavaThread "AWT-EventQueue-0" [_thread_in_native, id=10050, stack(0x00007f6e61240000,0x00007f6e61341000)]

siginfo:si_signo=SIGSEGV: si_errno=0, si_code=1 (SEGV_MAPERR), si_addr=0x000000006073c74c

Registers:
RAX=0x000000000000001c, RBX=0x00007f6e6133e920, RCX=0x00007f6e6103bfc1, RDX=0x00007f6e6133e93c
RSP=0x00007f6e6133e750, RBP=0x00007f6e5c0ee9c8, RSI=0x00007f6e6103bfc0, RDI=0x00007f6e6133e920
R8 =0x0000000000000001, R9 =0x00007f6e6103bfc1, R10=0x0000000000000000, R11=0x0000000000000000
R12=0x000000006073c740, R13=0x0000000000000010, R14=0x0000000000000000, R15=0x0000000000000000
RIP=0x00007f6e6103a2e1, EFL=0x0000000000010202, CSGSFS=0x0000000000000033, ERR=0x0000000000000004
  TRAPNO=0x000000000000000e

Top of Stack: (sp=0x00007f6e6133e750)
0x00007f6e6133e750:   00007f6e6133e678 00007f6e6133ea30
0x00007f6e6133e760:   00007f6e6133e741 0000000800000002
0x00007f6e6133e770:   0000000041b92d00 00007f6e6133e7d0
0x00007f6e6133e780:   00007f6e6133e850 00007f6eaa914458
0x00007f6e6133e790:   00007f6e5c0ee800 00007f6eaa93c490
0x00007f6e6133e7a0:   00007f6e6133e957 00007f6e5c017cc8
0x00007f6e6133e7b0:   00007f6e5c017cd8 00007f6e5c017cd0
0x00007f6e6133e7c0:   00007f6e0000000b 00007f6e6103a200
0x00007f6e6133e7d0:   00007f6eaac753b0 0000005000000000
0x00007f6e6133e7e0:   0000000000000020 0000000000000000
0x00007f6e6133e7f0:   0000000000000000 0000000041b92c60
0x00007f6e6133e800:   0000000000000020 0000000000000100
0x00007f6e6133e810:   0000000000000000 0000000041b92b30
0x00007f6e6133e820:   0000000000000020 00007f6e5c017cc8
0x00007f6e6133e830:   00007f6e5c0ee800 0000000000000003
0x00007f6e6133e840:   00007f6e6133e957 0000000041b92c30
0x00007f6e6133e850:   00007f6e6133e8a0 00007f6eaa9145c7
0x00007f6e6133e860:   00007f6e5c0ee800 0000010000000004
0x00007f6e6133e870:   00007f6e00000000 00007f6e5c0ee800
0x00007f6e6133e880:   00007f6e6133e957 00007f6e5c017cc8
0x00007f6e6133e890:   00007f6e6133e957 00007f6e5c0ee800
0x00007f6e6133e8a0:   00007f6e6133e8f0 00007f6eaa914963
0x00007f6e6133e8b0:   00007f6e5c09cfd0 0000000041b92b20
0x00007f6e6133e8c0:   00007f6eaac795d0 00007f6e5c017d08
0x00007f6e6133e8d0:   0000000000000003 0000000000000000
0x00007f6e6133e8e0:   0000000000001428 00007f6e00000009
0x00007f6e6133e8f0:   00007f6e5c017cc8 00007f6eaa914a9a
0x00007f6e6133e900:   0000000041a26450 00007f6eaa9190d8
0x00007f6e6133e910:   00007f6e6133e920 00007f6e5c0ee800
0x00007f6e6133e920:   74726f5058545852 29286e696172643a
0x00007f6e6133e930:   736e727574657220 00007f000a30203a
0x00007f6e6133e940:   00007f6e6133e990 00007f6eaa725320 

Instructions: (pc=0x00007f6e6103a2e1)
0x00007f6e6103a2d1:   ef e8 b1 b0 ff ff 45 84 f6 75 0f 4d 85 e4 74 0a
0x00007f6e6103a2e1:   45 8b 6c 24 0c 45 85 ed 75 15 48 81 c4 28 02 00 

Stack: [0x00007f6e61240000,0x00007f6e61341000],  sp=0x00007f6e6133e750,  free space=3f90000000000000018k
Native frames: (J=compiled Java code, j=interpreted, Vv=VM code, C=native code)
C  [librxtxSerial.so+0x92e1]  Java_gnu_io_RXTXPort_nativeDrain+0xe1

Java frames: (J=compiled Java code, j=interpreted, Vv=VM code)
j  gnu.io.RXTXPort.nativeDrain(Z)Z+0
j  gnu.io.RXTXPort$SerialOutputStream.flush()V+72
j  chronos.Connection.send(I[I)V+63
j  chronos.Connection.getData()V+6
j  chronos.Controller.sync()V+18
j  chronos.gui.MainFrame.syncButtonActionPerformed(Ljava/awt/event/ActionEvent;)V+3
j  chronos.gui.MainFrame.access$100(Lchronos/gui/MainFrame;Ljava/awt/event/ActionEvent;)V+2
j  chronos.gui.MainFrame$2.actionPerformed(Ljava/awt/event/ActionEvent;)V+5
j  javax.swing.AbstractButton.fireActionPerformed(Ljava/awt/event/ActionEvent;)V+84
j  javax.swing.AbstractButton$Handler.actionPerformed(Ljava/awt/event/ActionEvent;)V+5
j  javax.swing.DefaultButtonModel.fireActionPerformed(Ljava/awt/event/ActionEvent;)V+35
j  javax.swing.DefaultButtonModel.setPressed(Z)V+117
j  javax.swing.plaf.basic.BasicButtonListener.mouseReleased(Ljava/awt/event/MouseEvent;)V+35
j  java.awt.Component.processMouseEvent(Ljava/awt/event/MouseEvent;)V+64
j  javax.swing.JComponent.processMouseEvent(Ljava/awt/event/MouseEvent;)V+23
j  java.awt.Component.processEvent(Ljava/awt/AWTEvent;)V+81
j  java.awt.Container.processEvent(Ljava/awt/AWTEvent;)V+18
j  java.awt.Component.dispatchEventImpl(Ljava/awt/AWTEvent;)V+566
j  java.awt.Container.dispatchEventImpl(Ljava/awt/AWTEvent;)V+42
j  java.awt.Component.dispatchEvent(Ljava/awt/AWTEvent;)V+2
j  java.awt.LightweightDispatcher.retargetMouseEvent(Ljava/awt/Component;ILjava/awt/event/MouseEvent;)V+320
j  java.awt.LightweightDispatcher.processMouseEvent(Ljava/awt/event/MouseEvent;)Z+139
j  java.awt.LightweightDispatcher.dispatchEvent(Ljava/awt/AWTEvent;)Z+50
j  java.awt.Container.dispatchEventImpl(Ljava/awt/AWTEvent;)V+12
j  java.awt.Window.dispatchEventImpl(Ljava/awt/AWTEvent;)V+19
j  java.awt.Component.dispatchEvent(Ljava/awt/AWTEvent;)V+2
j  java.awt.EventQueue.dispatchEvent(Ljava/awt/AWTEvent;)V+46
j  java.awt.EventDispatchThread.pumpOneEventForFilters(I)Z+204
j  java.awt.EventDispatchThread.pumpEventsForFilter(ILjava/awt/Conditional;Ljava/awt/EventFilter;)V+30
j  java.awt.EventDispatchThread.pumpEventsForHierarchy(ILjava/awt/Conditional;Ljava/awt/Component;)V+11
j  java.awt.EventDispatchThread.pumpEvents(ILjava/awt/Conditional;)V+4
j  java.awt.EventDispatchThread.pumpEvents(Ljava/awt/Conditional;)V+3
j  java.awt.EventDispatchThread.run()V+9
v  ~StubRoutines::call_stub

---------------  P R O C E S S  ---------------

Java Threads: ( => current thread )
  0x00007f6e5c1db800 JavaThread "Thread-1" [_thread_in_native, id=10062, stack(0x00007f6e6063d000,0x00007f6e6073e000)]
  0x00007f6e5c0e2800 JavaThread "TimerQueue" daemon [_thread_blocked, id=10058, stack(0x00007f6e6073e000,0x00007f6e6083f000)]
  0x0000000041d85800 JavaThread "Image Fetcher 1" daemon [_thread_blocked, id=10054, stack(0x00007f6e60e2f000,0x00007f6e60f30000)]
  0x00007f6e5c0ef800 JavaThread "DestroyJavaVM" [_thread_blocked, id=10035, stack(0x00007f6ea9fc0000,0x00007f6eaa0c1000)]
=>0x00007f6e5c0ee800 JavaThread "AWT-EventQueue-0" [_thread_in_native, id=10050, stack(0x00007f6e61240000,0x00007f6e61341000)]
  0x00007f6e5c0ed800 JavaThread "AWT-Shutdown" [_thread_blocked, id=10049, stack(0x00007f6e6160d000,0x00007f6e6170e000)]
  0x00007f6e5c0ec000 JavaThread "AWT-XAWT" daemon [_thread_in_native, id=10048, stack(0x00007f6e6170e000,0x00007f6e6180f000)]
  0x00007f6e5c013800 JavaThread "Java2D Disposer" daemon [_thread_blocked, id=10047, stack(0x00007f6e61e4f000,0x00007f6e61f50000)]
  0x0000000041ab5800 JavaThread "Low Memory Detector" daemon [_thread_blocked, id=10045, stack(0x00007f6e634d3000,0x00007f6e635d4000)]
  0x0000000041ab3000 JavaThread "CompilerThread1" daemon [_thread_blocked, id=10044, stack(0x00007f6e635d4000,0x00007f6e636d5000)]
  0x0000000041ab0000 JavaThread "CompilerThread0" daemon [_thread_blocked, id=10043, stack(0x00007f6e636d5000,0x00007f6e637d6000)]
  0x0000000041aad800 JavaThread "Signal Dispatcher" daemon [_thread_blocked, id=10042, stack(0x00007f6e637d6000,0x00007f6e638d7000)]
  0x0000000041a8e800 JavaThread "Finalizer" daemon [_thread_blocked, id=10041, stack(0x00007f6e63bac000,0x00007f6e63cad000)]
  0x0000000041a87800 JavaThread "Reference Handler" daemon [_thread_blocked, id=10040, stack(0x00007f6e63cad000,0x00007f6e63dae000)]

Other Threads:
  0x0000000041a83000 VMThread [stack: 0x00007f6e63dae000,0x00007f6e63eaf000] [id=10039]
  0x0000000041ac0000 WatcherThread [stack: 0x00007f6e633d2000,0x00007f6e634d3000] [id=10046]

VM state:not at safepoint (normal execution)

VM Mutex/Monitor currently owned by a thread: None

Heap
 PSYoungGen      total 17984K, used 11495K [0x00007f6e91fd0000, 0x00007f6e933e0000, 0x00007f6ea6120000)
  eden space 15424K, 74% used [0x00007f6e91fd0000,0x00007f6e92b09df8,0x00007f6e92ee0000)
  from space 2560K, 0% used [0x00007f6e93160000,0x00007f6e93160000,0x00007f6e933e0000)
  to   space 2560K, 0% used [0x00007f6e92ee0000,0x00007f6e92ee0000,0x00007f6e93160000)
 PSOldGen        total 41152K, used 0K [0x00007f6e69d20000, 0x00007f6e6c550000, 0x00007f6e91fd0000)
  object space 41152K, 0% used [0x00007f6e69d20000,0x00007f6e69d20000,0x00007f6e6c550000)
 PSPermGen       total 21248K, used 16584K [0x00007f6e64920000, 0x00007f6e65de0000, 0x00007f6e69d20000)
  object space 21248K, 78% used [0x00007f6e64920000,0x00007f6e659521b8,0x00007f6e65de0000)

Dynamic libraries:
40000000-40009000 r-xp 00000000 fc:00 2126858                            /opt/sun-jdk-1.6.0.21/bin/java
40108000-4010a000 rwxp 00008000 fc:00 2126858                            /opt/sun-jdk-1.6.0.21/bin/java
41a21000-4216e000 rwxp 00000000 00:00 0                                  [heap]
7f6e5c000000-7f6e5c25d000 rwxp 00000000 00:00 0 
7f6e5c25d000-7f6e60000000 ---p 00000000 00:00 0 
7f6e6063d000-7f6e60640000 ---p 00000000 00:00 0 
7f6e60640000-7f6e6073e000 rwxp 00000000 00:00 0 
7f6e6073e000-7f6e60741000 ---p 00000000 00:00 0 
7f6e60741000-7f6e6083f000 rwxp 00000000 00:00 0 
7f6e6083f000-7f6e60c10000 rwxs 00000000 00:04 1098383374                 /SYSV00000000 (deleted)
7f6e60c10000-7f6e60c17000 r-xp 00000000 fc:00 2126917                    /opt/sun-jdk-1.6.0.21/jre/lib/amd64/libnio.so
7f6e60c17000-7f6e60d16000 ---p 00007000 fc:00 2126917                    /opt/sun-jdk-1.6.0.21/jre/lib/amd64/libnio.so
7f6e60d16000-7f6e60d18000 rwxp 00006000 fc:00 2126917                    /opt/sun-jdk-1.6.0.21/jre/lib/amd64/libnio.so
7f6e60d18000-7f6e60d2b000 r-xp 00000000 fc:00 2126928                    /opt/sun-jdk-1.6.0.21/jre/lib/amd64/libnet.so
7f6e60d2b000-7f6e60e2c000 ---p 00013000 fc:00 2126928                    /opt/sun-jdk-1.6.0.21/jre/lib/amd64/libnet.so
7f6e60e2c000-7f6e60e2f000 rwxp 00014000 fc:00 2126928                    /opt/sun-jdk-1.6.0.21/jre/lib/amd64/libnet.so
7f6e60e2f000-7f6e60e32000 ---p 00000000 00:00 0 
7f6e60e32000-7f6e60f30000 rwxp 00000000 00:00 0 
7f6e60f30000-7f6e60f33000 ---p 00000000 00:00 0 
7f6e60f33000-7f6e61031000 rwxp 00000000 00:00 0 
7f6e61031000-7f6e6103f000 r-xp 00000000 fc:00 1894124                    /usr/lib64/rxtx-2/librxtxSerial-2.1-7.so
7f6e6103f000-7f6e6123e000 ---p 0000e000 fc:00 1894124                    /usr/lib64/rxtx-2/librxtxSerial-2.1-7.so
7f6e6123e000-7f6e6123f000 r-xp 0000d000 fc:00 1894124                    /usr/lib64/rxtx-2/librxtxSerial-2.1-7.so
7f6e6123f000-7f6e61240000 rwxp 0000e000 fc:00 1894124                    /usr/lib64/rxtx-2/librxtxSerial-2.1-7.so
7f6e61240000-7f6e61243000 ---p 00000000 00:00 0 
7f6e61243000-7f6e61341000 rwxp 00000000 00:00 0                          [threadstack:000fcff0]
7f6e61341000-7f6e6134a000 r-xs 00000000 fc:00 1964158                    /var/cache/fontconfig/87f5e051180a7a75f16eb6fe7dbd3749-le64.cache-3
7f6e6134a000-7f6e6134d000 r-xs 00000000 fc:00 1968492                    /var/cache/fontconfig/f55bbeb01d684dc5b5f7b2c347cc42d9-le64.cache-3
7f6e6134d000-7f6e61350000 r-xs 00000000 fc:00 1968480                    /var/cache/fontconfig/76fa4b957c916922374347f144bde9da-le64.cache-3
7f6e61350000-7f6e61358000 r-xs 00000000 fc:00 1968387                    /var/cache/fontconfig/4460665c0f3e88acdd4c85aa2f409b99-le64.cache-3
7f6e61358000-7f6e6136e000 r-xs 00000000 fc:00 1968386                    /var/cache/fontconfig/8d4af663993b81a124ee82e610bb31f9-le64.cache-3
7f6e6136e000-7f6e61469000 r-xs 00000000 fc:00 1968337                    /var/cache/fontconfig/dddecb0375fed72f4397ef3beff8ac7b-le64.cache-3
7f6e61469000-7f6e6146c000 r-xs 00000000 fc:00 1968336                    /var/cache/fontconfig/cfde08ab28ad1d91784abb10973575e3-le64.cache-3
7f6e6146c000-7f6e6147e000 r-xs 00000000 fc:00 1968312                    /var/cache/fontconfig/221fd1126b80b777db535aea535e87ba-le64.cache-3
7f6e6147e000-7f6e61488000 r-xs 00000000 fc:00 1962731                    /var/cache/fontconfig/0ab7af1fb3bdf18d804b641fb2a04792-le64.cache-3
7f6e61488000-7f6e614e5000 r-xs 00000000 fc:00 1967229                    /var/cache/fontconfig/17090aa38d5c6f09fb8c5c354938f1d7-le64.cache-3
7f6e614e5000-7f6e61542000 r-xs 00000000 fc:00 1967227                    /var/cache/fontconfig/df311e82a1a24c41a75c2c930223552e-le64.cache-3
7f6e6160d000-7f6e61610000 ---p 00000000 00:00 0 
7f6e61610000-7f6e6170e000 rwxp 00000000 00:00 0 
7f6e6170e000-7f6e61711000 ---p 00000000 00:00 0 
7f6e61711000-7f6e6180f000 rwxp 00000000 00:00 0 
7f6e6180f000-7f6e61814000 r-xp 00000000 fc:00 20885                      /usr/lib64/libXfixes.so.3.1.0
7f6e61814000-7f6e61a13000 ---p 00005000 fc:00 20885                      /usr/lib64/libXfixes.so.3.1.0
7f6e61a13000-7f6e61a14000 r-xp 00004000 fc:00 20885                      /usr/lib64/libXfixes.so.3.1.0
7f6e61a14000-7f6e61a15000 rwxp 00005000 fc:00 20885                      /usr/lib64/libXfixes.so.3.1.0
7f6e61a15000-7f6e61a1e000 r-xp 00000000 fc:00 20901                      /usr/lib64/libXrender.so.1.3.0
7f6e61a1e000-7f6e61c1e000 ---p 00009000 fc:00 20901                      /usr/lib64/libXrender.so.1.3.0
7f6e61c1e000-7f6e61c1f000 r-xp 00009000 fc:00 20901                      /usr/lib64/libXrender.so.1.3.0
7f6e61c1f000-7f6e61c20000 rwxp 0000a000 fc:00 20901                      /usr/lib64/libXrender.so.1.3.0
7f6e61c20000-7f6e61c2a000 r-xp 00000000 fc:00 2118390                    /usr/lib64/libXcursor.so.1.0.2
7f6e61c2a000-7f6e61e29000 ---p 0000a000 fc:00 2118390                    /usr/lib64/libXcursor.so.1.0.2
7f6e61e29000-7f6e61e2a000 r-xp 00009000 fc:00 2118390                    /usr/lib64/libXcursor.so.1.0.2
7f6e61e2a000-7f6e61e2b000 rwxp 0000a000 fc:00 2118390                    /usr/lib64/libXcursor.so.1.0.2
7f6e61e47000-7f6e61e4f000 r-xs 00115000 fc:00 2126998                    /opt/sun-jdk-1.6.0.21/jre/lib/resources.jar
7f6e61e4f000-7f6e61e52000 ---p 00000000 00:00 0 
7f6e61e52000-7f6e61f50000 rwxp 00000000 00:00 0 
7f6e61f50000-7f6e61fce000 r-xp 00000000 fc:00 2126915                    /opt/sun-jdk-1.6.0.21/jre/lib/amd64/libfontmanager.so
7f6e61fce000-7f6e620cd000 ---p 0007e000 fc:00 2126915                    /opt/sun-jdk-1.6.0.21/jre/lib/amd64/libfontmanager.so
7f6e620cd000-7f6e620e3000 rwxp 0007d000 fc:00 2126915                    /opt/sun-jdk-1.6.0.21/jre/lib/amd64/libfontmanager.so
7f6e620e3000-7f6e620f4000 rwxp 00000000 00:00 0 
7f6e620f4000-7f6e620f9000 r-xp 00000000 fc:00 2116044                    /usr/lib64/libXdmcp.so.6.0.0
7f6e620f9000-7f6e622f8000 ---p 00005000 fc:00 2116044                    /usr/lib64/libXdmcp.so.6.0.0
7f6e622f8000-7f6e622f9000 r-xp 00004000 fc:00 2116044                    /usr/lib64/libXdmcp.so.6.0.0
7f6e622f9000-7f6e622fa000 rwxp 00005000 fc:00 2116044                    /usr/lib64/libXdmcp.so.6.0.0
7f6e622fa000-7f6e622fc000 r-xp 00000000 fc:00 2115664                    /usr/lib64/libXau.so.6.0.0
7f6e622fc000-7f6e624fc000 ---p 00002000 fc:00 2115664                    /usr/lib64/libXau.so.6.0.0
7f6e624fc000-7f6e624fd000 r-xp 00002000 fc:00 2115664                    /usr/lib64/libXau.so.6.0.0
7f6e624fd000-7f6e624fe000 rwxp 00003000 fc:00 2115664                    /usr/lib64/libXau.so.6.0.0
7f6e624fe000-7f6e6251b000 r-xp 00000000 fc:00 1976861                    /usr/lib64/libxcb.so.1.1.0
7f6e6251b000-7f6e6271a000 ---p 0001d000 fc:00 1976861                    /usr/lib64/libxcb.so.1.1.0
7f6e6271a000-7f6e6271b000 r-xp 0001c000 fc:00 1976861                    /usr/lib64/libxcb.so.1.1.0
7f6e6271b000-7f6e6271c000 rwxp 0001d000 fc:00 1976861                    /usr/lib64/libxcb.so.1.1.0
7f6e6271c000-7f6e6272b000 r-xp 00000000 fc:00 2181465                    /usr/lib64/libXi.so.6.1.0
7f6e6272b000-7f6e6292a000 ---p 0000f000 fc:00 2181465                    /usr/lib64/libXi.so.6.1.0
7f6e6292a000-7f6e6292b000 r-xp 0000e000 fc:00 2181465                    /usr/lib64/libXi.so.6.1.0
7f6e6292b000-7f6e6292c000 rwxp 0000f000 fc:00 2181465                    /usr/lib64/libXi.so.6.1.0
7f6e6292c000-7f6e62931000 r-xp 00000000 fc:00 2120114                    /usr/lib64/libXtst.so.6.1.0
7f6e62931000-7f6e62b31000 ---p 00005000 fc:00 2120114                    /usr/lib64/libXtst.so.6.1.0
7f6e62b31000-7f6e62b32000 r-xp 00005000 fc:00 2120114                    /usr/lib64/libXtst.so.6.1.0
7f6e62b32000-7f6e62b33000 rwxp 00006000 fc:00 2120114                    /usr/lib64/libXtst.so.6.1.0
7f6e62b33000-7f6e62c6a000 r-xp 00000000 fc:00 598486                     /usr/lib64/libX11.so.6.3.0
7f6e62c6a000-7f6e62e6a000 ---p 00137000 fc:00 598486                     /usr/lib64/libX11.so.6.3.0
7f6e62e6a000-7f6e62e6b000 r-xp 00137000 fc:00 598486                     /usr/lib64/libX11.so.6.3.0
7f6e62e6b000-7f6e62e70000 rwxp 00138000 fc:00 598486                     /usr/lib64/libX11.so.6.3.0
7f6e62e70000-7f6e62e81000 r-xp 00000000 fc:00 2117703                    /usr/lib64/libXext.so.6.4.0
7f6e62e81000-7f6e63081000 ---p 00011000 fc:00 2117703                    /usr/lib64/libXext.so.6.4.0
7f6e63081000-7f6e63082000 r-xp 00011000 fc:00 2117703                    /usr/lib64/libXext.so.6.4.0
7f6e63082000-7f6e63083000 rwxp 00012000 fc:00 2117703                    /usr/lib64/libXext.so.6.4.0
7f6e63085000-7f6e6308e000 r-xs 00000000 fc:00 1968055                    /var/cache/fontconfig/12b26b760a24f8b4feb03ad48a333a72-le64.cache-3
7f6e6308e000-7f6e630a7000 r-xs 00000000 fc:00 1968031                    /var/cache/fontconfig/4b5cf4386f1cde02a336ba961b4ac82d-le64.cache-3
7f6e630a7000-7f6e630e9000 r-xp 00000000 fc:00 2126954                    /opt/sun-jdk-1.6.0.21/jre/lib/amd64/xawt/libmawt.so
7f6e630e9000-7f6e631e8000 ---p 00042000 fc:00 2126954                    /opt/sun-jdk-1.6.0.21/jre/lib/amd64/xawt/libmawt.so
7f6e631e8000-7f6e631f3000 rwxp 00041000 fc:00 2126954                    /opt/sun-jdk-1.6.0.21/jre/lib/amd64/xawt/libmawt.so
7f6e631f3000-7f6e631f5000 rwxp 00000000 00:00 0 
7f6e631f5000-7f6e63287000 r-xp 00000000 fc:00 2126966                    /opt/sun-jdk-1.6.0.21/jre/lib/amd64/libawt.so
7f6e63287000-7f6e63386000 ---p 00092000 fc:00 2126966                    /opt/sun-jdk-1.6.0.21/jre/lib/amd64/libawt.so
7f6e63386000-7f6e6339f000 rwxp 00091000 fc:00 2126966                    /opt/sun-jdk-1.6.0.21/jre/lib/amd64/libawt.so
7f6e6339f000-7f6e633c4000 rwxp 00000000 00:00 0 
7f6e633c4000-7f6e633c5000 r-xs 0000f000 fc:00 809074                     /home/dustin/chronos-clock/gui/libs/UmlGraph-5.3.jar
7f6e633c5000-7f6e633c9000 r-xs 0001f000 fc:00 815326                     /home/dustin/chronos-clock/gui/libs/jCharts-0.7.5.jar
7f6e633c9000-7f6e633d0000 r-xs 00094000 fc:00 815325                     /home/dustin/chronos-clock/gui/libs/beansbinding-1.2.1.jar
7f6e633d0000-7f6e633d2000 r-xs 0000d000 fc:00 1894115                    /usr/share/rxtx-2/lib/RXTXcomm.jar
7f6e633d2000-7f6e633d3000 ---p 00000000 00:00 0 
7f6e633d3000-7f6e634d3000 rwxp 00000000 00:00 0 
7f6e634d3000-7f6e634d6000 ---p 00000000 00:00 0 
7f6e634d6000-7f6e635d4000 rwxp 00000000 00:00 0 
7f6e635d4000-7f6e635d7000 ---p 00000000 00:00 0 
7f6e635d7000-7f6e636d5000 rwxp 00000000 00:00 0 
7f6e636d5000-7f6e636d8000 ---p 00000000 00:00 0 
7f6e636d8000-7f6e637d6000 rwxp 00000000 00:00 0 
7f6e637d6000-7f6e637d9000 ---p 00000000 00:00 0 
7f6e637d9000-7f6e638d7000 rwxp 00000000 00:00 0 
7f6e638d7000-7f6e63bac000 r-xp 00000000 fc:00 269829                     /usr/lib64/locale/locale-archive
7f6e63bac000-7f6e63baf000 ---p 00000000 00:00 0 
7f6e63baf000-7f6e63cad000 rwxp 00000000 00:00 0 
7f6e63cad000-7f6e63cb0000 ---p 00000000 00:00 0 
7f6e63cb0000-7f6e63dae000 rwxp 00000000 00:00 0 
7f6e63dae000-7f6e63daf000 ---p 00000000 00:00 0 
7f6e63daf000-7f6e641e6000 rwxp 00000000 00:00 0 
7f6e641e6000-7f6e6437d000 r-xs 03014000 fc:00 2126975                    /opt/sun-jdk-1.6.0.21/jre/lib/rt.jar
7f6e6437d000-7f6e643a5000 rwxp 00000000 00:00 0 
7f6e643a5000-7f6e643a6000 ---p 00000000 00:00 0 
7f6e643a6000-7f6e644a6000 rwxp 00000000 00:00 0 
7f6e644a6000-7f6e644a7000 ---p 00000000 00:00 0 
7f6e644a7000-7f6e645b2000 rwxp 00000000 00:00 0 
7f6e645b2000-7f6e645d1000 rwxp 00000000 00:00 0 
7f6e645d1000-7f6e645e6000 rwxp 00000000 00:00 0 
7f6e645e6000-7f6e64713000 rwxp 00000000 00:00 0 
7f6e64713000-7f6e6471e000 rwxp 00000000 00:00 0 
7f6e6471e000-7f6e6473d000 rwxp 00000000 00:00 0 
7f6e6473d000-7f6e64752000 rwxp 00000000 00:00 0 
7f6e64752000-7f6e6487e000 rwxp 00000000 00:00 0 
7f6e6487e000-7f6e64889000 rwxp 00000000 00:00 0 
7f6e64889000-7f6e6491f000 rwxp 00000000 00:00 0 
7f6e6491f000-7f6e65de0000 rwxp 00000000 00:00 0 
7f6e65de0000-7f6e69d20000 rwxp 00000000 00:00 0 
7f6e69d20000-7f6e6c550000 rwxp 00000000 00:00 0 
7f6e6c550000-7f6e91fd0000 rwxp 00000000 00:00 0 
7f6e91fd0000-7f6e933e0000 rwxp 00000000 00:00 0 
7f6e933e0000-7f6ea6120000 rwxp 00000000 00:00 0 
7f6ea6122000-7f6ea6392000 rwxp 00000000 00:00 0 
7f6ea6392000-7f6ea9122000 rwxp 00000000 00:00 0 
7f6ea9122000-7f6ea9130000 r-xp 00000000 fc:00 2126936                    /opt/sun-jdk-1.6.0.21/jre/lib/amd64/libzip.so
7f6ea9130000-7f6ea9232000 ---p 0000e000 fc:00 2126936                    /opt/sun-jdk-1.6.0.21/jre/lib/amd64/libzip.so
7f6ea9232000-7f6ea9235000 rwxp 00010000 fc:00 2126936                    /opt/sun-jdk-1.6.0.21/jre/lib/amd64/libzip.so
7f6ea9235000-7f6ea9236000 rwxp 00000000 00:00 0 
7f6ea9236000-7f6ea9241000 r-xp 00000000 fc:00 608267                     /lib64/libnss_files-2.12.1.so
7f6ea9241000-7f6ea9441000 ---p 0000b000 fc:00 608267                     /lib64/libnss_files-2.12.1.so
7f6ea9441000-7f6ea9442000 r-xp 0000b000 fc:00 608267                     /lib64/libnss_files-2.12.1.so
7f6ea9442000-7f6ea9443000 rwxp 0000c000 fc:00 608267                     /lib64/libnss_files-2.12.1.so
7f6ea9443000-7f6ea944d000 r-xp 00000000 fc:00 608377                     /lib64/libnss_nis-2.12.1.so
7f6ea944d000-7f6ea964c000 ---p 0000a000 fc:00 608377                     /lib64/libnss_nis-2.12.1.so
7f6ea964c000-7f6ea964d000 r-xp 00009000 fc:00 608377                     /lib64/libnss_nis-2.12.1.so
7f6ea964d000-7f6ea964e000 rwxp 0000a000 fc:00 608377                     /lib64/libnss_nis-2.12.1.so
7f6ea964e000-7f6ea9655000 r-xp 00000000 fc:00 608421                     /lib64/libnss_compat-2.12.1.so
7f6ea9655000-7f6ea9854000 ---p 00007000 fc:00 608421                     /lib64/libnss_compat-2.12.1.so
7f6ea9854000-7f6ea9855000 r-xp 00006000 fc:00 608421                     /lib64/libnss_compat-2.12.1.so
7f6ea9855000-7f6ea9856000 rwxp 00007000 fc:00 608421                     /lib64/libnss_compat-2.12.1.so
7f6ea9856000-7f6ea985d000 r-xp 00000000 fc:00 2126944                    /opt/sun-jdk-1.6.0.21/jre/lib/amd64/native_threads/libhpi.so
7f6ea985d000-7f6ea995e000 ---p 00007000 fc:00 2126944                    /opt/sun-jdk-1.6.0.21/jre/lib/amd64/native_threads/libhpi.so
7f6ea995e000-7f6ea9960000 rwxp 00008000 fc:00 2126944                    /opt/sun-jdk-1.6.0.21/jre/lib/amd64/native_threads/libhpi.so
7f6ea9960000-7f6ea9961000 rwxp 00000000 00:00 0 
7f6ea9961000-7f6ea9976000 r-xp 00000000 fc:00 605566                     /lib64/libnsl-2.12.1.so
7f6ea9976000-7f6ea9b75000 ---p 00015000 fc:00 605566                     /lib64/libnsl-2.12.1.so
7f6ea9b75000-7f6ea9b76000 r-xp 00014000 fc:00 605566                     /lib64/libnsl-2.12.1.so
7f6ea9b76000-7f6ea9b77000 rwxp 00015000 fc:00 605566                     /lib64/libnsl-2.12.1.so
7f6ea9b77000-7f6ea9b79000 rwxp 00000000 00:00 0 
7f6ea9b79000-7f6ea9ba1000 r-xp 00000000 fc:00 2126938                    /opt/sun-jdk-1.6.0.21/jre/lib/amd64/libjava.so
7f6ea9ba1000-7f6ea9ca1000 ---p 00028000 fc:00 2126938                    /opt/sun-jdk-1.6.0.21/jre/lib/amd64/libjava.so
7f6ea9ca1000-7f6ea9ca8000 rwxp 00028000 fc:00 2126938                    /opt/sun-jdk-1.6.0.21/jre/lib/amd64/libjava.so
7f6ea9ca8000-7f6ea9cb5000 r-xp 00000000 fc:00 2126951                    /opt/sun-jdk-1.6.0.21/jre/lib/amd64/libverify.so
7f6ea9cb5000-7f6ea9db4000 ---p 0000d000 fc:00 2126951                    /opt/sun-jdk-1.6.0.21/jre/lib/amd64/libverify.so
7f6ea9db4000-7f6ea9db7000 rwxp 0000c000 fc:00 2126951                    /opt/sun-jdk-1.6.0.21/jre/lib/amd64/libverify.so
7f6ea9db7000-7f6ea9dbf000 r-xp 00000000 fc:00 608417                     /lib64/librt-2.12.1.so
7f6ea9dbf000-7f6ea9fbe000 ---p 00008000 fc:00 608417                     /lib64/librt-2.12.1.so
7f6ea9fbe000-7f6ea9fbf000 r-xp 00007000 fc:00 608417                     /lib64/librt-2.12.1.so
7f6ea9fbf000-7f6ea9fc0000 rwxp 00008000 fc:00 608417                     /lib64/librt-2.12.1.so
7f6ea9fc0000-7f6ea9fc3000 ---p 00000000 00:00 0 
7f6ea9fc3000-7f6eaa0c1000 rwxp 00000000 00:00 0 
7f6eaa0c1000-7f6eaa141000 r-xp 00000000 fc:00 605498                     /lib64/libm-2.12.1.so
7f6eaa141000-7f6eaa340000 ---p 00080000 fc:00 605498                     /lib64/libm-2.12.1.so
7f6eaa340000-7f6eaa341000 r-xp 0007f000 fc:00 605498                     /lib64/libm-2.12.1.so
7f6eaa341000-7f6eaa342000 rwxp 00080000 fc:00 605498                     /lib64/libm-2.12.1.so
7f6eaa342000-7f6eaab1c000 r-xp 00000000 fc:00 2126923                    /opt/sun-jdk-1.6.0.21/jre/lib/amd64/server/libjvm.so
7f6eaab1c000-7f6eaac1e000 ---p 007da000 fc:00 2126923                    /opt/sun-jdk-1.6.0.21/jre/lib/amd64/server/libjvm.so
7f6eaac1e000-7f6eaadaf000 rwxp 007dc000 fc:00 2126923                    /opt/sun-jdk-1.6.0.21/jre/lib/amd64/server/libjvm.so
7f6eaadaf000-7f6eaadea000 rwxp 00000000 00:00 0 
7f6eaadea000-7f6eaaf46000 r-xp 00000000 fc:00 608320                     /lib64/libc-2.12.1.so
7f6eaaf46000-7f6eab146000 ---p 0015c000 fc:00 608320                     /lib64/libc-2.12.1.so
7f6eab146000-7f6eab14a000 r-xp 0015c000 fc:00 608320                     /lib64/libc-2.12.1.so
7f6eab14a000-7f6eab14b000 rwxp 00160000 fc:00 608320                     /lib64/libc-2.12.1.so
7f6eab14b000-7f6eab150000 rwxp 00000000 00:00 0 
7f6eab150000-7f6eab152000 r-xp 00000000 fc:00 608648                     /lib64/libdl-2.12.1.so
7f6eab152000-7f6eab352000 ---p 00002000 fc:00 608648                     /lib64/libdl-2.12.1.so
7f6eab352000-7f6eab353000 r-xp 00002000 fc:00 608648                     /lib64/libdl-2.12.1.so
7f6eab353000-7f6eab354000 rwxp 00003000 fc:00 608648                     /lib64/libdl-2.12.1.so
7f6eab354000-7f6eab36b000 r-xp 00000000 fc:00 608286                     /lib64/libpthread-2.12.1.so
7f6eab36b000-7f6eab56b000 ---p 00017000 fc:00 608286                     /lib64/libpthread-2.12.1.so
7f6eab56b000-7f6eab56c000 r-xp 00017000 fc:00 608286                     /lib64/libpthread-2.12.1.so
7f6eab56c000-7f6eab56d000 rwxp 00018000 fc:00 608286                     /lib64/libpthread-2.12.1.so
7f6eab56d000-7f6eab571000 rwxp 00000000 00:00 0 
7f6eab571000-7f6eab58f000 r-xp 00000000 fc:00 608530                     /lib64/ld-2.12.1.so
7f6eab590000-7f6eab591000 rwxp 00000000 00:00 0 
7f6eab591000-7f6eab596000 r-xs 00000000 fc:00 1968329                    /var/cache/fontconfig/a336a40326b5f097d6a660e43ed65741-le64.cache-3
7f6eab596000-7f6eab59b000 r-xs 00000000 fc:00 1968030                    /var/cache/fontconfig/374b958dfa195bf54eaa9332f068d728-le64.cache-3
7f6eab59b000-7f6eab5a5000 rwxp 00000000 00:00 0 
7f6eab5a5000-7f6eab65b000 rwxp 00000000 00:00 0 
7f6eab65b000-7f6eab65e000 rwxp 00000000 00:00 0 
7f6eab65e000-7f6eab665000 r-xp 00000000 fc:00 2126933                    /opt/sun-jdk-1.6.0.21/jre/lib/amd64/jli/libjli.so
7f6eab665000-7f6eab766000 ---p 00007000 fc:00 2126933                    /opt/sun-jdk-1.6.0.21/jre/lib/amd64/jli/libjli.so
7f6eab766000-7f6eab768000 rwxp 00008000 fc:00 2126933                    /opt/sun-jdk-1.6.0.21/jre/lib/amd64/jli/libjli.so
7f6eab768000-7f6eab769000 rwxp 00000000 00:00 0 
7f6eab769000-7f6eab76d000 r-xs 00000000 fc:00 1968334                    /var/cache/fontconfig/a595ca43be94766bbfe429f07fba82d0-le64.cache-3
7f6eab76d000-7f6eab771000 r-xs 00000000 fc:00 1968029                    /var/cache/fontconfig/32131d65b812eea3c64a5be9e545fb09-le64.cache-3
7f6eab771000-7f6eab778000 r-xs 00000000 fc:00 1967995                    /var/cache/fontconfig/d62e99ef547d1d24cdb1bd22ec1a2976-le64.cache-3
7f6eab778000-7f6eab77c000 r-xs 00000000 fc:00 1964292                    /var/cache/fontconfig/f6b893a7224233d96cb72fd88691c0b4-le64.cache-3
7f6eab77c000-7f6eab783000 r-xs 00000000 fc:00 1967966                    /var/cache/fontconfig/f349e9996a5320f6dd491cedd2b1f964-le64.cache-3
7f6eab783000-7f6eab78b000 rwxs 00000000 fc:00 686364                     /tmp/hsperfdata_dustin/10032
7f6eab78b000-7f6eab78c000 rwxp 00000000 00:00 0 
7f6eab78c000-7f6eab78d000 r-xp 00000000 00:00 0 
7f6eab78d000-7f6eab78e000 rwxp 00000000 00:00 0 
7f6eab78e000-7f6eab78f000 r-xp 0001d000 fc:00 608530                     /lib64/ld-2.12.1.so
7f6eab78f000-7f6eab790000 rwxp 0001e000 fc:00 608530                     /lib64/ld-2.12.1.so
7f6eab790000-7f6eab791000 rwxp 00000000 00:00 0 
7fff9a04f000-7fff9a064000 rwxp 00000000 00:00 0                          [stack]
7fff9a13f000-7fff9a140000 r-xp 00000000 00:00 0                          [vdso]
ffffffffff600000-ffffffffff601000 r-xp 00000000 00:00 0                  [vsyscall]

VM Arguments:
jvm_args: -Dfile.encoding=UTF-8 
java_command: chronos.Main
Launcher Type: SUN_STANDARD

Environment Variables:
JAVA_HOME=/etc/java-config-2/current-system-vm
PATH=/usr/local/bin:/usr/bin:/bin:/opt/bin:/usr/x86_64-pc-linux-gnu/avr/gcc-bin/4.4.4:/usr/x86_64-pc-linux-gnu/mingw32/gcc-bin/4.4.4:/usr/x86_64-pc-linux-gnu/gcc-bin/4.4.4:/usr/games/bin
LD_LIBRARY_PATH=/opt/sun-jdk-1.6.0.21/jre/lib/amd64/server:/opt/sun-jdk-1.6.0.21/jre/lib/amd64:/opt/sun-jdk-1.6.0.21/jre/../lib/amd64
SHELL=/bin/zsh
DISPLAY=:0.0

Signal Handlers:
SIGSEGV: [libjvm.so+0x7311c0], sa_mask[0]=0x7ffbfeff, sa_flags=0x10000004
SIGBUS: [libjvm.so+0x7311c0], sa_mask[0]=0x7ffbfeff, sa_flags=0x10000004
SIGFPE: [libjvm.so+0x5f5da0], sa_mask[0]=0x7ffbfeff, sa_flags=0x10000004
SIGPIPE: [libjvm.so+0x5f5da0], sa_mask[0]=0x7ffbfeff, sa_flags=0x10000004
SIGXFSZ: [libjvm.so+0x5f5da0], sa_mask[0]=0x7ffbfeff, sa_flags=0x10000004
SIGILL: [libjvm.so+0x5f5da0], sa_mask[0]=0x7ffbfeff, sa_flags=0x10000004
SIGUSR1: SIG_DFL, sa_mask[0]=0x00000000, sa_flags=0x00000000
SIGUSR2: [libjvm.so+0x5f85c0], sa_mask[0]=0x00000004, sa_flags=0x10000004
SIGHUP: [libjvm.so+0x5f8310], sa_mask[0]=0x7ffbfeff, sa_flags=0x10000004
SIGINT: SIG_IGN, sa_mask[0]=0x00000000, sa_flags=0x00000000
SIGTERM: [libjvm.so+0x5f8310], sa_mask[0]=0x7ffbfeff, sa_flags=0x10000004
SIGQUIT: [libjvm.so+0x5f8310], sa_mask[0]=0x7ffbfeff, sa_flags=0x10000004


---------------  S Y S T E M  ---------------

OS:Gentoo Base System release 2.0.1

uname:Linux 2.6.33-gentoo-r2 #1 SMP Tue May 18 16:29:47 CEST 2010 x86_64
libc:glibc 2.12.1 NPTL 2.12.1 
rlimit: STACK 8192k, CORE 0k, NPROC 30556, NOFILE 1024, AS infinity
load average:0.42 0.21 0.16

CPU:total 2 (2 cores per cpu, 1 threads per core) family 6 model 15 stepping 13, cmov, cx8, fxsr, mmx, sse, sse2, sse3, ssse3

Memory: 4k page, physical 3948288k(1748092k free), swap 0k(0k free)

vm_info: Java HotSpot(TM) 64-Bit Server VM (17.0-b16) for linux-amd64 JRE (1.6.0_21-b06), built on Jun 22 2010 01:10:00 by "java_re" with gcc 3.2.2 (SuSE Linux)

time: Mon Jan 17 12:12:28 2011
elapsed time: 5 seconds

