#
# A fatal error has been detected by the Java Runtime Environment:
#
#  SIGSEGV (0xb) at pc=0x00007f28be8d0b08, pid=10586, tid=139812975507216
#
# JRE version: 6.0_21-b06
# Java VM: Java HotSpot(TM) 64-Bit Server VM (17.0-b16 mixed mode linux-amd64 )
# Problematic frame:
# C  [librxtxSerial.so+0x8b08]  read_byte_array+0x48
#
# If you would like to submit a bug report, please visit:
#   http://java.sun.com/webapps/bugreport/crash.jsp
# The crash happened outside the Java Virtual Machine in native code.
# See problematic frame for where to report the bug.
#

---------------  T H R E A D  ---------------

Current thread (0x00007f28b803e000):  JavaThread "AWT-EventQueue-0" [_thread_in_native, id=10605, stack(0x00007f28bead7000,0x00007f28bebd8000)]

siginfo:si_signo=SIGSEGV: si_errno=0, si_code=1 (SEGV_MAPERR), si_addr=0xffffffffbdfd3648

Registers:
RAX=0xffffffffbdfd3640, RBX=0x00007f28b803e1c8, RCX=0x0000000000000001, RDX=0x00007f290d02b000
RSP=0x00007f28bebd55e0, RBP=0x00000000ffffffff, RSI=0x00007f28be8d2ad2, RDI=0x00007f28be8d29ca
R8 =0x0000000000000ffc, R9 =0x00007f290c5312b8, R10=0x00007f290c535058, R11=0x00007f290c528b20
R12=0x0000000000000003, R13=0x0000000042295520, R14=0x0000000000000000, R15=0x0000000000000010
RIP=0x00007f28be8d0b08, EFL=0x0000000000010286, CSGSFS=0x0000000000000033, ERR=0x0000000000000005
  TRAPNO=0x000000000000000e

Top of Stack: (sp=0x00007f28bebd55e0)
0x00007f28bebd55e0:   0000000000000020 00000000422a3448
0x00007f28bebd55f0:   00007f290c9ebec8 000000030bff1459
0x00007f28bebd5600:   0000001000000003 000000024208d628
0x00007f28bebd5610:   00007f28be8c9be8 0000000042295520
0x00007f28bebd5620:   0000000000000000 000000000efd6099
0x00007f28bebd5630:   ffffffffbdfd3640 0000000000000005
0x00007f28bebd5640:   000000000020e068 0000000000000000
0x00007f28bebd5650:   0000000000000000 0000000000000010
0x00007f28bebd5660:   00007f28be8c8000 00007f290ce1e712
0x00007f28bebd5670:   00007f2800000005 0000000000000000
0x00007f28bebd5680:   0000000000000003 00007f28be8c9be8
0x00007f28bebd5690:   0000000000000010 00007f28b803e1c8
0x00007f28bebd56a0:   00007f28bebd57f8 0000000000000003
0x00007f28bebd56b0:   0000000042295520 00007f290ce24825
0x00007f28bebd56c0:   0000000042295520 0000000042295520
0x00007f28bebd56d0:   0000000000000010 00007f28b803e1c8
0x00007f28bebd56e0:   00007f28bebd57f8 0000000000000003
0x00007f28bebd56f0:   0000000042295520 0000000000000000
0x00007f28bebd5700:   0000000000000010 00007f28be8d0fa2
0x00007f28bebd5710:   ffffffffffffffff 00007f28bebd5800
0x00007f28bebd5720:   00007f28b803e000 00007f28c6a1f060
0x00007f28bebd5730:   00007f28bebd57c8 00007f28c7005698
0x00007f28bebd5740:   00007f28c6a1f058 00007f28bebd5800
0x00007f28bebd5750:   00007f28b803e000 00007f29079d2c88
0x00007f28bebd5760:   00007f28b803e300 00007f28b803e000
0x00007f28bebd5770:   0000000042120d50 0000000042121128
0x00007f28bebd5780:   00007f28b803e000 00007f28bebd5788
0x00007f28bebd5790:   00007f28c6a1f058 00007f28bebd5800
0x00007f28bebd57a0:   00007f28c71a3878 0000000000000000
0x00007f28bebd57b0:   00007f28c6a1f060 0000000000000000
0x00007f28bebd57c0:   00007f28bebd57e8 00007f28bebd5858
0x00007f28bebd57d0:   00007f29079c792e 0000000000000000 

Instructions: (pc=0x00007f28be8d0b08)
0x00007f28be8d0af8:   48 c7 44 24 40 00 00 00 00 48 89 44 24 50 85 ed
0x00007f28be8d0b08:   8b 40 08 48 8b 54 24 50 89 44 24 5c c7 42 08 00 

Stack: [0x00007f28bead7000,0x00007f28bebd8000],  sp=0x00007f28bebd55e0,  free space=3f90000000000000018k
Native frames: (J=compiled Java code, j=interpreted, Vv=VM code, C=native code)
C  [librxtxSerial.so+0x8b08]  read_byte_array+0x48

Java frames: (J=compiled Java code, j=interpreted, Vv=VM code)
j  gnu.io.RXTXPort.readArray([BII)I+0
j  gnu.io.RXTXPort$SerialInputStream.read([BII)I+187
j  gnu.io.RXTXPort$SerialInputStream.read([B)I+38
j  chronos.Connection.read()[B+9
j  chronos.Connection.dumpRead()V+1
j  chronos.Connection.getData()V+10
j  chronos.Controller.sync()V+25
j  chronos.gui.MainFrame.syncButtonActionPerformed(Ljava/awt/event/ActionEvent;)V+3
j  chronos.gui.MainFrame.access$100(Lchronos/gui/MainFrame;Ljava/awt/event/ActionEvent;)V+2
j  chronos.gui.MainFrame$2.actionPerformed(Ljava/awt/event/ActionEvent;)V+5
j  javax.swing.AbstractButton.fireActionPerformed(Ljava/awt/event/ActionEvent;)V+84
j  javax.swing.AbstractButton$Handler.actionPerformed(Ljava/awt/event/ActionEvent;)V+5
j  javax.swing.DefaultButtonModel.fireActionPerformed(Ljava/awt/event/ActionEvent;)V+35
j  javax.swing.DefaultButtonModel.setPressed(Z)V+117
j  javax.swing.plaf.basic.BasicButtonListener.mouseReleased(Ljava/awt/event/MouseEvent;)V+35
j  java.awt.Component.processMouseEvent(Ljava/awt/event/MouseEvent;)V+64
j  javax.swing.JComponent.processMouseEvent(Ljava/awt/event/MouseEvent;)V+23
j  java.awt.Component.processEvent(Ljava/awt/AWTEvent;)V+81
j  java.awt.Container.processEvent(Ljava/awt/AWTEvent;)V+18
j  java.awt.Component.dispatchEventImpl(Ljava/awt/AWTEvent;)V+566
j  java.awt.Container.dispatchEventImpl(Ljava/awt/AWTEvent;)V+42
j  java.awt.Component.dispatchEvent(Ljava/awt/AWTEvent;)V+2
j  java.awt.LightweightDispatcher.retargetMouseEvent(Ljava/awt/Component;ILjava/awt/event/MouseEvent;)V+320
j  java.awt.LightweightDispatcher.processMouseEvent(Ljava/awt/event/MouseEvent;)Z+139
j  java.awt.LightweightDispatcher.dispatchEvent(Ljava/awt/AWTEvent;)Z+50
j  java.awt.Container.dispatchEventImpl(Ljava/awt/AWTEvent;)V+12
j  java.awt.Window.dispatchEventImpl(Ljava/awt/AWTEvent;)V+19
j  java.awt.Component.dispatchEvent(Ljava/awt/AWTEvent;)V+2
j  java.awt.EventQueue.dispatchEvent(Ljava/awt/AWTEvent;)V+46
j  java.awt.EventDispatchThread.pumpOneEventForFilters(I)Z+204
j  java.awt.EventDispatchThread.pumpEventsForFilter(ILjava/awt/Conditional;Ljava/awt/EventFilter;)V+30
j  java.awt.EventDispatchThread.pumpEventsForHierarchy(ILjava/awt/Conditional;Ljava/awt/Component;)V+11
j  java.awt.EventDispatchThread.pumpEvents(ILjava/awt/Conditional;)V+4
j  java.awt.EventDispatchThread.pumpEvents(Ljava/awt/Conditional;)V+3
j  java.awt.EventDispatchThread.run()V+9
v  ~StubRoutines::call_stub

---------------  P R O C E S S  ---------------

Java Threads: ( => current thread )
  0x0000000042305800 JavaThread "Thread-1" [_thread_in_native, id=10612, stack(0x00007f28bded4000,0x00007f28bdfd5000)]
  0x000000004230e000 JavaThread "TimerQueue" daemon [_thread_blocked, id=10608, stack(0x00007f28bdfd5000,0x00007f28be0d6000)]
  0x0000000042406800 JavaThread "Image Fetcher 1" daemon [_thread_blocked, id=10607, stack(0x00007f28be6c6000,0x00007f28be7c7000)]
  0x0000000042358800 JavaThread "Image Fetcher 0" daemon [_thread_blocked, id=10606, stack(0x00007f28be7c7000,0x00007f28be8c8000)]
  0x00007f28b803f800 JavaThread "DestroyJavaVM" [_thread_blocked, id=10590, stack(0x00007f290b860000,0x00007f290b961000)]
=>0x00007f28b803e000 JavaThread "AWT-EventQueue-0" [_thread_in_native, id=10605, stack(0x00007f28bead7000,0x00007f28bebd8000)]
  0x00007f28b803c800 JavaThread "AWT-Shutdown" [_thread_blocked, id=10604, stack(0x00007f28bee85000,0x00007f28bef86000)]
  0x00007f28b803b800 JavaThread "AWT-XAWT" daemon [_thread_in_native, id=10603, stack(0x00007f28bef86000,0x00007f28bf087000)]
  0x00007f28c00ea000 JavaThread "Java2D Disposer" daemon [_thread_blocked, id=10601, stack(0x00007f28bf6c7000,0x00007f28bf7c8000)]
  0x00007f28c0070000 JavaThread "Low Memory Detector" daemon [_thread_blocked, id=10599, stack(0x00007f28c4d73000,0x00007f28c4e74000)]
  0x00007f28c006d800 JavaThread "CompilerThread1" daemon [_thread_blocked, id=10598, stack(0x00007f28c4e74000,0x00007f28c4f75000)]
  0x00007f28c006a800 JavaThread "CompilerThread0" daemon [_thread_blocked, id=10597, stack(0x00007f28c4f75000,0x00007f28c5076000)]
  0x00007f28c0068000 JavaThread "Signal Dispatcher" daemon [_thread_blocked, id=10596, stack(0x00007f28c5076000,0x00007f28c5177000)]
  0x00007f28c0049800 JavaThread "Finalizer" daemon [_thread_blocked, id=10595, stack(0x00007f28c544c000,0x00007f28c554d000)]
  0x00007f28c0047800 JavaThread "Reference Handler" daemon [_thread_blocked, id=10594, stack(0x00007f28c554d000,0x00007f28c564e000)]

Other Threads:
  0x00007f28c0043000 VMThread [stack: 0x00007f28c564e000,0x00007f28c574f000] [id=10593]
  0x00007f28c007a800 WatcherThread [stack: 0x00007f28c4c72000,0x00007f28c4d73000] [id=10600]

VM state:not at safepoint (normal execution)

VM Mutex/Monitor currently owned by a thread: None

Heap
 PSYoungGen      total 17984K, used 11494K [0x00007f28f3870000, 0x00007f28f4c80000, 0x00007f29079c0000)
  eden space 15424K, 74% used [0x00007f28f3870000,0x00007f28f43a9aa8,0x00007f28f4780000)
  from space 2560K, 0% used [0x00007f28f4a00000,0x00007f28f4a00000,0x00007f28f4c80000)
  to   space 2560K, 0% used [0x00007f28f4780000,0x00007f28f4780000,0x00007f28f4a00000)
 PSOldGen        total 41152K, used 0K [0x00007f28cb5c0000, 0x00007f28cddf0000, 0x00007f28f3870000)
  object space 41152K, 0% used [0x00007f28cb5c0000,0x00007f28cb5c0000,0x00007f28cddf0000)
 PSPermGen       total 21248K, used 16579K [0x00007f28c61c0000, 0x00007f28c7680000, 0x00007f28cb5c0000)
  object space 21248K, 78% used [0x00007f28c61c0000,0x00007f28c71f0d00,0x00007f28c7680000)

Dynamic libraries:
40000000-40009000 r-xp 00000000 fc:00 2126858                            /opt/sun-jdk-1.6.0.21/bin/java
40108000-4010a000 rwxp 00008000 fc:00 2126858                            /opt/sun-jdk-1.6.0.21/bin/java
42029000-4258b000 rwxp 00000000 00:00 0                                  [heap]
7f28b8000000-7f28b8057000 rwxp 00000000 00:00 0 
7f28b8057000-7f28bc000000 ---p 00000000 00:00 0 
7f28bded4000-7f28bded7000 ---p 00000000 00:00 0 
7f28bded7000-7f28bdfd5000 rwxp 00000000 00:00 0 
7f28bdfd5000-7f28bdfd8000 ---p 00000000 00:00 0 
7f28bdfd8000-7f28be0d6000 rwxp 00000000 00:00 0 
7f28be0d6000-7f28be4a7000 rwxs 00000000 00:04 1116897294                 /SYSV00000000 (deleted)
7f28be4a7000-7f28be4ae000 r-xp 00000000 fc:00 2126917                    /opt/sun-jdk-1.6.0.21/jre/lib/amd64/libnio.so
7f28be4ae000-7f28be5ad000 ---p 00007000 fc:00 2126917                    /opt/sun-jdk-1.6.0.21/jre/lib/amd64/libnio.so
7f28be5ad000-7f28be5af000 rwxp 00006000 fc:00 2126917                    /opt/sun-jdk-1.6.0.21/jre/lib/amd64/libnio.so
7f28be5af000-7f28be5c2000 r-xp 00000000 fc:00 2126928                    /opt/sun-jdk-1.6.0.21/jre/lib/amd64/libnet.so
7f28be5c2000-7f28be6c3000 ---p 00013000 fc:00 2126928                    /opt/sun-jdk-1.6.0.21/jre/lib/amd64/libnet.so
7f28be6c3000-7f28be6c6000 rwxp 00014000 fc:00 2126928                    /opt/sun-jdk-1.6.0.21/jre/lib/amd64/libnet.so
7f28be6c6000-7f28be6c9000 ---p 00000000 00:00 0 
7f28be6c9000-7f28be7c7000 rwxp 00000000 00:00 0 
7f28be7c7000-7f28be7ca000 ---p 00000000 00:00 0 
7f28be7ca000-7f28be8c8000 rwxp 00000000 00:00 0 
7f28be8c8000-7f28be8d6000 r-xp 00000000 fc:00 1894124                    /usr/lib64/rxtx-2/librxtxSerial-2.1-7.so
7f28be8d6000-7f28bead5000 ---p 0000e000 fc:00 1894124                    /usr/lib64/rxtx-2/librxtxSerial-2.1-7.so
7f28bead5000-7f28bead6000 r-xp 0000d000 fc:00 1894124                    /usr/lib64/rxtx-2/librxtxSerial-2.1-7.so
7f28bead6000-7f28bead7000 rwxp 0000e000 fc:00 1894124                    /usr/lib64/rxtx-2/librxtxSerial-2.1-7.so
7f28bead7000-7f28beada000 ---p 00000000 00:00 0 
7f28beada000-7f28bebd8000 rwxp 00000000 00:00 0                          [threadstack:000fcff0]
7f28bebd8000-7f28bebe1000 r-xs 00000000 fc:00 1964158                    /var/cache/fontconfig/87f5e051180a7a75f16eb6fe7dbd3749-le64.cache-3
7f28bebe1000-7f28bebe4000 r-xs 00000000 fc:00 1968492                    /var/cache/fontconfig/f55bbeb01d684dc5b5f7b2c347cc42d9-le64.cache-3
7f28bebe4000-7f28bebe7000 r-xs 00000000 fc:00 1968480                    /var/cache/fontconfig/76fa4b957c916922374347f144bde9da-le64.cache-3
7f28bebe7000-7f28bebef000 r-xs 00000000 fc:00 1968387                    /var/cache/fontconfig/4460665c0f3e88acdd4c85aa2f409b99-le64.cache-3
7f28bebef000-7f28bec05000 r-xs 00000000 fc:00 1968386                    /var/cache/fontconfig/8d4af663993b81a124ee82e610bb31f9-le64.cache-3
7f28bec05000-7f28bed00000 r-xs 00000000 fc:00 1968337                    /var/cache/fontconfig/dddecb0375fed72f4397ef3beff8ac7b-le64.cache-3
7f28bed00000-7f28bed5d000 r-xs 00000000 fc:00 1967229                    /var/cache/fontconfig/17090aa38d5c6f09fb8c5c354938f1d7-le64.cache-3
7f28bed5d000-7f28bedba000 r-xs 00000000 fc:00 1967227                    /var/cache/fontconfig/df311e82a1a24c41a75c2c930223552e-le64.cache-3
7f28bee85000-7f28bee88000 ---p 00000000 00:00 0 
7f28bee88000-7f28bef86000 rwxp 00000000 00:00 0 
7f28bef86000-7f28bef89000 ---p 00000000 00:00 0 
7f28bef89000-7f28bf087000 rwxp 00000000 00:00 0 
7f28bf087000-7f28bf08c000 r-xp 00000000 fc:00 20885                      /usr/lib64/libXfixes.so.3.1.0
7f28bf08c000-7f28bf28b000 ---p 00005000 fc:00 20885                      /usr/lib64/libXfixes.so.3.1.0
7f28bf28b000-7f28bf28c000 r-xp 00004000 fc:00 20885                      /usr/lib64/libXfixes.so.3.1.0
7f28bf28c000-7f28bf28d000 rwxp 00005000 fc:00 20885                      /usr/lib64/libXfixes.so.3.1.0
7f28bf28d000-7f28bf296000 r-xp 00000000 fc:00 20901                      /usr/lib64/libXrender.so.1.3.0
7f28bf296000-7f28bf496000 ---p 00009000 fc:00 20901                      /usr/lib64/libXrender.so.1.3.0
7f28bf496000-7f28bf497000 r-xp 00009000 fc:00 20901                      /usr/lib64/libXrender.so.1.3.0
7f28bf497000-7f28bf498000 rwxp 0000a000 fc:00 20901                      /usr/lib64/libXrender.so.1.3.0
7f28bf498000-7f28bf4a2000 r-xp 00000000 fc:00 2118390                    /usr/lib64/libXcursor.so.1.0.2
7f28bf4a2000-7f28bf6a1000 ---p 0000a000 fc:00 2118390                    /usr/lib64/libXcursor.so.1.0.2
7f28bf6a1000-7f28bf6a2000 r-xp 00009000 fc:00 2118390                    /usr/lib64/libXcursor.so.1.0.2
7f28bf6a2000-7f28bf6a3000 rwxp 0000a000 fc:00 2118390                    /usr/lib64/libXcursor.so.1.0.2
7f28bf6c7000-7f28bf6ca000 ---p 00000000 00:00 0 
7f28bf6ca000-7f28bf7c8000 rwxp 00000000 00:00 0 
7f28bf7c8000-7f28bf7cd000 r-xp 00000000 fc:00 2116044                    /usr/lib64/libXdmcp.so.6.0.0
7f28bf7cd000-7f28bf9cc000 ---p 00005000 fc:00 2116044                    /usr/lib64/libXdmcp.so.6.0.0
7f28bf9cc000-7f28bf9cd000 r-xp 00004000 fc:00 2116044                    /usr/lib64/libXdmcp.so.6.0.0
7f28bf9cd000-7f28bf9ce000 rwxp 00005000 fc:00 2116044                    /usr/lib64/libXdmcp.so.6.0.0
7f28bf9ce000-7f28bf9d0000 r-xp 00000000 fc:00 2115664                    /usr/lib64/libXau.so.6.0.0
7f28bf9d0000-7f28bfbd0000 ---p 00002000 fc:00 2115664                    /usr/lib64/libXau.so.6.0.0
7f28bfbd0000-7f28bfbd1000 r-xp 00002000 fc:00 2115664                    /usr/lib64/libXau.so.6.0.0
7f28bfbd1000-7f28bfbd2000 rwxp 00003000 fc:00 2115664                    /usr/lib64/libXau.so.6.0.0
7f28bfbd2000-7f28bfbef000 r-xp 00000000 fc:00 1976861                    /usr/lib64/libxcb.so.1.1.0
7f28bfbef000-7f28bfdee000 ---p 0001d000 fc:00 1976861                    /usr/lib64/libxcb.so.1.1.0
7f28bfdee000-7f28bfdef000 r-xp 0001c000 fc:00 1976861                    /usr/lib64/libxcb.so.1.1.0
7f28bfdef000-7f28bfdf0000 rwxp 0001d000 fc:00 1976861                    /usr/lib64/libxcb.so.1.1.0
7f28bfdf0000-7f28bfdff000 r-xp 00000000 fc:00 2181465                    /usr/lib64/libXi.so.6.1.0
7f28bfdff000-7f28bfffe000 ---p 0000f000 fc:00 2181465                    /usr/lib64/libXi.so.6.1.0
7f28bfffe000-7f28bffff000 r-xp 0000e000 fc:00 2181465                    /usr/lib64/libXi.so.6.1.0
7f28bffff000-7f28c0000000 rwxp 0000f000 fc:00 2181465                    /usr/lib64/libXi.so.6.1.0
7f28c0000000-7f28c03b1000 rwxp 00000000 00:00 0 
7f28c03b1000-7f28c4000000 ---p 00000000 00:00 0 
7f28c4001000-7f28c4009000 r-xs 00115000 fc:00 2126998                    /opt/sun-jdk-1.6.0.21/jre/lib/resources.jar
7f28c4009000-7f28c400c000 r-xs 00000000 fc:00 1968336                    /var/cache/fontconfig/cfde08ab28ad1d91784abb10973575e3-le64.cache-3
7f28c400c000-7f28c401e000 r-xs 00000000 fc:00 1968312                    /var/cache/fontconfig/221fd1126b80b777db535aea535e87ba-le64.cache-3
7f28c401e000-7f28c4028000 r-xs 00000000 fc:00 1962731                    /var/cache/fontconfig/0ab7af1fb3bdf18d804b641fb2a04792-le64.cache-3
7f28c4028000-7f28c40a6000 r-xp 00000000 fc:00 2126915                    /opt/sun-jdk-1.6.0.21/jre/lib/amd64/libfontmanager.so
7f28c40a6000-7f28c41a5000 ---p 0007e000 fc:00 2126915                    /opt/sun-jdk-1.6.0.21/jre/lib/amd64/libfontmanager.so
7f28c41a5000-7f28c41bb000 rwxp 0007d000 fc:00 2126915                    /opt/sun-jdk-1.6.0.21/jre/lib/amd64/libfontmanager.so
7f28c41bb000-7f28c41cc000 rwxp 00000000 00:00 0 
7f28c41cc000-7f28c41d1000 r-xp 00000000 fc:00 2120114                    /usr/lib64/libXtst.so.6.1.0
7f28c41d1000-7f28c43d1000 ---p 00005000 fc:00 2120114                    /usr/lib64/libXtst.so.6.1.0
7f28c43d1000-7f28c43d2000 r-xp 00005000 fc:00 2120114                    /usr/lib64/libXtst.so.6.1.0
7f28c43d2000-7f28c43d3000 rwxp 00006000 fc:00 2120114                    /usr/lib64/libXtst.so.6.1.0
7f28c43d3000-7f28c450a000 r-xp 00000000 fc:00 598486                     /usr/lib64/libX11.so.6.3.0
7f28c450a000-7f28c470a000 ---p 00137000 fc:00 598486                     /usr/lib64/libX11.so.6.3.0
7f28c470a000-7f28c470b000 r-xp 00137000 fc:00 598486                     /usr/lib64/libX11.so.6.3.0
7f28c470b000-7f28c4710000 rwxp 00138000 fc:00 598486                     /usr/lib64/libX11.so.6.3.0
7f28c4710000-7f28c4721000 r-xp 00000000 fc:00 2117703                    /usr/lib64/libXext.so.6.4.0
7f28c4721000-7f28c4921000 ---p 00011000 fc:00 2117703                    /usr/lib64/libXext.so.6.4.0
7f28c4921000-7f28c4922000 r-xp 00011000 fc:00 2117703                    /usr/lib64/libXext.so.6.4.0
7f28c4922000-7f28c4923000 rwxp 00012000 fc:00 2117703                    /usr/lib64/libXext.so.6.4.0
7f28c4925000-7f28c492e000 r-xs 00000000 fc:00 1968055                    /var/cache/fontconfig/12b26b760a24f8b4feb03ad48a333a72-le64.cache-3
7f28c492e000-7f28c4947000 r-xs 00000000 fc:00 1968031                    /var/cache/fontconfig/4b5cf4386f1cde02a336ba961b4ac82d-le64.cache-3
7f28c4947000-7f28c4989000 r-xp 00000000 fc:00 2126954                    /opt/sun-jdk-1.6.0.21/jre/lib/amd64/xawt/libmawt.so
7f28c4989000-7f28c4a88000 ---p 00042000 fc:00 2126954                    /opt/sun-jdk-1.6.0.21/jre/lib/amd64/xawt/libmawt.so
7f28c4a88000-7f28c4a93000 rwxp 00041000 fc:00 2126954                    /opt/sun-jdk-1.6.0.21/jre/lib/amd64/xawt/libmawt.so
7f28c4a93000-7f28c4a95000 rwxp 00000000 00:00 0 
7f28c4a95000-7f28c4b27000 r-xp 00000000 fc:00 2126966                    /opt/sun-jdk-1.6.0.21/jre/lib/amd64/libawt.so
7f28c4b27000-7f28c4c26000 ---p 00092000 fc:00 2126966                    /opt/sun-jdk-1.6.0.21/jre/lib/amd64/libawt.so
7f28c4c26000-7f28c4c3f000 rwxp 00091000 fc:00 2126966                    /opt/sun-jdk-1.6.0.21/jre/lib/amd64/libawt.so
7f28c4c3f000-7f28c4c64000 rwxp 00000000 00:00 0 
7f28c4c64000-7f28c4c65000 r-xs 0000f000 fc:00 809074                     /home/dustin/chronos-clock/gui/libs/UmlGraph-5.3.jar
7f28c4c65000-7f28c4c69000 r-xs 0001f000 fc:00 815326                     /home/dustin/chronos-clock/gui/libs/jCharts-0.7.5.jar
7f28c4c69000-7f28c4c70000 r-xs 00094000 fc:00 815325                     /home/dustin/chronos-clock/gui/libs/beansbinding-1.2.1.jar
7f28c4c70000-7f28c4c72000 r-xs 0000d000 fc:00 1894115                    /usr/share/rxtx-2/lib/RXTXcomm.jar
7f28c4c72000-7f28c4c73000 ---p 00000000 00:00 0 
7f28c4c73000-7f28c4d73000 rwxp 00000000 00:00 0 
7f28c4d73000-7f28c4d76000 ---p 00000000 00:00 0 
7f28c4d76000-7f28c4e74000 rwxp 00000000 00:00 0 
7f28c4e74000-7f28c4e77000 ---p 00000000 00:00 0 
7f28c4e77000-7f28c4f75000 rwxp 00000000 00:00 0 
7f28c4f75000-7f28c4f78000 ---p 00000000 00:00 0 
7f28c4f78000-7f28c5076000 rwxp 00000000 00:00 0 
7f28c5076000-7f28c5079000 ---p 00000000 00:00 0 
7f28c5079000-7f28c5177000 rwxp 00000000 00:00 0 
7f28c5177000-7f28c544c000 r-xp 00000000 fc:00 269829                     /usr/lib64/locale/locale-archive
7f28c544c000-7f28c544f000 ---p 00000000 00:00 0 
7f28c544f000-7f28c554d000 rwxp 00000000 00:00 0 
7f28c554d000-7f28c5550000 ---p 00000000 00:00 0 
7f28c5550000-7f28c564e000 rwxp 00000000 00:00 0 
7f28c564e000-7f28c564f000 ---p 00000000 00:00 0 
7f28c564f000-7f28c5a86000 rwxp 00000000 00:00 0 
7f28c5a86000-7f28c5c1d000 r-xs 03014000 fc:00 2126975                    /opt/sun-jdk-1.6.0.21/jre/lib/rt.jar
7f28c5c1d000-7f28c5c45000 rwxp 00000000 00:00 0 
7f28c5c45000-7f28c5c46000 ---p 00000000 00:00 0 
7f28c5c46000-7f28c5d46000 rwxp 00000000 00:00 0 
7f28c5d46000-7f28c5d47000 ---p 00000000 00:00 0 
7f28c5d47000-7f28c5e52000 rwxp 00000000 00:00 0 
7f28c5e52000-7f28c5e71000 rwxp 00000000 00:00 0 
7f28c5e71000-7f28c5e86000 rwxp 00000000 00:00 0 
7f28c5e86000-7f28c5fb3000 rwxp 00000000 00:00 0 
7f28c5fb3000-7f28c5fbe000 rwxp 00000000 00:00 0 
7f28c5fbe000-7f28c5fdd000 rwxp 00000000 00:00 0 
7f28c5fdd000-7f28c5ff2000 rwxp 00000000 00:00 0 
7f28c5ff2000-7f28c611e000 rwxp 00000000 00:00 0 
7f28c611e000-7f28c6129000 rwxp 00000000 00:00 0 
7f28c6129000-7f28c61bf000 rwxp 00000000 00:00 0 
7f28c61bf000-7f28c7680000 rwxp 00000000 00:00 0 
7f28c7680000-7f28cb5c0000 rwxp 00000000 00:00 0 
7f28cb5c0000-7f28cddf0000 rwxp 00000000 00:00 0 
7f28cddf0000-7f28f3870000 rwxp 00000000 00:00 0 
7f28f3870000-7f28f4c80000 rwxp 00000000 00:00 0 
7f28f4c80000-7f29079c0000 rwxp 00000000 00:00 0 
7f29079c2000-7f2907c32000 rwxp 00000000 00:00 0 
7f2907c32000-7f290a9c2000 rwxp 00000000 00:00 0 
7f290a9c2000-7f290a9d0000 r-xp 00000000 fc:00 2126936                    /opt/sun-jdk-1.6.0.21/jre/lib/amd64/libzip.so
7f290a9d0000-7f290aad2000 ---p 0000e000 fc:00 2126936                    /opt/sun-jdk-1.6.0.21/jre/lib/amd64/libzip.so
7f290aad2000-7f290aad5000 rwxp 00010000 fc:00 2126936                    /opt/sun-jdk-1.6.0.21/jre/lib/amd64/libzip.so
7f290aad5000-7f290aad6000 rwxp 00000000 00:00 0 
7f290aad6000-7f290aae1000 r-xp 00000000 fc:00 608267                     /lib64/libnss_files-2.12.1.so
7f290aae1000-7f290ace1000 ---p 0000b000 fc:00 608267                     /lib64/libnss_files-2.12.1.so
7f290ace1000-7f290ace2000 r-xp 0000b000 fc:00 608267                     /lib64/libnss_files-2.12.1.so
7f290ace2000-7f290ace3000 rwxp 0000c000 fc:00 608267                     /lib64/libnss_files-2.12.1.so
7f290ace3000-7f290aced000 r-xp 00000000 fc:00 608377                     /lib64/libnss_nis-2.12.1.so
7f290aced000-7f290aeec000 ---p 0000a000 fc:00 608377                     /lib64/libnss_nis-2.12.1.so
7f290aeec000-7f290aeed000 r-xp 00009000 fc:00 608377                     /lib64/libnss_nis-2.12.1.so
7f290aeed000-7f290aeee000 rwxp 0000a000 fc:00 608377                     /lib64/libnss_nis-2.12.1.so
7f290aeee000-7f290aef5000 r-xp 00000000 fc:00 608421                     /lib64/libnss_compat-2.12.1.so
7f290aef5000-7f290b0f4000 ---p 00007000 fc:00 608421                     /lib64/libnss_compat-2.12.1.so
7f290b0f4000-7f290b0f5000 r-xp 00006000 fc:00 608421                     /lib64/libnss_compat-2.12.1.so
7f290b0f5000-7f290b0f6000 rwxp 00007000 fc:00 608421                     /lib64/libnss_compat-2.12.1.so
7f290b0f6000-7f290b0fd000 r-xp 00000000 fc:00 2126944                    /opt/sun-jdk-1.6.0.21/jre/lib/amd64/native_threads/libhpi.so
7f290b0fd000-7f290b1fe000 ---p 00007000 fc:00 2126944                    /opt/sun-jdk-1.6.0.21/jre/lib/amd64/native_threads/libhpi.so
7f290b1fe000-7f290b200000 rwxp 00008000 fc:00 2126944                    /opt/sun-jdk-1.6.0.21/jre/lib/amd64/native_threads/libhpi.so
7f290b200000-7f290b201000 rwxp 00000000 00:00 0 
7f290b201000-7f290b216000 r-xp 00000000 fc:00 605566                     /lib64/libnsl-2.12.1.so
7f290b216000-7f290b415000 ---p 00015000 fc:00 605566                     /lib64/libnsl-2.12.1.so
7f290b415000-7f290b416000 r-xp 00014000 fc:00 605566                     /lib64/libnsl-2.12.1.so
7f290b416000-7f290b417000 rwxp 00015000 fc:00 605566                     /lib64/libnsl-2.12.1.so
7f290b417000-7f290b419000 rwxp 00000000 00:00 0 
7f290b419000-7f290b441000 r-xp 00000000 fc:00 2126938                    /opt/sun-jdk-1.6.0.21/jre/lib/amd64/libjava.so
7f290b441000-7f290b541000 ---p 00028000 fc:00 2126938                    /opt/sun-jdk-1.6.0.21/jre/lib/amd64/libjava.so
7f290b541000-7f290b548000 rwxp 00028000 fc:00 2126938                    /opt/sun-jdk-1.6.0.21/jre/lib/amd64/libjava.so
7f290b548000-7f290b555000 r-xp 00000000 fc:00 2126951                    /opt/sun-jdk-1.6.0.21/jre/lib/amd64/libverify.so
7f290b555000-7f290b654000 ---p 0000d000 fc:00 2126951                    /opt/sun-jdk-1.6.0.21/jre/lib/amd64/libverify.so
7f290b654000-7f290b657000 rwxp 0000c000 fc:00 2126951                    /opt/sun-jdk-1.6.0.21/jre/lib/amd64/libverify.so
7f290b657000-7f290b65f000 r-xp 00000000 fc:00 608417                     /lib64/librt-2.12.1.so
7f290b65f000-7f290b85e000 ---p 00008000 fc:00 608417                     /lib64/librt-2.12.1.so
7f290b85e000-7f290b85f000 r-xp 00007000 fc:00 608417                     /lib64/librt-2.12.1.so
7f290b85f000-7f290b860000 rwxp 00008000 fc:00 608417                     /lib64/librt-2.12.1.so
7f290b860000-7f290b863000 ---p 00000000 00:00 0 
7f290b863000-7f290b961000 rwxp 00000000 00:00 0 
7f290b961000-7f290b9e1000 r-xp 00000000 fc:00 605498                     /lib64/libm-2.12.1.so
7f290b9e1000-7f290bbe0000 ---p 00080000 fc:00 605498                     /lib64/libm-2.12.1.so
7f290bbe0000-7f290bbe1000 r-xp 0007f000 fc:00 605498                     /lib64/libm-2.12.1.so
7f290bbe1000-7f290bbe2000 rwxp 00080000 fc:00 605498                     /lib64/libm-2.12.1.so
7f290bbe2000-7f290c3bc000 r-xp 00000000 fc:00 2126923                    /opt/sun-jdk-1.6.0.21/jre/lib/amd64/server/libjvm.so
7f290c3bc000-7f290c4be000 ---p 007da000 fc:00 2126923                    /opt/sun-jdk-1.6.0.21/jre/lib/amd64/server/libjvm.so
7f290c4be000-7f290c64f000 rwxp 007dc000 fc:00 2126923                    /opt/sun-jdk-1.6.0.21/jre/lib/amd64/server/libjvm.so
7f290c64f000-7f290c68a000 rwxp 00000000 00:00 0 
7f290c68a000-7f290c7e6000 r-xp 00000000 fc:00 608320                     /lib64/libc-2.12.1.so
7f290c7e6000-7f290c9e6000 ---p 0015c000 fc:00 608320                     /lib64/libc-2.12.1.so
7f290c9e6000-7f290c9ea000 r-xp 0015c000 fc:00 608320                     /lib64/libc-2.12.1.so
7f290c9ea000-7f290c9eb000 rwxp 00160000 fc:00 608320                     /lib64/libc-2.12.1.so
7f290c9eb000-7f290c9f0000 rwxp 00000000 00:00 0 
7f290c9f0000-7f290c9f2000 r-xp 00000000 fc:00 608648                     /lib64/libdl-2.12.1.so
7f290c9f2000-7f290cbf2000 ---p 00002000 fc:00 608648                     /lib64/libdl-2.12.1.so
7f290cbf2000-7f290cbf3000 r-xp 00002000 fc:00 608648                     /lib64/libdl-2.12.1.so
7f290cbf3000-7f290cbf4000 rwxp 00003000 fc:00 608648                     /lib64/libdl-2.12.1.so
7f290cbf4000-7f290cc0b000 r-xp 00000000 fc:00 608286                     /lib64/libpthread-2.12.1.so
7f290cc0b000-7f290ce0b000 ---p 00017000 fc:00 608286                     /lib64/libpthread-2.12.1.so
7f290ce0b000-7f290ce0c000 r-xp 00017000 fc:00 608286                     /lib64/libpthread-2.12.1.so
7f290ce0c000-7f290ce0d000 rwxp 00018000 fc:00 608286                     /lib64/libpthread-2.12.1.so
7f290ce0d000-7f290ce11000 rwxp 00000000 00:00 0 
7f290ce11000-7f290ce2f000 r-xp 00000000 fc:00 608530                     /lib64/ld-2.12.1.so
7f290ce30000-7f290ce31000 rwxp 00000000 00:00 0 
7f290ce31000-7f290ce36000 r-xs 00000000 fc:00 1968329                    /var/cache/fontconfig/a336a40326b5f097d6a660e43ed65741-le64.cache-3
7f290ce36000-7f290ce3b000 r-xs 00000000 fc:00 1968030                    /var/cache/fontconfig/374b958dfa195bf54eaa9332f068d728-le64.cache-3
7f290ce3b000-7f290ce45000 rwxp 00000000 00:00 0 
7f290ce45000-7f290cefb000 rwxp 00000000 00:00 0 
7f290cefb000-7f290cefe000 rwxp 00000000 00:00 0 
7f290cefe000-7f290cf05000 r-xp 00000000 fc:00 2126933                    /opt/sun-jdk-1.6.0.21/jre/lib/amd64/jli/libjli.so
7f290cf05000-7f290d006000 ---p 00007000 fc:00 2126933                    /opt/sun-jdk-1.6.0.21/jre/lib/amd64/jli/libjli.so
7f290d006000-7f290d008000 rwxp 00008000 fc:00 2126933                    /opt/sun-jdk-1.6.0.21/jre/lib/amd64/jli/libjli.so
7f290d008000-7f290d009000 rwxp 00000000 00:00 0 
7f290d009000-7f290d00d000 r-xs 00000000 fc:00 1968334                    /var/cache/fontconfig/a595ca43be94766bbfe429f07fba82d0-le64.cache-3
7f290d00d000-7f290d011000 r-xs 00000000 fc:00 1968029                    /var/cache/fontconfig/32131d65b812eea3c64a5be9e545fb09-le64.cache-3
7f290d011000-7f290d018000 r-xs 00000000 fc:00 1967995                    /var/cache/fontconfig/d62e99ef547d1d24cdb1bd22ec1a2976-le64.cache-3
7f290d018000-7f290d01c000 r-xs 00000000 fc:00 1964292                    /var/cache/fontconfig/f6b893a7224233d96cb72fd88691c0b4-le64.cache-3
7f290d01c000-7f290d023000 r-xs 00000000 fc:00 1967966                    /var/cache/fontconfig/f349e9996a5320f6dd491cedd2b1f964-le64.cache-3
7f290d023000-7f290d02b000 rwxs 00000000 fc:00 686364                     /tmp/hsperfdata_dustin/10586
7f290d02b000-7f290d02c000 rwxp 00000000 00:00 0 
7f290d02c000-7f290d02d000 r-xp 00000000 00:00 0 
7f290d02d000-7f290d02e000 rwxp 00000000 00:00 0 
7f290d02e000-7f290d02f000 r-xp 0001d000 fc:00 608530                     /lib64/ld-2.12.1.so
7f290d02f000-7f290d030000 rwxp 0001e000 fc:00 608530                     /lib64/ld-2.12.1.so
7f290d030000-7f290d031000 rwxp 00000000 00:00 0 
7fffd4a41000-7fffd4a56000 rwxp 00000000 00:00 0                          [stack]
7fffd4b55000-7fffd4b56000 r-xp 00000000 00:00 0                          [vdso]
ffffffffff600000-ffffffffff601000 r-xp 00000000 00:00 0                  [vsyscall]

VM Arguments:
jvm_args: -Dfile.encoding=UTF-8 
java_command: chronos.Main
Launcher Type: SUN_STANDARD

Environment Variables:
JAVA_HOME=/etc/java-config-2/current-system-vm
PATH=/usr/local/bin:/usr/bin:/bin:/opt/bin:/usr/x86_64-pc-linux-gnu/avr/gcc-bin/4.4.4:/usr/x86_64-pc-linux-gnu/mingw32/gcc-bin/4.4.4:/usr/x86_64-pc-linux-gnu/gcc-bin/4.4.4:/usr/games/bin
LD_LIBRARY_PATH=/opt/sun-jdk-1.6.0.21/jre/lib/amd64/server:/opt/sun-jdk-1.6.0.21/jre/lib/amd64:/opt/sun-jdk-1.6.0.21/jre/../lib/amd64
SHELL=/bin/zsh
DISPLAY=:0.0

Signal Handlers:
SIGSEGV: [libjvm.so+0x7311c0], sa_mask[0]=0x7ffbfeff, sa_flags=0x10000004
SIGBUS: [libjvm.so+0x7311c0], sa_mask[0]=0x7ffbfeff, sa_flags=0x10000004
SIGFPE: [libjvm.so+0x5f5da0], sa_mask[0]=0x7ffbfeff, sa_flags=0x10000004
SIGPIPE: [libjvm.so+0x5f5da0], sa_mask[0]=0x7ffbfeff, sa_flags=0x10000004
SIGXFSZ: [libjvm.so+0x5f5da0], sa_mask[0]=0x7ffbfeff, sa_flags=0x10000004
SIGILL: [libjvm.so+0x5f5da0], sa_mask[0]=0x7ffbfeff, sa_flags=0x10000004
SIGUSR1: SIG_DFL, sa_mask[0]=0x00000000, sa_flags=0x00000000
SIGUSR2: [libjvm.so+0x5f85c0], sa_mask[0]=0x00000004, sa_flags=0x10000004
SIGHUP: [libjvm.so+0x5f8310], sa_mask[0]=0x7ffbfeff, sa_flags=0x10000004
SIGINT: SIG_IGN, sa_mask[0]=0x00000000, sa_flags=0x00000000
SIGTERM: [libjvm.so+0x5f8310], sa_mask[0]=0x7ffbfeff, sa_flags=0x10000004
SIGQUIT: [libjvm.so+0x5f8310], sa_mask[0]=0x7ffbfeff, sa_flags=0x10000004


---------------  S Y S T E M  ---------------

OS:Gentoo Base System release 2.0.1

uname:Linux 2.6.33-gentoo-r2 #1 SMP Tue May 18 16:29:47 CEST 2010 x86_64
libc:glibc 2.12.1 NPTL 2.12.1 
rlimit: STACK 8192k, CORE 0k, NPROC 30556, NOFILE 1024, AS infinity
load average:0.17 0.20 0.17

CPU:total 2 (2 cores per cpu, 1 threads per core) family 6 model 15 stepping 13, cmov, cx8, fxsr, mmx, sse, sse2, sse3, ssse3

Memory: 4k page, physical 3948288k(1725432k free), swap 0k(0k free)

vm_info: Java HotSpot(TM) 64-Bit Server VM (17.0-b16) for linux-amd64 JRE (1.6.0_21-b06), built on Jun 22 2010 01:10:00 by "java_re" with gcc 3.2.2 (SuSE Linux)

time: Mon Jan 17 12:16:56 2011
elapsed time: 3 seconds

